2020-04-14 18:07:36,695 [1] INFO  SingleSignOn.Startup - ======================================================
2020-04-14 18:07:36,696 [1] INFO  SingleSignOn.Startup - SingleSignOn is starting up
2020-04-14 18:07:36,697 [1] INFO  SingleSignOn.Startup - ======================================================
2020-04-14 18:07:36,805 [1] INFO  SingleSignOn.Startup - ======================================================
2020-04-14 18:07:36,806 [1] INFO  SingleSignOn.Startup - SingleSignOn is successfully configured
2020-04-14 18:07:36,807 [1] INFO  SingleSignOn.Startup - ======================================================
2020-04-14 18:07:37,961 [9] DEBUG SingleSignOn.Controllers.ApiAuthController - Begin LOGIN-API request
2020-04-14 18:07:38,076 [12] DEBUG SingleSignOn.Controllers.ApiAuthController - LOGIN-API Returned Model encrypted = {"Code":200,"Msg":"Ðang nh?p thành công","TokenKey":"37f311bf1196adae75e1c22e0c89de2f","Data":{"Id":2133,"Email":"vuducthuong1102@gmail.com","PhoneNumber":"","UserName":"vuducthuong1102@gmail.com","FullName":"","DisplayName":"vuducthuong1102@gmail.com","Avatar":"","TokenKey":"37f311bf1196adae75e1c22e0c89de2f","TokenCreatedDate":"2020-04-14T20:02:12.533","TokenExpiredDate":"2020-04-15T12:42:12.533","LoginDurations":1000,"OTPType":"OTPSMS","Birthday":"2019-12-26T11:04:27.543","Sex":0,"Address":"","IDCard":"","Note":"","EmailConfirmed":1,"PhoneNumberConfirmed":0,"LoginDate":"2020-04-14T18:07:38.0400104+07:00","SocialProviderId":0,"IsNew":0}}
2020-04-14 18:07:38,077 [12] DEBUG SingleSignOn.Controllers.ApiAuthController - Ended LOGIN-API request
2020-04-14 18:07:38,496 [9] DEBUG SingleSignOn.Controllers.ApiAuthController - Begin LOGIN-API request
2020-04-14 18:07:38,532 [14] DEBUG SingleSignOn.Controllers.ApiAuthController - LOGIN-API Returned Model encrypted = {"Code":200,"Msg":"Ðang nh?p thành công","TokenKey":"37f311bf1196adae75e1c22e0c89de2f","Data":{"Id":2133,"Email":"vuducthuong1102@gmail.com","PhoneNumber":"","UserName":"vuducthuong1102@gmail.com","FullName":"","DisplayName":"vuducthuong1102@gmail.com","Avatar":"","TokenKey":"37f311bf1196adae75e1c22e0c89de2f","TokenCreatedDate":"2020-04-14T20:02:12.533","TokenExpiredDate":"2020-04-15T12:42:12.533","LoginDurations":1000,"OTPType":"OTPSMS","Birthday":"2019-12-26T11:04:27.543","Sex":0,"Address":"","IDCard":"","Note":"","EmailConfirmed":1,"PhoneNumberConfirmed":0,"LoginDate":"2020-04-14T18:07:38.0400104+07:00","SocialProviderId":0,"IsNew":0}}
2020-04-14 18:07:38,533 [14] DEBUG SingleSignOn.Controllers.ApiAuthController - Ended LOGIN-API request
2020-04-14 21:44:07,054 [1] INFO  SingleSignOn.Startup - ======================================================
2020-04-14 21:44:07,055 [1] INFO  SingleSignOn.Startup - SingleSignOn is starting up
2020-04-14 21:44:07,056 [1] INFO  SingleSignOn.Startup - ======================================================
2020-04-14 21:44:07,137 [1] INFO  SingleSignOn.Startup - ======================================================
2020-04-14 21:44:07,137 [1] INFO  SingleSignOn.Startup - SingleSignOn is successfully configured
2020-04-14 21:44:07,138 [1] INFO  SingleSignOn.Startup - ======================================================
2020-04-14 21:44:08,178 [9] DEBUG SingleSignOn.Controllers.ApiAuthController - Begin LOGIN-API request
2020-04-14 21:44:08,424 [11] DEBUG SingleSignOn.Controllers.ApiAuthController - LOGIN-API Returned Model encrypted = {"Code":200,"Msg":"Ðang nh?p thành công","TokenKey":"2667bff3fd8e7ae41844566320fb3a98","Data":{"Id":1,"Email":"bangkhmt3@gmail.com","PhoneNumber":"0966722466","UserName":"bangkhmt3@gmail.com","FullName":"Vu Luong B?ng","DisplayName":"B?ng","Avatar":"http://localhost:3434/Content/Media?url=Avatars/1/1539328575.jpg","TokenKey":"2667bff3fd8e7ae41844566320fb3a98","TokenCreatedDate":"2020-04-14T21:44:08.4084384+07:00","TokenExpiredDate":"2020-04-15T14:24:08.4084384+07:00","LoginDurations":1000,"OTPType":"","Birthday":"1991-08-12T00:00:00","Sex":1,"Address":"","IDCard":"","Note":"","EmailConfirmed":1,"PhoneNumberConfirmed":1,"LoginDate":"2020-04-14T21:44:08.2617429+07:00","SocialProviderId":0,"IsNew":0}}
2020-04-14 21:44:08,424 [11] DEBUG SingleSignOn.Controllers.ApiAuthController - Ended LOGIN-API request
