2020-03-18 09:13:32,661 [1] INFO  SingleSignOn.Startup - ======================================================
2020-03-18 09:13:32,662 [1] INFO  SingleSignOn.Startup - SingleSignOn is starting up
2020-03-18 09:13:32,662 [1] INFO  SingleSignOn.Startup - ======================================================
2020-03-18 09:13:32,745 [1] INFO  SingleSignOn.Startup - ======================================================
2020-03-18 09:13:32,746 [1] INFO  SingleSignOn.Startup - SingleSignOn is successfully configured
2020-03-18 09:13:32,747 [1] INFO  SingleSignOn.Startup - ======================================================
2020-03-18 09:13:33,797 [9] DEBUG SingleSignOn.Controllers.ApiAuthController - Begin LOGIN-API request
2020-03-18 09:13:34,056 [12] DEBUG SingleSignOn.Controllers.ApiAuthController - LOGIN-API Returned Model encrypted = {"Code":200,"Msg":"하ng nh?p th艱h c蔯g","TokenKey":"21efe6885b2ba226fa1c28c304c49992","Data":{"Id":2133,"Email":"vuducthuong1102@gmail.com","PhoneNumber":"","UserName":"vuducthuong1102@gmail.com","FullName":"","DisplayName":"vuducthuong1102@gmail.com","Avatar":"","TokenKey":"21efe6885b2ba226fa1c28c304c49992","TokenCreatedDate":"2020-03-18T09:13:34.022858+07:00","TokenExpiredDate":"2020-03-19T01:53:34.022858+07:00","LoginDurations":1000,"OTPType":"OTPSMS","Birthday":"2019-12-26T11:04:27.543","Sex":0,"Address":"","IDCard":"","Note":"","EmailConfirmed":1,"PhoneNumberConfirmed":0,"LoginDate":"2020-03-18T09:13:33.8762261+07:00","SocialProviderId":0,"IsNew":0}}
2020-03-18 09:13:34,057 [12] DEBUG SingleSignOn.Controllers.ApiAuthController - Ended LOGIN-API request
2020-03-18 09:24:24,945 [26] DEBUG SingleSignOn.Controllers.ApiAuthController - Begin LOGIN-API request
2020-03-18 09:24:25,141 [24] DEBUG SingleSignOn.Controllers.ApiAuthController - LOGIN-API Returned Model encrypted = {"Code":200,"Msg":"하ng nh?p th艱h c蔯g","TokenKey":"fecf6022d9fe4c499749a602281281eb","Data":{"Id":1,"Email":"bangkhmt3@gmail.com","PhoneNumber":"0966722466","UserName":"bangkhmt3@gmail.com","FullName":"Vu Luong B?ng","DisplayName":"B?ng","Avatar":"http://localhost:3434/Content/Media?url=Avatars/1/1539328575.jpg","TokenKey":"fecf6022d9fe4c499749a602281281eb","TokenCreatedDate":"2020-03-18T09:24:25.140273+07:00","TokenExpiredDate":"2020-03-19T02:04:25.140273+07:00","LoginDurations":1000,"OTPType":"","Birthday":"1991-08-12T00:00:00","Sex":1,"Address":"","IDCard":"","Note":"","EmailConfirmed":1,"PhoneNumberConfirmed":1,"LoginDate":"2020-03-18T09:24:25.0106199+07:00","SocialProviderId":0,"IsNew":0}}
2020-03-18 09:24:25,141 [24] DEBUG SingleSignOn.Controllers.ApiAuthController - Ended LOGIN-API request
2020-03-18 17:31:07,135 [1] INFO  SingleSignOn.Startup - ======================================================
2020-03-18 17:31:07,136 [1] INFO  SingleSignOn.Startup - SingleSignOn is starting up
2020-03-18 17:31:07,136 [1] INFO  SingleSignOn.Startup - ======================================================
2020-03-18 17:31:07,214 [1] INFO  SingleSignOn.Startup - ======================================================
2020-03-18 17:31:07,215 [1] INFO  SingleSignOn.Startup - SingleSignOn is successfully configured
2020-03-18 17:31:07,216 [1] INFO  SingleSignOn.Startup - ======================================================
2020-03-18 17:31:08,256 [9] DEBUG SingleSignOn.Controllers.ApiAuthController - Begin LOGIN-API request
2020-03-18 17:31:08,306 [13] DEBUG SingleSignOn.Controllers.ApiAuthController - LOGIN-API Returned Model encrypted = {"Code":200,"Msg":"하ng nh?p th艱h c蔯g","TokenKey":"21efe6885b2ba226fa1c28c304c49992","Data":{"Id":2133,"Email":"vuducthuong1102@gmail.com","PhoneNumber":"","UserName":"vuducthuong1102@gmail.com","FullName":"","DisplayName":"vuducthuong1102@gmail.com","Avatar":"","TokenKey":"21efe6885b2ba226fa1c28c304c49992","TokenCreatedDate":"2020-03-18T09:13:34.022858+07:00","TokenExpiredDate":"2020-03-19T01:53:34.022858+07:00","LoginDurations":1000,"OTPType":"OTPSMS","Birthday":"2019-12-26T11:04:27.543","Sex":0,"Address":"","IDCard":"","Note":"","EmailConfirmed":1,"PhoneNumberConfirmed":0,"LoginDate":"2020-03-18T09:13:33.8762261+07:00","SocialProviderId":0,"IsNew":0}}
2020-03-18 17:31:08,306 [13] DEBUG SingleSignOn.Controllers.ApiAuthController - Ended LOGIN-API request
2020-03-18 17:51:22,798 [58] DEBUG SingleSignOn.Controllers.ApiAuthController - Begin LOGIN-API request
2020-03-18 17:51:22,800 [56] DEBUG SingleSignOn.Controllers.ApiAuthController - LOGIN-API Returned Model encrypted = {"Code":200,"Msg":"하ng nh?p th艱h c蔯g","TokenKey":"fecf6022d9fe4c499749a602281281eb","Data":{"Id":1,"Email":"bangkhmt3@gmail.com","PhoneNumber":"0966722466","UserName":"bangkhmt3@gmail.com","FullName":"Vu Luong B?ng","DisplayName":"B?ng","Avatar":"http://localhost:3434/Content/Media?url=Avatars/1/1539328575.jpg","TokenKey":"fecf6022d9fe4c499749a602281281eb","TokenCreatedDate":"2020-03-18T09:24:25.140273+07:00","TokenExpiredDate":"2020-03-19T02:04:25.140273+07:00","LoginDurations":1000,"OTPType":"","Birthday":"1991-08-12T00:00:00","Sex":1,"Address":"","IDCard":"","Note":"","EmailConfirmed":1,"PhoneNumberConfirmed":1,"LoginDate":"2020-03-18T09:24:25.0106199+07:00","SocialProviderId":0,"IsNew":0}}
2020-03-18 17:51:22,801 [56] DEBUG SingleSignOn.Controllers.ApiAuthController - Ended LOGIN-API request
2020-03-18 19:32:44,466 [1] INFO  SingleSignOn.Startup - ======================================================
2020-03-18 19:32:44,467 [1] INFO  SingleSignOn.Startup - SingleSignOn is starting up
2020-03-18 19:32:44,468 [1] INFO  SingleSignOn.Startup - ======================================================
2020-03-18 19:32:44,547 [1] INFO  SingleSignOn.Startup - ======================================================
2020-03-18 19:32:44,548 [1] INFO  SingleSignOn.Startup - SingleSignOn is successfully configured
2020-03-18 19:32:44,548 [1] INFO  SingleSignOn.Startup - ======================================================
2020-03-18 19:32:45,580 [9] DEBUG SingleSignOn.Controllers.ApiAuthController - Begin LOGIN-API request
2020-03-18 19:32:45,625 [13] DEBUG SingleSignOn.Controllers.ApiAuthController - LOGIN-API Returned Model encrypted = {"Code":200,"Msg":"하ng nh?p th艱h c蔯g","TokenKey":"fecf6022d9fe4c499749a602281281eb","Data":{"Id":1,"Email":"bangkhmt3@gmail.com","PhoneNumber":"0966722466","UserName":"bangkhmt3@gmail.com","FullName":"Vu Luong B?ng","DisplayName":"B?ng","Avatar":"http://localhost:3434/Content/Media?url=Avatars/1/1539328575.jpg","TokenKey":"fecf6022d9fe4c499749a602281281eb","TokenCreatedDate":"2020-03-18T09:24:25.140273+07:00","TokenExpiredDate":"2020-03-19T02:04:25.140273+07:00","LoginDurations":1000,"OTPType":"","Birthday":"1991-08-12T00:00:00","Sex":1,"Address":"","IDCard":"","Note":"","EmailConfirmed":1,"PhoneNumberConfirmed":1,"LoginDate":"2020-03-18T09:24:25.0106199+07:00","SocialProviderId":0,"IsNew":0}}
2020-03-18 19:32:45,626 [13] DEBUG SingleSignOn.Controllers.ApiAuthController - Ended LOGIN-API request
2020-03-18 19:43:22,240 [28] DEBUG SingleSignOn.Controllers.ApiAuthController - Begin LOGIN-API request
2020-03-18 19:43:22,242 [28] DEBUG SingleSignOn.Controllers.ApiAuthController - LOGIN-API Returned Model encrypted = {"Code":200,"Msg":"하ng nh?p th艱h c蔯g","TokenKey":"21efe6885b2ba226fa1c28c304c49992","Data":{"Id":2133,"Email":"vuducthuong1102@gmail.com","PhoneNumber":"","UserName":"vuducthuong1102@gmail.com","FullName":"","DisplayName":"vuducthuong1102@gmail.com","Avatar":"","TokenKey":"21efe6885b2ba226fa1c28c304c49992","TokenCreatedDate":"2020-03-18T09:13:34.022858+07:00","TokenExpiredDate":"2020-03-19T01:53:34.022858+07:00","LoginDurations":1000,"OTPType":"OTPSMS","Birthday":"2019-12-26T11:04:27.543","Sex":0,"Address":"","IDCard":"","Note":"","EmailConfirmed":1,"PhoneNumberConfirmed":0,"LoginDate":"2020-03-18T09:13:33.8762261+07:00","SocialProviderId":0,"IsNew":0}}
2020-03-18 19:43:22,243 [28] DEBUG SingleSignOn.Controllers.ApiAuthController - Ended LOGIN-API request
2020-03-18 19:44:10,257 [37] DEBUG SingleSignOn.Controllers.ApiAuthController - Begin LOGIN-API request
2020-03-18 19:44:10,258 [34] DEBUG SingleSignOn.Controllers.ApiAuthController - LOGIN-API Returned Model encrypted = {"Code":200,"Msg":"하ng nh?p th艱h c蔯g","TokenKey":"fecf6022d9fe4c499749a602281281eb","Data":{"Id":1,"Email":"bangkhmt3@gmail.com","PhoneNumber":"0966722466","UserName":"bangkhmt3@gmail.com","FullName":"Vu Luong B?ng","DisplayName":"B?ng","Avatar":"http://localhost:3434/Content/Media?url=Avatars/1/1539328575.jpg","TokenKey":"fecf6022d9fe4c499749a602281281eb","TokenCreatedDate":"2020-03-18T09:24:25.140273+07:00","TokenExpiredDate":"2020-03-19T02:04:25.140273+07:00","LoginDurations":1000,"OTPType":"","Birthday":"1991-08-12T00:00:00","Sex":1,"Address":"","IDCard":"","Note":"","EmailConfirmed":1,"PhoneNumberConfirmed":1,"LoginDate":"2020-03-18T09:24:25.0106199+07:00","SocialProviderId":0,"IsNew":0}}
2020-03-18 19:44:10,260 [34] DEBUG SingleSignOn.Controllers.ApiAuthController - Ended LOGIN-API request
2020-03-18 20:05:14,298 [1] INFO  SingleSignOn.Startup - ======================================================
2020-03-18 20:05:14,299 [1] INFO  SingleSignOn.Startup - SingleSignOn is starting up
2020-03-18 20:05:14,300 [1] INFO  SingleSignOn.Startup - ======================================================
2020-03-18 20:05:14,388 [1] INFO  SingleSignOn.Startup - ======================================================
2020-03-18 20:05:14,389 [1] INFO  SingleSignOn.Startup - SingleSignOn is successfully configured
2020-03-18 20:05:14,390 [1] INFO  SingleSignOn.Startup - ======================================================
2020-03-18 20:05:15,482 [9] DEBUG SingleSignOn.Controllers.ApiAuthController - Begin LOGIN-API request
2020-03-18 20:05:15,516 [13] DEBUG SingleSignOn.Controllers.ApiAuthController - LOGIN-API Returned Model encrypted = {"Code":200,"Msg":"하ng nh?p th艱h c蔯g","TokenKey":"21efe6885b2ba226fa1c28c304c49992","Data":{"Id":2133,"Email":"vuducthuong1102@gmail.com","PhoneNumber":"","UserName":"vuducthuong1102@gmail.com","FullName":"","DisplayName":"vuducthuong1102@gmail.com","Avatar":"","TokenKey":"21efe6885b2ba226fa1c28c304c49992","TokenCreatedDate":"2020-03-18T09:13:34.022858+07:00","TokenExpiredDate":"2020-03-19T01:53:34.022858+07:00","LoginDurations":1000,"OTPType":"OTPSMS","Birthday":"2019-12-26T11:04:27.543","Sex":0,"Address":"","IDCard":"","Note":"","EmailConfirmed":1,"PhoneNumberConfirmed":0,"LoginDate":"2020-03-18T09:13:33.8762261+07:00","SocialProviderId":0,"IsNew":0}}
2020-03-18 20:05:15,517 [13] DEBUG SingleSignOn.Controllers.ApiAuthController - Ended LOGIN-API request
2020-03-18 21:10:32,024 [1] INFO  SingleSignOn.Startup - ======================================================
2020-03-18 21:10:32,025 [1] INFO  SingleSignOn.Startup - SingleSignOn is starting up
2020-03-18 21:10:32,026 [1] INFO  SingleSignOn.Startup - ======================================================
2020-03-18 21:10:32,103 [1] INFO  SingleSignOn.Startup - ======================================================
2020-03-18 21:10:32,104 [1] INFO  SingleSignOn.Startup - SingleSignOn is successfully configured
2020-03-18 21:10:32,104 [1] INFO  SingleSignOn.Startup - ======================================================
2020-03-18 21:10:33,399 [12] DEBUG SingleSignOn.Controllers.ApiAuthController - Begin LOGIN-API request
2020-03-18 21:10:33,426 [15] DEBUG SingleSignOn.Controllers.ApiAuthController - LOGIN-API Returned Model encrypted = {"Code":200,"Msg":"하ng nh?p th艱h c蔯g","TokenKey":"fecf6022d9fe4c499749a602281281eb","Data":{"Id":1,"Email":"bangkhmt3@gmail.com","PhoneNumber":"0966722466","UserName":"bangkhmt3@gmail.com","FullName":"Vu Luong B?ng","DisplayName":"B?ng","Avatar":"http://localhost:3434/Content/Media?url=Avatars/1/1539328575.jpg","TokenKey":"fecf6022d9fe4c499749a602281281eb","TokenCreatedDate":"2020-03-18T09:24:25.140273+07:00","TokenExpiredDate":"2020-03-19T02:04:25.140273+07:00","LoginDurations":1000,"OTPType":"","Birthday":"1991-08-12T00:00:00","Sex":1,"Address":"","IDCard":"","Note":"","EmailConfirmed":1,"PhoneNumberConfirmed":1,"LoginDate":"2020-03-18T09:24:25.0106199+07:00","SocialProviderId":0,"IsNew":0}}
2020-03-18 21:10:33,427 [15] DEBUG SingleSignOn.Controllers.ApiAuthController - Ended LOGIN-API request
