2020-05-04 04:44:51,696 [126] ERROR ApiJobMarket.Controllers.A_ApiNotificationController - Failed for A_notifications-CountUnread request: Failed to execute A_Notification_CountUnread. Error: A transport-level error has occurred when receiving results from the server. (provider: Session Provider, error: 19 - Physical connection is not usable)
ApiJobMarket.ShareLibs.Exceptions.CustomSQLException: Failed to execute A_Notification_CountUnread. Error: A transport-level error has occurred when receiving results from the server. (provider: Session Provider, error: 19 - Physical connection is not usable)
   at ApiJobMarket.DB.Sql.Repositories.RpsAgencyNotification.CountUnread(Object identity) in C:\Project\APIs\ApiJobMarket\ApiJobMarket.DB.Sql\Repositories\Master\RpsAgencyNotification.cs:line 320
   at CallSite.Target(Closure , CallSite , RpsAgencyNotification , Object )
   at ApiJobMarket.DB.Sql.Stores.StoreAgencyNotification.CountUnread(Object identity) in C:\Project\APIs\ApiJobMarket\ApiJobMarket.DB.Sql\Stores\Master\StoreAgencyNotification.cs:line 67
   at CallSite.Target(Closure , CallSite , IStoreAgencyNotification , Object )
   at ApiJobMarket.Controllers.A_ApiNotificationController.<CountUnreadNotification>d__1.MoveNext() in C:\Project\APIs\ApiJobMarket\ApiJobMarket\Controllers\Agency\A_ApiNotificationController.cs:line 52
2020-05-04 04:44:52,694 [127] ERROR ApiJobMarket.Controllers.A_ApiNotificationController - Failed for A_notifications-CountUnread request: Failed to execute A_Notification_CountUnread. Error: A transport-level error has occurred when receiving results from the server. (provider: Session Provider, error: 19 - Physical connection is not usable)
ApiJobMarket.ShareLibs.Exceptions.CustomSQLException: Failed to execute A_Notification_CountUnread. Error: A transport-level error has occurred when receiving results from the server. (provider: Session Provider, error: 19 - Physical connection is not usable)
   at ApiJobMarket.DB.Sql.Repositories.RpsAgencyNotification.CountUnread(Object identity) in C:\Project\APIs\ApiJobMarket\ApiJobMarket.DB.Sql\Repositories\Master\RpsAgencyNotification.cs:line 320
   at CallSite.Target(Closure , CallSite , RpsAgencyNotification , Object )
   at ApiJobMarket.DB.Sql.Stores.StoreAgencyNotification.CountUnread(Object identity) in C:\Project\APIs\ApiJobMarket\ApiJobMarket.DB.Sql\Stores\Master\StoreAgencyNotification.cs:line 67
   at CallSite.Target(Closure , CallSite , IStoreAgencyNotification , Object )
   at ApiJobMarket.Controllers.A_ApiNotificationController.<CountUnreadNotification>d__1.MoveNext() in C:\Project\APIs\ApiJobMarket\ApiJobMarket\Controllers\Agency\A_ApiNotificationController.cs:line 52
2020-05-04 04:44:52,747 [114] ERROR ApiJobMarket.Controllers.A_ApiNotificationController - Failed for A_notifications-CountUnread request: Failed to execute A_Notification_CountUnread. Error: Execution Timeout Expired.  The timeout period elapsed prior to completion of the operation or the server is not responding.
ApiJobMarket.ShareLibs.Exceptions.CustomSQLException: Failed to execute A_Notification_CountUnread. Error: Execution Timeout Expired.  The timeout period elapsed prior to completion of the operation or the server is not responding.
   at ApiJobMarket.DB.Sql.Repositories.RpsAgencyNotification.CountUnread(Object identity) in C:\Project\APIs\ApiJobMarket\ApiJobMarket.DB.Sql\Repositories\Master\RpsAgencyNotification.cs:line 320
   at CallSite.Target(Closure , CallSite , RpsAgencyNotification , Object )
   at ApiJobMarket.DB.Sql.Stores.StoreAgencyNotification.CountUnread(Object identity) in C:\Project\APIs\ApiJobMarket\ApiJobMarket.DB.Sql\Stores\Master\StoreAgencyNotification.cs:line 67
   at CallSite.Target(Closure , CallSite , IStoreAgencyNotification , Object )
   at ApiJobMarket.Controllers.A_ApiNotificationController.<CountUnreadNotification>d__1.MoveNext() in C:\Project\APIs\ApiJobMarket\ApiJobMarket\Controllers\Agency\A_ApiNotificationController.cs:line 52
2020-05-04 04:45:06,740 [135] ERROR ApiJobMarket.Controllers.A_ApiNotificationController - Failed for A_notifications-CountUnread request: Failed to execute A_Notification_CountUnread. Error: Timeout expired.  The timeout period elapsed prior to obtaining a connection from the pool.  This may have occurred because all pooled connections were in use and max pool size was reached.
ApiJobMarket.ShareLibs.Exceptions.CustomSQLException: Failed to execute A_Notification_CountUnread. Error: Timeout expired.  The timeout period elapsed prior to obtaining a connection from the pool.  This may have occurred because all pooled connections were in use and max pool size was reached.
   at ApiJobMarket.DB.Sql.Repositories.RpsAgencyNotification.CountUnread(Object identity) in C:\Project\APIs\ApiJobMarket\ApiJobMarket.DB.Sql\Repositories\Master\RpsAgencyNotification.cs:line 320
   at CallSite.Target(Closure , CallSite , RpsAgencyNotification , Object )
   at ApiJobMarket.DB.Sql.Stores.StoreAgencyNotification.CountUnread(Object identity) in C:\Project\APIs\ApiJobMarket\ApiJobMarket.DB.Sql\Stores\Master\StoreAgencyNotification.cs:line 67
   at CallSite.Target(Closure , CallSite , IStoreAgencyNotification , Object )
   at ApiJobMarket.Controllers.A_ApiNotificationController.<CountUnreadNotification>d__1.MoveNext() in C:\Project\APIs\ApiJobMarket\ApiJobMarket\Controllers\Agency\A_ApiNotificationController.cs:line 52
2020-05-04 04:45:07,701 [124] ERROR ApiJobMarket.Controllers.A_ApiNotificationController - Failed for A_notifications-CountUnread request: Failed to execute A_Notification_CountUnread. Error: Timeout expired.  The timeout period elapsed prior to obtaining a connection from the pool.  This may have occurred because all pooled connections were in use and max pool size was reached.
ApiJobMarket.ShareLibs.Exceptions.CustomSQLException: Failed to execute A_Notification_CountUnread. Error: Timeout expired.  The timeout period elapsed prior to obtaining a connection from the pool.  This may have occurred because all pooled connections were in use and max pool size was reached.
   at ApiJobMarket.DB.Sql.Repositories.RpsAgencyNotification.CountUnread(Object identity) in C:\Project\APIs\ApiJobMarket\ApiJobMarket.DB.Sql\Repositories\Master\RpsAgencyNotification.cs:line 320
   at CallSite.Target(Closure , CallSite , RpsAgencyNotification , Object )
   at ApiJobMarket.DB.Sql.Stores.StoreAgencyNotification.CountUnread(Object identity) in C:\Project\APIs\ApiJobMarket\ApiJobMarket.DB.Sql\Stores\Master\StoreAgencyNotification.cs:line 67
   at CallSite.Target(Closure , CallSite , IStoreAgencyNotification , Object )
   at ApiJobMarket.Controllers.A_ApiNotificationController.<CountUnreadNotification>d__1.MoveNext() in C:\Project\APIs\ApiJobMarket\ApiJobMarket\Controllers\Agency\A_ApiNotificationController.cs:line 52
2020-05-04 04:45:07,788 [114] ERROR ApiJobMarket.Controllers.A_ApiNotificationController - Failed for A_notifications-CountUnread request: Failed to execute A_Notification_CountUnread. Error: Timeout expired.  The timeout period elapsed prior to obtaining a connection from the pool.  This may have occurred because all pooled connections were in use and max pool size was reached.
ApiJobMarket.ShareLibs.Exceptions.CustomSQLException: Failed to execute A_Notification_CountUnread. Error: Timeout expired.  The timeout period elapsed prior to obtaining a connection from the pool.  This may have occurred because all pooled connections were in use and max pool size was reached.
   at ApiJobMarket.DB.Sql.Repositories.RpsAgencyNotification.CountUnread(Object identity) in C:\Project\APIs\ApiJobMarket\ApiJobMarket.DB.Sql\Repositories\Master\RpsAgencyNotification.cs:line 320
   at CallSite.Target(Closure , CallSite , RpsAgencyNotification , Object )
   at ApiJobMarket.DB.Sql.Stores.StoreAgencyNotification.CountUnread(Object identity) in C:\Project\APIs\ApiJobMarket\ApiJobMarket.DB.Sql\Stores\Master\StoreAgencyNotification.cs:line 67
   at CallSite.Target(Closure , CallSite , IStoreAgencyNotification , Object )
   at ApiJobMarket.Controllers.A_ApiNotificationController.<CountUnreadNotification>d__1.MoveNext() in C:\Project\APIs\ApiJobMarket\ApiJobMarket\Controllers\Agency\A_ApiNotificationController.cs:line 52
2020-05-04 04:45:20,084 [114] ERROR ApiJobMarket.Controllers.A_ApiNotificationController - Failed for A_notifications-CountUnread request: Failed to execute A_Notification_CountUnread. Error: A network-related or instance-specific error occurred while establishing a connection to SQL Server. The server was not found or was not accessible. Verify that the instance name is correct and that SQL Server is configured to allow remote connections. (provider: Named Pipes Provider, error: 40 - Could not open a connection to SQL Server)
ApiJobMarket.ShareLibs.Exceptions.CustomSQLException: Failed to execute A_Notification_CountUnread. Error: A network-related or instance-specific error occurred while establishing a connection to SQL Server. The server was not found or was not accessible. Verify that the instance name is correct and that SQL Server is configured to allow remote connections. (provider: Named Pipes Provider, error: 40 - Could not open a connection to SQL Server)
   at ApiJobMarket.DB.Sql.Repositories.RpsAgencyNotification.CountUnread(Object identity) in C:\Project\APIs\ApiJobMarket\ApiJobMarket.DB.Sql\Repositories\Master\RpsAgencyNotification.cs:line 320
   at CallSite.Target(Closure , CallSite , RpsAgencyNotification , Object )
   at ApiJobMarket.DB.Sql.Stores.StoreAgencyNotification.CountUnread(Object identity) in C:\Project\APIs\ApiJobMarket\ApiJobMarket.DB.Sql\Stores\Master\StoreAgencyNotification.cs:line 67
   at CallSite.Target(Closure , CallSite , IStoreAgencyNotification , Object )
   at ApiJobMarket.Controllers.A_ApiNotificationController.<CountUnreadNotification>d__1.MoveNext() in C:\Project\APIs\ApiJobMarket\ApiJobMarket\Controllers\Agency\A_ApiNotificationController.cs:line 52
2020-05-04 04:45:20,084 [126] ERROR ApiJobMarket.Controllers.A_ApiNotificationController - Failed for A_notifications-CountUnread request: Failed to execute A_Notification_CountUnread. Error: A network-related or instance-specific error occurred while establishing a connection to SQL Server. The server was not found or was not accessible. Verify that the instance name is correct and that SQL Server is configured to allow remote connections. (provider: Named Pipes Provider, error: 40 - Could not open a connection to SQL Server)
ApiJobMarket.ShareLibs.Exceptions.CustomSQLException: Failed to execute A_Notification_CountUnread. Error: A network-related or instance-specific error occurred while establishing a connection to SQL Server. The server was not found or was not accessible. Verify that the instance name is correct and that SQL Server is configured to allow remote connections. (provider: Named Pipes Provider, error: 40 - Could not open a connection to SQL Server)
   at ApiJobMarket.DB.Sql.Repositories.RpsAgencyNotification.CountUnread(Object identity) in C:\Project\APIs\ApiJobMarket\ApiJobMarket.DB.Sql\Repositories\Master\RpsAgencyNotification.cs:line 320
   at CallSite.Target(Closure , CallSite , RpsAgencyNotification , Object )
   at ApiJobMarket.DB.Sql.Stores.StoreAgencyNotification.CountUnread(Object identity) in C:\Project\APIs\ApiJobMarket\ApiJobMarket.DB.Sql\Stores\Master\StoreAgencyNotification.cs:line 67
   at CallSite.Target(Closure , CallSite , IStoreAgencyNotification , Object )
   at ApiJobMarket.Controllers.A_ApiNotificationController.<CountUnreadNotification>d__1.MoveNext() in C:\Project\APIs\ApiJobMarket\ApiJobMarket\Controllers\Agency\A_ApiNotificationController.cs:line 52
2020-05-04 04:45:20,084 [135] ERROR ApiJobMarket.Controllers.A_ApiNotificationController - Failed for A_notifications-CountUnread request: Failed to execute A_Notification_CountUnread. Error: A network-related or instance-specific error occurred while establishing a connection to SQL Server. The server was not found or was not accessible. Verify that the instance name is correct and that SQL Server is configured to allow remote connections. (provider: Named Pipes Provider, error: 40 - Could not open a connection to SQL Server)
ApiJobMarket.ShareLibs.Exceptions.CustomSQLException: Failed to execute A_Notification_CountUnread. Error: A network-related or instance-specific error occurred while establishing a connection to SQL Server. The server was not found or was not accessible. Verify that the instance name is correct and that SQL Server is configured to allow remote connections. (provider: Named Pipes Provider, error: 40 - Could not open a connection to SQL Server)
   at ApiJobMarket.DB.Sql.Repositories.RpsAgencyNotification.CountUnread(Object identity) in C:\Project\APIs\ApiJobMarket\ApiJobMarket.DB.Sql\Repositories\Master\RpsAgencyNotification.cs:line 320
   at CallSite.Target(Closure , CallSite , RpsAgencyNotification , Object )
   at ApiJobMarket.DB.Sql.Stores.StoreAgencyNotification.CountUnread(Object identity) in C:\Project\APIs\ApiJobMarket\ApiJobMarket.DB.Sql\Stores\Master\StoreAgencyNotification.cs:line 67
   at CallSite.Target(Closure , CallSite , IStoreAgencyNotification , Object )
   at ApiJobMarket.Controllers.A_ApiNotificationController.<CountUnreadNotification>d__1.MoveNext() in C:\Project\APIs\ApiJobMarket\ApiJobMarket\Controllers\Agency\A_ApiNotificationController.cs:line 52
2020-05-04 04:45:35,095 [92] ERROR ApiJobMarket.Controllers.A_ApiNotificationController - Failed for A_notifications-CountUnread request: Failed to execute A_Notification_CountUnread. Error: Timeout expired.  The timeout period elapsed prior to obtaining a connection from the pool.  This may have occurred because all pooled connections were in use and max pool size was reached.
ApiJobMarket.ShareLibs.Exceptions.CustomSQLException: Failed to execute A_Notification_CountUnread. Error: Timeout expired.  The timeout period elapsed prior to obtaining a connection from the pool.  This may have occurred because all pooled connections were in use and max pool size was reached.
   at ApiJobMarket.DB.Sql.Repositories.RpsAgencyNotification.CountUnread(Object identity) in C:\Project\APIs\ApiJobMarket\ApiJobMarket.DB.Sql\Repositories\Master\RpsAgencyNotification.cs:line 320
   at CallSite.Target(Closure , CallSite , RpsAgencyNotification , Object )
   at ApiJobMarket.DB.Sql.Stores.StoreAgencyNotification.CountUnread(Object identity) in C:\Project\APIs\ApiJobMarket\ApiJobMarket.DB.Sql\Stores\Master\StoreAgencyNotification.cs:line 67
   at CallSite.Target(Closure , CallSite , IStoreAgencyNotification , Object )
   at ApiJobMarket.Controllers.A_ApiNotificationController.<CountUnreadNotification>d__1.MoveNext() in C:\Project\APIs\ApiJobMarket\ApiJobMarket\Controllers\Agency\A_ApiNotificationController.cs:line 52
2020-05-04 04:45:35,097 [124] ERROR ApiJobMarket.Controllers.A_ApiNotificationController - Failed for A_notifications-CountUnread request: Failed to execute A_Notification_CountUnread. Error: Timeout expired.  The timeout period elapsed prior to obtaining a connection from the pool.  This may have occurred because all pooled connections were in use and max pool size was reached.
ApiJobMarket.ShareLibs.Exceptions.CustomSQLException: Failed to execute A_Notification_CountUnread. Error: Timeout expired.  The timeout period elapsed prior to obtaining a connection from the pool.  This may have occurred because all pooled connections were in use and max pool size was reached.
   at ApiJobMarket.DB.Sql.Repositories.RpsAgencyNotification.CountUnread(Object identity) in C:\Project\APIs\ApiJobMarket\ApiJobMarket.DB.Sql\Repositories\Master\RpsAgencyNotification.cs:line 320
   at CallSite.Target(Closure , CallSite , RpsAgencyNotification , Object )
   at ApiJobMarket.DB.Sql.Stores.StoreAgencyNotification.CountUnread(Object identity) in C:\Project\APIs\ApiJobMarket\ApiJobMarket.DB.Sql\Stores\Master\StoreAgencyNotification.cs:line 67
   at CallSite.Target(Closure , CallSite , IStoreAgencyNotification , Object )
   at ApiJobMarket.Controllers.A_ApiNotificationController.<CountUnreadNotification>d__1.MoveNext() in C:\Project\APIs\ApiJobMarket\ApiJobMarket\Controllers\Agency\A_ApiNotificationController.cs:line 52
2020-05-04 04:45:35,425 [114] ERROR ApiJobMarket.Controllers.A_ApiNotificationController - Failed for A_notifications-CountUnread request: Failed to execute A_Notification_CountUnread. Error: A network-related or instance-specific error occurred while establishing a connection to SQL Server. The server was not found or was not accessible. Verify that the instance name is correct and that SQL Server is configured to allow remote connections. (provider: Named Pipes Provider, error: 40 - Could not open a connection to SQL Server)
ApiJobMarket.ShareLibs.Exceptions.CustomSQLException: Failed to execute A_Notification_CountUnread. Error: A network-related or instance-specific error occurred while establishing a connection to SQL Server. The server was not found or was not accessible. Verify that the instance name is correct and that SQL Server is configured to allow remote connections. (provider: Named Pipes Provider, error: 40 - Could not open a connection to SQL Server)
   at ApiJobMarket.DB.Sql.Repositories.RpsAgencyNotification.CountUnread(Object identity) in C:\Project\APIs\ApiJobMarket\ApiJobMarket.DB.Sql\Repositories\Master\RpsAgencyNotification.cs:line 320
   at CallSite.Target(Closure , CallSite , RpsAgencyNotification , Object )
   at ApiJobMarket.DB.Sql.Stores.StoreAgencyNotification.CountUnread(Object identity) in C:\Project\APIs\ApiJobMarket\ApiJobMarket.DB.Sql\Stores\Master\StoreAgencyNotification.cs:line 67
   at CallSite.Target(Closure , CallSite , IStoreAgencyNotification , Object )
   at ApiJobMarket.Controllers.A_ApiNotificationController.<CountUnreadNotification>d__1.MoveNext() in C:\Project\APIs\ApiJobMarket\ApiJobMarket\Controllers\Agency\A_ApiNotificationController.cs:line 52
2020-05-04 04:45:35,425 [129] ERROR ApiJobMarket.Controllers.A_ApiNotificationController - Failed for A_notifications-CountUnread request: Failed to execute A_Notification_CountUnread. Error: A network-related or instance-specific error occurred while establishing a connection to SQL Server. The server was not found or was not accessible. Verify that the instance name is correct and that SQL Server is configured to allow remote connections. (provider: Named Pipes Provider, error: 40 - Could not open a connection to SQL Server)
ApiJobMarket.ShareLibs.Exceptions.CustomSQLException: Failed to execute A_Notification_CountUnread. Error: A network-related or instance-specific error occurred while establishing a connection to SQL Server. The server was not found or was not accessible. Verify that the instance name is correct and that SQL Server is configured to allow remote connections. (provider: Named Pipes Provider, error: 40 - Could not open a connection to SQL Server)
   at ApiJobMarket.DB.Sql.Repositories.RpsAgencyNotification.CountUnread(Object identity) in C:\Project\APIs\ApiJobMarket\ApiJobMarket.DB.Sql\Repositories\Master\RpsAgencyNotification.cs:line 320
   at CallSite.Target(Closure , CallSite , RpsAgencyNotification , Object )
   at ApiJobMarket.DB.Sql.Stores.StoreAgencyNotification.CountUnread(Object identity) in C:\Project\APIs\ApiJobMarket\ApiJobMarket.DB.Sql\Stores\Master\StoreAgencyNotification.cs:line 67
   at CallSite.Target(Closure , CallSite , IStoreAgencyNotification , Object )
   at ApiJobMarket.Controllers.A_ApiNotificationController.<CountUnreadNotification>d__1.MoveNext() in C:\Project\APIs\ApiJobMarket\ApiJobMarket\Controllers\Agency\A_ApiNotificationController.cs:line 52
2020-05-04 04:45:35,425 [92] ERROR ApiJobMarket.Controllers.A_ApiNotificationController - Failed for A_notifications-CountUnread request: Failed to execute A_Notification_CountUnread. Error: A network-related or instance-specific error occurred while establishing a connection to SQL Server. The server was not found or was not accessible. Verify that the instance name is correct and that SQL Server is configured to allow remote connections. (provider: Named Pipes Provider, error: 40 - Could not open a connection to SQL Server)
ApiJobMarket.ShareLibs.Exceptions.CustomSQLException: Failed to execute A_Notification_CountUnread. Error: A network-related or instance-specific error occurred while establishing a connection to SQL Server. The server was not found or was not accessible. Verify that the instance name is correct and that SQL Server is configured to allow remote connections. (provider: Named Pipes Provider, error: 40 - Could not open a connection to SQL Server)
   at ApiJobMarket.DB.Sql.Repositories.RpsAgencyNotification.CountUnread(Object identity) in C:\Project\APIs\ApiJobMarket\ApiJobMarket.DB.Sql\Repositories\Master\RpsAgencyNotification.cs:line 320
   at CallSite.Target(Closure , CallSite , RpsAgencyNotification , Object )
   at ApiJobMarket.DB.Sql.Stores.StoreAgencyNotification.CountUnread(Object identity) in C:\Project\APIs\ApiJobMarket\ApiJobMarket.DB.Sql\Stores\Master\StoreAgencyNotification.cs:line 67
   at CallSite.Target(Closure , CallSite , IStoreAgencyNotification , Object )
   at ApiJobMarket.Controllers.A_ApiNotificationController.<CountUnreadNotification>d__1.MoveNext() in C:\Project\APIs\ApiJobMarket\ApiJobMarket\Controllers\Agency\A_ApiNotificationController.cs:line 52
2020-05-04 04:45:35,436 [92] ERROR ApiJobMarket.Controllers.A_ApiNotificationController - Failed for A_notifications-CountUnread request: Failed to execute A_Notification_CountUnread. Error: A network-related or instance-specific error occurred while establishing a connection to SQL Server. The server was not found or was not accessible. Verify that the instance name is correct and that SQL Server is configured to allow remote connections. (provider: Named Pipes Provider, error: 40 - Could not open a connection to SQL Server)
ApiJobMarket.ShareLibs.Exceptions.CustomSQLException: Failed to execute A_Notification_CountUnread. Error: A network-related or instance-specific error occurred while establishing a connection to SQL Server. The server was not found or was not accessible. Verify that the instance name is correct and that SQL Server is configured to allow remote connections. (provider: Named Pipes Provider, error: 40 - Could not open a connection to SQL Server)
   at ApiJobMarket.DB.Sql.Repositories.RpsAgencyNotification.CountUnread(Object identity) in C:\Project\APIs\ApiJobMarket\ApiJobMarket.DB.Sql\Repositories\Master\RpsAgencyNotification.cs:line 320
   at CallSite.Target(Closure , CallSite , RpsAgencyNotification , Object )
   at ApiJobMarket.DB.Sql.Stores.StoreAgencyNotification.CountUnread(Object identity) in C:\Project\APIs\ApiJobMarket\ApiJobMarket.DB.Sql\Stores\Master\StoreAgencyNotification.cs:line 67
   at CallSite.Target(Closure , CallSite , IStoreAgencyNotification , Object )
   at ApiJobMarket.Controllers.A_ApiNotificationController.<CountUnreadNotification>d__1.MoveNext() in C:\Project\APIs\ApiJobMarket\ApiJobMarket\Controllers\Agency\A_ApiNotificationController.cs:line 52
2020-05-04 04:45:35,436 [124] ERROR ApiJobMarket.Controllers.A_ApiNotificationController - Failed for A_notifications-CountUnread request: Failed to execute A_Notification_CountUnread. Error: A network-related or instance-specific error occurred while establishing a connection to SQL Server. The server was not found or was not accessible. Verify that the instance name is correct and that SQL Server is configured to allow remote connections. (provider: Named Pipes Provider, error: 40 - Could not open a connection to SQL Server)
ApiJobMarket.ShareLibs.Exceptions.CustomSQLException: Failed to execute A_Notification_CountUnread. Error: A network-related or instance-specific error occurred while establishing a connection to SQL Server. The server was not found or was not accessible. Verify that the instance name is correct and that SQL Server is configured to allow remote connections. (provider: Named Pipes Provider, error: 40 - Could not open a connection to SQL Server)
   at ApiJobMarket.DB.Sql.Repositories.RpsAgencyNotification.CountUnread(Object identity) in C:\Project\APIs\ApiJobMarket\ApiJobMarket.DB.Sql\Repositories\Master\RpsAgencyNotification.cs:line 320
   at CallSite.Target(Closure , CallSite , RpsAgencyNotification , Object )
   at ApiJobMarket.DB.Sql.Stores.StoreAgencyNotification.CountUnread(Object identity) in C:\Project\APIs\ApiJobMarket\ApiJobMarket.DB.Sql\Stores\Master\StoreAgencyNotification.cs:line 67
   at CallSite.Target(Closure , CallSite , IStoreAgencyNotification , Object )
   at ApiJobMarket.Controllers.A_ApiNotificationController.<CountUnreadNotification>d__1.MoveNext() in C:\Project\APIs\ApiJobMarket\ApiJobMarket\Controllers\Agency\A_ApiNotificationController.cs:line 52
2020-05-04 04:45:35,437 [114] ERROR ApiJobMarket.Controllers.A_ApiNotificationController - Failed for A_notifications-CountUnread request: Failed to execute A_Notification_CountUnread. Error: A network-related or instance-specific error occurred while establishing a connection to SQL Server. The server was not found or was not accessible. Verify that the instance name is correct and that SQL Server is configured to allow remote connections. (provider: Named Pipes Provider, error: 40 - Could not open a connection to SQL Server)
ApiJobMarket.ShareLibs.Exceptions.CustomSQLException: Failed to execute A_Notification_CountUnread. Error: A network-related or instance-specific error occurred while establishing a connection to SQL Server. The server was not found or was not accessible. Verify that the instance name is correct and that SQL Server is configured to allow remote connections. (provider: Named Pipes Provider, error: 40 - Could not open a connection to SQL Server)
   at ApiJobMarket.DB.Sql.Repositories.RpsAgencyNotification.CountUnread(Object identity) in C:\Project\APIs\ApiJobMarket\ApiJobMarket.DB.Sql\Repositories\Master\RpsAgencyNotification.cs:line 320
   at CallSite.Target(Closure , CallSite , RpsAgencyNotification , Object )
   at ApiJobMarket.DB.Sql.Stores.StoreAgencyNotification.CountUnread(Object identity) in C:\Project\APIs\ApiJobMarket\ApiJobMarket.DB.Sql\Stores\Master\StoreAgencyNotification.cs:line 67
   at CallSite.Target(Closure , CallSite , IStoreAgencyNotification , Object )
   at ApiJobMarket.Controllers.A_ApiNotificationController.<CountUnreadNotification>d__1.MoveNext() in C:\Project\APIs\ApiJobMarket\ApiJobMarket\Controllers\Agency\A_ApiNotificationController.cs:line 52
2020-05-04 04:45:35,448 [126] ERROR ApiJobMarket.Controllers.A_ApiNotificationController - Failed for A_notifications-CountUnread request: Failed to execute A_Notification_CountUnread. Error: A network-related or instance-specific error occurred while establishing a connection to SQL Server. The server was not found or was not accessible. Verify that the instance name is correct and that SQL Server is configured to allow remote connections. (provider: Named Pipes Provider, error: 40 - Could not open a connection to SQL Server)
ApiJobMarket.ShareLibs.Exceptions.CustomSQLException: Failed to execute A_Notification_CountUnread. Error: A network-related or instance-specific error occurred while establishing a connection to SQL Server. The server was not found or was not accessible. Verify that the instance name is correct and that SQL Server is configured to allow remote connections. (provider: Named Pipes Provider, error: 40 - Could not open a connection to SQL Server)
   at ApiJobMarket.DB.Sql.Repositories.RpsAgencyNotification.CountUnread(Object identity) in C:\Project\APIs\ApiJobMarket\ApiJobMarket.DB.Sql\Repositories\Master\RpsAgencyNotification.cs:line 320
   at CallSite.Target(Closure , CallSite , RpsAgencyNotification , Object )
   at ApiJobMarket.DB.Sql.Stores.StoreAgencyNotification.CountUnread(Object identity) in C:\Project\APIs\ApiJobMarket\ApiJobMarket.DB.Sql\Stores\Master\StoreAgencyNotification.cs:line 67
   at CallSite.Target(Closure , CallSite , IStoreAgencyNotification , Object )
   at ApiJobMarket.Controllers.A_ApiNotificationController.<CountUnreadNotification>d__1.MoveNext() in C:\Project\APIs\ApiJobMarket\ApiJobMarket\Controllers\Agency\A_ApiNotificationController.cs:line 52
2020-05-04 04:45:35,448 [115] ERROR ApiJobMarket.Controllers.A_ApiNotificationController - Failed for A_notifications-CountUnread request: Failed to execute A_Notification_CountUnread. Error: A network-related or instance-specific error occurred while establishing a connection to SQL Server. The server was not found or was not accessible. Verify that the instance name is correct and that SQL Server is configured to allow remote connections. (provider: Named Pipes Provider, error: 40 - Could not open a connection to SQL Server)
ApiJobMarket.ShareLibs.Exceptions.CustomSQLException: Failed to execute A_Notification_CountUnread. Error: A network-related or instance-specific error occurred while establishing a connection to SQL Server. The server was not found or was not accessible. Verify that the instance name is correct and that SQL Server is configured to allow remote connections. (provider: Named Pipes Provider, error: 40 - Could not open a connection to SQL Server)
   at ApiJobMarket.DB.Sql.Repositories.RpsAgencyNotification.CountUnread(Object identity) in C:\Project\APIs\ApiJobMarket\ApiJobMarket.DB.Sql\Repositories\Master\RpsAgencyNotification.cs:line 320
   at CallSite.Target(Closure , CallSite , RpsAgencyNotification , Object )
   at ApiJobMarket.DB.Sql.Stores.StoreAgencyNotification.CountUnread(Object identity) in C:\Project\APIs\ApiJobMarket\ApiJobMarket.DB.Sql\Stores\Master\StoreAgencyNotification.cs:line 67
   at CallSite.Target(Closure , CallSite , IStoreAgencyNotification , Object )
   at ApiJobMarket.Controllers.A_ApiNotificationController.<CountUnreadNotification>d__1.MoveNext() in C:\Project\APIs\ApiJobMarket\ApiJobMarket\Controllers\Agency\A_ApiNotificationController.cs:line 52
2020-05-04 04:45:35,450 [127] ERROR ApiJobMarket.Controllers.A_ApiNotificationController - Failed for A_notifications-CountUnread request: Failed to execute A_Notification_CountUnread. Error: A network-related or instance-specific error occurred while establishing a connection to SQL Server. The server was not found or was not accessible. Verify that the instance name is correct and that SQL Server is configured to allow remote connections. (provider: Named Pipes Provider, error: 40 - Could not open a connection to SQL Server)
ApiJobMarket.ShareLibs.Exceptions.CustomSQLException: Failed to execute A_Notification_CountUnread. Error: A network-related or instance-specific error occurred while establishing a connection to SQL Server. The server was not found or was not accessible. Verify that the instance name is correct and that SQL Server is configured to allow remote connections. (provider: Named Pipes Provider, error: 40 - Could not open a connection to SQL Server)
   at ApiJobMarket.DB.Sql.Repositories.RpsAgencyNotification.CountUnread(Object identity) in C:\Project\APIs\ApiJobMarket\ApiJobMarket.DB.Sql\Repositories\Master\RpsAgencyNotification.cs:line 320
   at CallSite.Target(Closure , CallSite , RpsAgencyNotification , Object )
   at ApiJobMarket.DB.Sql.Stores.StoreAgencyNotification.CountUnread(Object identity) in C:\Project\APIs\ApiJobMarket\ApiJobMarket.DB.Sql\Stores\Master\StoreAgencyNotification.cs:line 67
   at CallSite.Target(Closure , CallSite , IStoreAgencyNotification , Object )
   at ApiJobMarket.Controllers.A_ApiNotificationController.<CountUnreadNotification>d__1.MoveNext() in C:\Project\APIs\ApiJobMarket\ApiJobMarket\Controllers\Agency\A_ApiNotificationController.cs:line 52
2020-05-04 04:45:35,462 [126] ERROR ApiJobMarket.Controllers.A_ApiNotificationController - Failed for A_notifications-CountUnread request: Failed to execute A_Notification_CountUnread. Error: A network-related or instance-specific error occurred while establishing a connection to SQL Server. The server was not found or was not accessible. Verify that the instance name is correct and that SQL Server is configured to allow remote connections. (provider: Named Pipes Provider, error: 40 - Could not open a connection to SQL Server)
ApiJobMarket.ShareLibs.Exceptions.CustomSQLException: Failed to execute A_Notification_CountUnread. Error: A network-related or instance-specific error occurred while establishing a connection to SQL Server. The server was not found or was not accessible. Verify that the instance name is correct and that SQL Server is configured to allow remote connections. (provider: Named Pipes Provider, error: 40 - Could not open a connection to SQL Server)
   at ApiJobMarket.DB.Sql.Repositories.RpsAgencyNotification.CountUnread(Object identity) in C:\Project\APIs\ApiJobMarket\ApiJobMarket.DB.Sql\Repositories\Master\RpsAgencyNotification.cs:line 320
   at CallSite.Target(Closure , CallSite , RpsAgencyNotification , Object )
   at ApiJobMarket.DB.Sql.Stores.StoreAgencyNotification.CountUnread(Object identity) in C:\Project\APIs\ApiJobMarket\ApiJobMarket.DB.Sql\Stores\Master\StoreAgencyNotification.cs:line 67
   at CallSite.Target(Closure , CallSite , IStoreAgencyNotification , Object )
   at ApiJobMarket.Controllers.A_ApiNotificationController.<CountUnreadNotification>d__1.MoveNext() in C:\Project\APIs\ApiJobMarket\ApiJobMarket\Controllers\Agency\A_ApiNotificationController.cs:line 52
2020-05-04 04:45:35,463 [127] ERROR ApiJobMarket.Controllers.A_ApiNotificationController - Failed for A_notifications-CountUnread request: Failed to execute A_Notification_CountUnread. Error: A network-related or instance-specific error occurred while establishing a connection to SQL Server. The server was not found or was not accessible. Verify that the instance name is correct and that SQL Server is configured to allow remote connections. (provider: Named Pipes Provider, error: 40 - Could not open a connection to SQL Server)
ApiJobMarket.ShareLibs.Exceptions.CustomSQLException: Failed to execute A_Notification_CountUnread. Error: A network-related or instance-specific error occurred while establishing a connection to SQL Server. The server was not found or was not accessible. Verify that the instance name is correct and that SQL Server is configured to allow remote connections. (provider: Named Pipes Provider, error: 40 - Could not open a connection to SQL Server)
   at ApiJobMarket.DB.Sql.Repositories.RpsAgencyNotification.CountUnread(Object identity) in C:\Project\APIs\ApiJobMarket\ApiJobMarket.DB.Sql\Repositories\Master\RpsAgencyNotification.cs:line 320
   at CallSite.Target(Closure , CallSite , RpsAgencyNotification , Object )
   at ApiJobMarket.DB.Sql.Stores.StoreAgencyNotification.CountUnread(Object identity) in C:\Project\APIs\ApiJobMarket\ApiJobMarket.DB.Sql\Stores\Master\StoreAgencyNotification.cs:line 67
   at CallSite.Target(Closure , CallSite , IStoreAgencyNotification , Object )
   at ApiJobMarket.Controllers.A_ApiNotificationController.<CountUnreadNotification>d__1.MoveNext() in C:\Project\APIs\ApiJobMarket\ApiJobMarket\Controllers\Agency\A_ApiNotificationController.cs:line 52
2020-05-04 04:45:35,464 [135] ERROR ApiJobMarket.Controllers.A_ApiNotificationController - Failed for A_notifications-CountUnread request: Failed to execute A_Notification_CountUnread. Error: A network-related or instance-specific error occurred while establishing a connection to SQL Server. The server was not found or was not accessible. Verify that the instance name is correct and that SQL Server is configured to allow remote connections. (provider: Named Pipes Provider, error: 40 - Could not open a connection to SQL Server)
ApiJobMarket.ShareLibs.Exceptions.CustomSQLException: Failed to execute A_Notification_CountUnread. Error: A network-related or instance-specific error occurred while establishing a connection to SQL Server. The server was not found or was not accessible. Verify that the instance name is correct and that SQL Server is configured to allow remote connections. (provider: Named Pipes Provider, error: 40 - Could not open a connection to SQL Server)
   at ApiJobMarket.DB.Sql.Repositories.RpsAgencyNotification.CountUnread(Object identity) in C:\Project\APIs\ApiJobMarket\ApiJobMarket.DB.Sql\Repositories\Master\RpsAgencyNotification.cs:line 320
   at CallSite.Target(Closure , CallSite , RpsAgencyNotification , Object )
   at ApiJobMarket.DB.Sql.Stores.StoreAgencyNotification.CountUnread(Object identity) in C:\Project\APIs\ApiJobMarket\ApiJobMarket.DB.Sql\Stores\Master\StoreAgencyNotification.cs:line 67
   at CallSite.Target(Closure , CallSite , IStoreAgencyNotification , Object )
   at ApiJobMarket.Controllers.A_ApiNotificationController.<CountUnreadNotification>d__1.MoveNext() in C:\Project\APIs\ApiJobMarket\ApiJobMarket\Controllers\Agency\A_ApiNotificationController.cs:line 52
2020-05-04 04:45:35,473 [127] ERROR ApiJobMarket.Controllers.A_ApiNotificationController - Failed for A_notifications-CountUnread request: Failed to execute A_Notification_CountUnread. Error: A network-related or instance-specific error occurred while establishing a connection to SQL Server. The server was not found or was not accessible. Verify that the instance name is correct and that SQL Server is configured to allow remote connections. (provider: Named Pipes Provider, error: 40 - Could not open a connection to SQL Server)
ApiJobMarket.ShareLibs.Exceptions.CustomSQLException: Failed to execute A_Notification_CountUnread. Error: A network-related or instance-specific error occurred while establishing a connection to SQL Server. The server was not found or was not accessible. Verify that the instance name is correct and that SQL Server is configured to allow remote connections. (provider: Named Pipes Provider, error: 40 - Could not open a connection to SQL Server)
   at ApiJobMarket.DB.Sql.Repositories.RpsAgencyNotification.CountUnread(Object identity) in C:\Project\APIs\ApiJobMarket\ApiJobMarket.DB.Sql\Repositories\Master\RpsAgencyNotification.cs:line 320
   at CallSite.Target(Closure , CallSite , RpsAgencyNotification , Object )
   at ApiJobMarket.DB.Sql.Stores.StoreAgencyNotification.CountUnread(Object identity) in C:\Project\APIs\ApiJobMarket\ApiJobMarket.DB.Sql\Stores\Master\StoreAgencyNotification.cs:line 67
   at CallSite.Target(Closure , CallSite , IStoreAgencyNotification , Object )
   at ApiJobMarket.Controllers.A_ApiNotificationController.<CountUnreadNotification>d__1.MoveNext() in C:\Project\APIs\ApiJobMarket\ApiJobMarket\Controllers\Agency\A_ApiNotificationController.cs:line 52
2020-05-04 04:45:36,232 [129] ERROR ApiJobMarket.Controllers.A_ApiNotificationController - Failed for A_notifications-CountUnread request: Failed to execute A_Notification_CountUnread. Error: A network-related or instance-specific error occurred while establishing a connection to SQL Server. The server was not found or was not accessible. Verify that the instance name is correct and that SQL Server is configured to allow remote connections. (provider: Named Pipes Provider, error: 40 - Could not open a connection to SQL Server)
ApiJobMarket.ShareLibs.Exceptions.CustomSQLException: Failed to execute A_Notification_CountUnread. Error: A network-related or instance-specific error occurred while establishing a connection to SQL Server. The server was not found or was not accessible. Verify that the instance name is correct and that SQL Server is configured to allow remote connections. (provider: Named Pipes Provider, error: 40 - Could not open a connection to SQL Server)
   at ApiJobMarket.DB.Sql.Repositories.RpsAgencyNotification.CountUnread(Object identity) in C:\Project\APIs\ApiJobMarket\ApiJobMarket.DB.Sql\Repositories\Master\RpsAgencyNotification.cs:line 320
   at CallSite.Target(Closure , CallSite , RpsAgencyNotification , Object )
   at ApiJobMarket.DB.Sql.Stores.StoreAgencyNotification.CountUnread(Object identity) in C:\Project\APIs\ApiJobMarket\ApiJobMarket.DB.Sql\Stores\Master\StoreAgencyNotification.cs:line 67
   at CallSite.Target(Closure , CallSite , IStoreAgencyNotification , Object )
   at ApiJobMarket.Controllers.A_ApiNotificationController.<CountUnreadNotification>d__1.MoveNext() in C:\Project\APIs\ApiJobMarket\ApiJobMarket\Controllers\Agency\A_ApiNotificationController.cs:line 52
2020-05-04 04:45:37,229 [92] ERROR ApiJobMarket.Controllers.A_ApiNotificationController - Failed for A_notifications-CountUnread request: Failed to execute A_Notification_CountUnread. Error: A network-related or instance-specific error occurred while establishing a connection to SQL Server. The server was not found or was not accessible. Verify that the instance name is correct and that SQL Server is configured to allow remote connections. (provider: Named Pipes Provider, error: 40 - Could not open a connection to SQL Server)
ApiJobMarket.ShareLibs.Exceptions.CustomSQLException: Failed to execute A_Notification_CountUnread. Error: A network-related or instance-specific error occurred while establishing a connection to SQL Server. The server was not found or was not accessible. Verify that the instance name is correct and that SQL Server is configured to allow remote connections. (provider: Named Pipes Provider, error: 40 - Could not open a connection to SQL Server)
   at ApiJobMarket.DB.Sql.Repositories.RpsAgencyNotification.CountUnread(Object identity) in C:\Project\APIs\ApiJobMarket\ApiJobMarket.DB.Sql\Repositories\Master\RpsAgencyNotification.cs:line 320
   at CallSite.Target(Closure , CallSite , RpsAgencyNotification , Object )
   at ApiJobMarket.DB.Sql.Stores.StoreAgencyNotification.CountUnread(Object identity) in C:\Project\APIs\ApiJobMarket\ApiJobMarket.DB.Sql\Stores\Master\StoreAgencyNotification.cs:line 67
   at CallSite.Target(Closure , CallSite , IStoreAgencyNotification , Object )
   at ApiJobMarket.Controllers.A_ApiNotificationController.<CountUnreadNotification>d__1.MoveNext() in C:\Project\APIs\ApiJobMarket\ApiJobMarket\Controllers\Agency\A_ApiNotificationController.cs:line 52
2020-05-04 04:45:37,236 [126] ERROR ApiJobMarket.Controllers.A_ApiNotificationController - Failed for A_notifications-CountUnread request: Failed to execute A_Notification_CountUnread. Error: A network-related or instance-specific error occurred while establishing a connection to SQL Server. The server was not found or was not accessible. Verify that the instance name is correct and that SQL Server is configured to allow remote connections. (provider: Named Pipes Provider, error: 40 - Could not open a connection to SQL Server)
ApiJobMarket.ShareLibs.Exceptions.CustomSQLException: Failed to execute A_Notification_CountUnread. Error: A network-related or instance-specific error occurred while establishing a connection to SQL Server. The server was not found or was not accessible. Verify that the instance name is correct and that SQL Server is configured to allow remote connections. (provider: Named Pipes Provider, error: 40 - Could not open a connection to SQL Server)
   at ApiJobMarket.DB.Sql.Repositories.RpsAgencyNotification.CountUnread(Object identity) in C:\Project\APIs\ApiJobMarket\ApiJobMarket.DB.Sql\Repositories\Master\RpsAgencyNotification.cs:line 320
   at CallSite.Target(Closure , CallSite , RpsAgencyNotification , Object )
   at ApiJobMarket.DB.Sql.Stores.StoreAgencyNotification.CountUnread(Object identity) in C:\Project\APIs\ApiJobMarket\ApiJobMarket.DB.Sql\Stores\Master\StoreAgencyNotification.cs:line 67
   at CallSite.Target(Closure , CallSite , IStoreAgencyNotification , Object )
   at ApiJobMarket.Controllers.A_ApiNotificationController.<CountUnreadNotification>d__1.MoveNext() in C:\Project\APIs\ApiJobMarket\ApiJobMarket\Controllers\Agency\A_ApiNotificationController.cs:line 52
2020-05-04 04:45:40,233 [114] ERROR ApiJobMarket.Controllers.A_ApiNotificationController - Failed for A_notifications-CountUnread request: Failed to execute A_Notification_CountUnread. Error: A network-related or instance-specific error occurred while establishing a connection to SQL Server. The server was not found or was not accessible. Verify that the instance name is correct and that SQL Server is configured to allow remote connections. (provider: Named Pipes Provider, error: 40 - Could not open a connection to SQL Server)
ApiJobMarket.ShareLibs.Exceptions.CustomSQLException: Failed to execute A_Notification_CountUnread. Error: A network-related or instance-specific error occurred while establishing a connection to SQL Server. The server was not found or was not accessible. Verify that the instance name is correct and that SQL Server is configured to allow remote connections. (provider: Named Pipes Provider, error: 40 - Could not open a connection to SQL Server)
   at ApiJobMarket.DB.Sql.Repositories.RpsAgencyNotification.CountUnread(Object identity) in C:\Project\APIs\ApiJobMarket\ApiJobMarket.DB.Sql\Repositories\Master\RpsAgencyNotification.cs:line 320
   at CallSite.Target(Closure , CallSite , RpsAgencyNotification , Object )
   at ApiJobMarket.DB.Sql.Stores.StoreAgencyNotification.CountUnread(Object identity) in C:\Project\APIs\ApiJobMarket\ApiJobMarket.DB.Sql\Stores\Master\StoreAgencyNotification.cs:line 67
   at CallSite.Target(Closure , CallSite , IStoreAgencyNotification , Object )
   at ApiJobMarket.Controllers.A_ApiNotificationController.<CountUnreadNotification>d__1.MoveNext() in C:\Project\APIs\ApiJobMarket\ApiJobMarket\Controllers\Agency\A_ApiNotificationController.cs:line 52
2020-05-04 04:46:09,437 [115] ERROR ApiJobMarket.Controllers.A_ApiNotificationController - Failed for A_notifications-CountUnread request: Failed to execute A_Notification_CountUnread. Error: A transport-level error has occurred when receiving results from the server. (provider: Session Provider, error: 19 - Physical connection is not usable)
ApiJobMarket.ShareLibs.Exceptions.CustomSQLException: Failed to execute A_Notification_CountUnread. Error: A transport-level error has occurred when receiving results from the server. (provider: Session Provider, error: 19 - Physical connection is not usable)
   at ApiJobMarket.DB.Sql.Repositories.RpsAgencyNotification.CountUnread(Object identity) in C:\Project\APIs\ApiJobMarket\ApiJobMarket.DB.Sql\Repositories\Master\RpsAgencyNotification.cs:line 320
   at CallSite.Target(Closure , CallSite , RpsAgencyNotification , Object )
   at ApiJobMarket.DB.Sql.Stores.StoreAgencyNotification.CountUnread(Object identity) in C:\Project\APIs\ApiJobMarket\ApiJobMarket.DB.Sql\Stores\Master\StoreAgencyNotification.cs:line 67
   at CallSite.Target(Closure , CallSite , IStoreAgencyNotification , Object )
   at ApiJobMarket.Controllers.A_ApiNotificationController.<CountUnreadNotification>d__1.MoveNext() in C:\Project\APIs\ApiJobMarket\ApiJobMarket\Controllers\Agency\A_ApiNotificationController.cs:line 52
2020-05-04 04:46:10,433 [129] ERROR ApiJobMarket.Controllers.A_ApiNotificationController - Failed for A_notifications-CountUnread request: Failed to execute A_Notification_CountUnread. Error: A transport-level error has occurred when receiving results from the server. (provider: Session Provider, error: 19 - Physical connection is not usable)
ApiJobMarket.ShareLibs.Exceptions.CustomSQLException: Failed to execute A_Notification_CountUnread. Error: A transport-level error has occurred when receiving results from the server. (provider: Session Provider, error: 19 - Physical connection is not usable)
   at ApiJobMarket.DB.Sql.Repositories.RpsAgencyNotification.CountUnread(Object identity) in C:\Project\APIs\ApiJobMarket\ApiJobMarket.DB.Sql\Repositories\Master\RpsAgencyNotification.cs:line 320
   at CallSite.Target(Closure , CallSite , RpsAgencyNotification , Object )
   at ApiJobMarket.DB.Sql.Stores.StoreAgencyNotification.CountUnread(Object identity) in C:\Project\APIs\ApiJobMarket\ApiJobMarket.DB.Sql\Stores\Master\StoreAgencyNotification.cs:line 67
   at CallSite.Target(Closure , CallSite , IStoreAgencyNotification , Object )
   at ApiJobMarket.Controllers.A_ApiNotificationController.<CountUnreadNotification>d__1.MoveNext() in C:\Project\APIs\ApiJobMarket\ApiJobMarket\Controllers\Agency\A_ApiNotificationController.cs:line 52
2020-05-04 04:46:11,437 [135] ERROR ApiJobMarket.Controllers.A_ApiNotificationController - Failed for A_notifications-CountUnread request: Failed to execute A_Notification_CountUnread. Error: A transport-level error has occurred when receiving results from the server. (provider: Session Provider, error: 19 - Physical connection is not usable)
ApiJobMarket.ShareLibs.Exceptions.CustomSQLException: Failed to execute A_Notification_CountUnread. Error: A transport-level error has occurred when receiving results from the server. (provider: Session Provider, error: 19 - Physical connection is not usable)
   at ApiJobMarket.DB.Sql.Repositories.RpsAgencyNotification.CountUnread(Object identity) in C:\Project\APIs\ApiJobMarket\ApiJobMarket.DB.Sql\Repositories\Master\RpsAgencyNotification.cs:line 320
   at CallSite.Target(Closure , CallSite , RpsAgencyNotification , Object )
   at ApiJobMarket.DB.Sql.Stores.StoreAgencyNotification.CountUnread(Object identity) in C:\Project\APIs\ApiJobMarket\ApiJobMarket.DB.Sql\Stores\Master\StoreAgencyNotification.cs:line 67
   at CallSite.Target(Closure , CallSite , IStoreAgencyNotification , Object )
   at ApiJobMarket.Controllers.A_ApiNotificationController.<CountUnreadNotification>d__1.MoveNext() in C:\Project\APIs\ApiJobMarket\ApiJobMarket\Controllers\Agency\A_ApiNotificationController.cs:line 52
2020-05-04 04:46:26,853 [126] ERROR ApiJobMarket.Controllers.A_ApiNotificationController - Failed for A_notifications-CountUnread request: Failed to execute A_Notification_CountUnread. Error: A transport-level error has occurred when receiving results from the server. (provider: Session Provider, error: 19 - Physical connection is not usable)
ApiJobMarket.ShareLibs.Exceptions.CustomSQLException: Failed to execute A_Notification_CountUnread. Error: A transport-level error has occurred when receiving results from the server. (provider: Session Provider, error: 19 - Physical connection is not usable)
   at ApiJobMarket.DB.Sql.Repositories.RpsAgencyNotification.CountUnread(Object identity) in C:\Project\APIs\ApiJobMarket\ApiJobMarket.DB.Sql\Repositories\Master\RpsAgencyNotification.cs:line 320
   at CallSite.Target(Closure , CallSite , RpsAgencyNotification , Object )
   at ApiJobMarket.DB.Sql.Stores.StoreAgencyNotification.CountUnread(Object identity) in C:\Project\APIs\ApiJobMarket\ApiJobMarket.DB.Sql\Stores\Master\StoreAgencyNotification.cs:line 67
   at CallSite.Target(Closure , CallSite , IStoreAgencyNotification , Object )
   at ApiJobMarket.Controllers.A_ApiNotificationController.<CountUnreadNotification>d__1.MoveNext() in C:\Project\APIs\ApiJobMarket\ApiJobMarket\Controllers\Agency\A_ApiNotificationController.cs:line 52
2020-05-04 14:09:37,041 [60] INFO  ApiJobMarket.Startup - ======================================================
2020-05-04 14:09:37,053 [60] INFO  ApiJobMarket.Startup - ApiJobMarket is starting up
2020-05-04 14:09:37,053 [60] INFO  ApiJobMarket.Startup - ======================================================
2020-05-04 14:09:37,178 [60] INFO  ApiJobMarket.Startup - ======================================================
2020-05-04 14:09:37,179 [60] INFO  ApiJobMarket.Startup - ApiJobMarket is successfully configured
2020-05-04 14:09:37,179 [60] INFO  ApiJobMarket.Startup - ======================================================
2020-05-04 14:57:43,923 [160] INFO  ApiJobMarket.Startup - ======================================================
2020-05-04 14:57:43,935 [160] INFO  ApiJobMarket.Startup - ApiJobMarket is starting up
2020-05-04 14:57:43,936 [160] INFO  ApiJobMarket.Startup - ======================================================
2020-05-04 14:57:44,062 [160] INFO  ApiJobMarket.Startup - ======================================================
2020-05-04 14:57:44,063 [160] INFO  ApiJobMarket.Startup - ApiJobMarket is successfully configured
2020-05-04 14:57:44,064 [160] INFO  ApiJobMarket.Startup - ======================================================
2020-05-04 15:25:43,263 [118] INFO  ApiJobMarket.Startup - ======================================================
2020-05-04 15:25:43,279 [118] INFO  ApiJobMarket.Startup - ApiJobMarket is starting up
2020-05-04 15:25:43,280 [118] INFO  ApiJobMarket.Startup - ======================================================
2020-05-04 15:25:43,425 [118] INFO  ApiJobMarket.Startup - ======================================================
2020-05-04 15:25:43,426 [118] INFO  ApiJobMarket.Startup - ApiJobMarket is successfully configured
2020-05-04 15:25:43,426 [118] INFO  ApiJobMarket.Startup - ======================================================
2020-05-04 15:52:24,631 [1] INFO  ApiJobMarket.Startup - ======================================================
2020-05-04 15:52:24,645 [1] INFO  ApiJobMarket.Startup - ApiJobMarket is starting up
2020-05-04 15:52:24,646 [1] INFO  ApiJobMarket.Startup - ======================================================
2020-05-04 15:52:24,770 [1] INFO  ApiJobMarket.Startup - ======================================================
2020-05-04 15:52:24,771 [1] INFO  ApiJobMarket.Startup - ApiJobMarket is successfully configured
2020-05-04 15:52:24,772 [1] INFO  ApiJobMarket.Startup - ======================================================
2020-05-04 16:14:17,739 [138] INFO  ApiJobMarket.Startup - ======================================================
2020-05-04 16:14:17,751 [138] INFO  ApiJobMarket.Startup - ApiJobMarket is starting up
2020-05-04 16:14:17,751 [138] INFO  ApiJobMarket.Startup - ======================================================
2020-05-04 16:14:17,866 [138] INFO  ApiJobMarket.Startup - ======================================================
2020-05-04 16:14:17,867 [138] INFO  ApiJobMarket.Startup - ApiJobMarket is successfully configured
2020-05-04 16:14:17,867 [138] INFO  ApiJobMarket.Startup - ======================================================
2020-05-04 17:39:47,031 [163] INFO  ApiJobMarket.Startup - ======================================================
2020-05-04 17:39:47,045 [163] INFO  ApiJobMarket.Startup - ApiJobMarket is starting up
2020-05-04 17:39:47,046 [163] INFO  ApiJobMarket.Startup - ======================================================
2020-05-04 17:39:47,194 [163] INFO  ApiJobMarket.Startup - ======================================================
2020-05-04 17:39:47,195 [163] INFO  ApiJobMarket.Startup - ApiJobMarket is successfully configured
2020-05-04 17:39:47,196 [163] INFO  ApiJobMarket.Startup - ======================================================
2020-05-04 17:41:11,807 [151] ERROR ApiJobMarket.Helpers.CommonHelpers - Could not GetListJapaneseLevels: ApiJobMarket.ShareLibs.Exceptions.CustomSQLException: Failed to execute JapaneseLevel_GetList. Error: A connection was successfully established with the server, but then an error occurred during the pre-login handshake. (provider: SSL Provider, error: 0 - The wait operation timed out.)
   at ApiJobMarket.DB.Sql.Repositories.RpsJapaneseLevel.GetList() in C:\Project\APIs\ApiJobMarket\ApiJobMarket.DB.Sql\Repositories\Master\RpsJapaneseLevel.cs:line 245
   at ApiJobMarket.DB.Sql.Stores.StoreJapaneseLevel.GetList() in C:\Project\APIs\ApiJobMarket\ApiJobMarket.DB.Sql\Stores\Master\StoreJapaneseLevel.cs:line 64
   at ApiJobMarket.Helpers.CommonHelpers.GetListJapaneseLevels() in C:\Project\APIs\ApiJobMarket\ApiJobMarket\Helpers\Master\CommonHelpers.cs:line 871
2020-05-04 17:51:26,712 [118] INFO  ApiJobMarket.Startup - ======================================================
2020-05-04 17:51:26,725 [118] INFO  ApiJobMarket.Startup - ApiJobMarket is starting up
2020-05-04 17:51:26,726 [118] INFO  ApiJobMarket.Startup - ======================================================
2020-05-04 17:51:26,876 [118] INFO  ApiJobMarket.Startup - ======================================================
2020-05-04 17:51:26,877 [118] INFO  ApiJobMarket.Startup - ApiJobMarket is successfully configured
2020-05-04 17:51:26,878 [118] INFO  ApiJobMarket.Startup - ======================================================
2020-05-04 17:51:47,182 [103] INFO  ApiJobMarket.Startup - ======================================================
2020-05-04 17:51:47,194 [103] INFO  ApiJobMarket.Startup - ApiJobMarket is starting up
2020-05-04 17:51:47,195 [103] INFO  ApiJobMarket.Startup - ======================================================
2020-05-04 17:51:47,347 [103] INFO  ApiJobMarket.Startup - ======================================================
2020-05-04 17:51:47,348 [103] INFO  ApiJobMarket.Startup - ApiJobMarket is successfully configured
2020-05-04 17:51:47,349 [103] INFO  ApiJobMarket.Startup - ======================================================
