2020-04-30 01:14:45,450 [7] ERROR ApiJobMarket.Controllers.A_ApiNotificationController - Failed for A_notifications-CountUnread request: Failed to execute A_Notification_CountUnread. Error: A transport-level error has occurred when receiving results from the server. (provider: Session Provider, error: 19 - Physical connection is not usable)
ApiJobMarket.ShareLibs.Exceptions.CustomSQLException: Failed to execute A_Notification_CountUnread. Error: A transport-level error has occurred when receiving results from the server. (provider: Session Provider, error: 19 - Physical connection is not usable)
   at ApiJobMarket.DB.Sql.Repositories.RpsAgencyNotification.CountUnread(Object identity) in C:\Project\APIs\ApiJobMarket\ApiJobMarket.DB.Sql\Repositories\Master\RpsAgencyNotification.cs:line 320
   at CallSite.Target(Closure , CallSite , RpsAgencyNotification , Object )
   at ApiJobMarket.DB.Sql.Stores.StoreAgencyNotification.CountUnread(Object identity) in C:\Project\APIs\ApiJobMarket\ApiJobMarket.DB.Sql\Stores\Master\StoreAgencyNotification.cs:line 67
   at CallSite.Target(Closure , CallSite , IStoreAgencyNotification , Object )
   at ApiJobMarket.Controllers.A_ApiNotificationController.<CountUnreadNotification>d__1.MoveNext() in C:\Project\APIs\ApiJobMarket\ApiJobMarket\Controllers\Agency\A_ApiNotificationController.cs:line 52
2020-04-30 01:14:46,437 [45] ERROR ApiJobMarket.Controllers.A_ApiNotificationController - Failed for A_notifications-CountUnread request: Failed to execute A_Notification_CountUnread. Error: A transport-level error has occurred when receiving results from the server. (provider: Session Provider, error: 19 - Physical connection is not usable)
ApiJobMarket.ShareLibs.Exceptions.CustomSQLException: Failed to execute A_Notification_CountUnread. Error: A transport-level error has occurred when receiving results from the server. (provider: Session Provider, error: 19 - Physical connection is not usable)
   at ApiJobMarket.DB.Sql.Repositories.RpsAgencyNotification.CountUnread(Object identity) in C:\Project\APIs\ApiJobMarket\ApiJobMarket.DB.Sql\Repositories\Master\RpsAgencyNotification.cs:line 320
   at CallSite.Target(Closure , CallSite , RpsAgencyNotification , Object )
   at ApiJobMarket.DB.Sql.Stores.StoreAgencyNotification.CountUnread(Object identity) in C:\Project\APIs\ApiJobMarket\ApiJobMarket.DB.Sql\Stores\Master\StoreAgencyNotification.cs:line 67
   at CallSite.Target(Closure , CallSite , IStoreAgencyNotification , Object )
   at ApiJobMarket.Controllers.A_ApiNotificationController.<CountUnreadNotification>d__1.MoveNext() in C:\Project\APIs\ApiJobMarket\ApiJobMarket\Controllers\Agency\A_ApiNotificationController.cs:line 52
2020-04-30 01:15:54,448 [125] ERROR ApiJobMarket.Controllers.A_ApiNotificationController - Failed for A_notifications-CountUnread request: Failed to execute A_Notification_CountUnread. Error: A transport-level error has occurred when receiving results from the server. (provider: Session Provider, error: 19 - Physical connection is not usable)
ApiJobMarket.ShareLibs.Exceptions.CustomSQLException: Failed to execute A_Notification_CountUnread. Error: A transport-level error has occurred when receiving results from the server. (provider: Session Provider, error: 19 - Physical connection is not usable)
   at ApiJobMarket.DB.Sql.Repositories.RpsAgencyNotification.CountUnread(Object identity) in C:\Project\APIs\ApiJobMarket\ApiJobMarket.DB.Sql\Repositories\Master\RpsAgencyNotification.cs:line 320
   at CallSite.Target(Closure , CallSite , RpsAgencyNotification , Object )
   at ApiJobMarket.DB.Sql.Stores.StoreAgencyNotification.CountUnread(Object identity) in C:\Project\APIs\ApiJobMarket\ApiJobMarket.DB.Sql\Stores\Master\StoreAgencyNotification.cs:line 67
   at CallSite.Target(Closure , CallSite , IStoreAgencyNotification , Object )
   at ApiJobMarket.Controllers.A_ApiNotificationController.<CountUnreadNotification>d__1.MoveNext() in C:\Project\APIs\ApiJobMarket\ApiJobMarket\Controllers\Agency\A_ApiNotificationController.cs:line 52
2020-04-30 01:16:03,444 [99] ERROR ApiJobMarket.Controllers.A_ApiNotificationController - Failed for A_notifications-CountUnread request: Failed to execute A_Notification_CountUnread. Error: A transport-level error has occurred when receiving results from the server. (provider: Session Provider, error: 19 - Physical connection is not usable)
ApiJobMarket.ShareLibs.Exceptions.CustomSQLException: Failed to execute A_Notification_CountUnread. Error: A transport-level error has occurred when receiving results from the server. (provider: Session Provider, error: 19 - Physical connection is not usable)
   at ApiJobMarket.DB.Sql.Repositories.RpsAgencyNotification.CountUnread(Object identity) in C:\Project\APIs\ApiJobMarket\ApiJobMarket.DB.Sql\Repositories\Master\RpsAgencyNotification.cs:line 320
   at CallSite.Target(Closure , CallSite , RpsAgencyNotification , Object )
   at ApiJobMarket.DB.Sql.Stores.StoreAgencyNotification.CountUnread(Object identity) in C:\Project\APIs\ApiJobMarket\ApiJobMarket.DB.Sql\Stores\Master\StoreAgencyNotification.cs:line 67
   at CallSite.Target(Closure , CallSite , IStoreAgencyNotification , Object )
   at ApiJobMarket.Controllers.A_ApiNotificationController.<CountUnreadNotification>d__1.MoveNext() in C:\Project\APIs\ApiJobMarket\ApiJobMarket\Controllers\Agency\A_ApiNotificationController.cs:line 52
2020-04-30 01:16:05,444 [17] ERROR ApiJobMarket.Controllers.A_ApiNotificationController - Failed for A_notifications-CountUnread request: Failed to execute A_Notification_CountUnread. Error: A transport-level error has occurred when receiving results from the server. (provider: Session Provider, error: 19 - Physical connection is not usable)
ApiJobMarket.ShareLibs.Exceptions.CustomSQLException: Failed to execute A_Notification_CountUnread. Error: A transport-level error has occurred when receiving results from the server. (provider: Session Provider, error: 19 - Physical connection is not usable)
   at ApiJobMarket.DB.Sql.Repositories.RpsAgencyNotification.CountUnread(Object identity) in C:\Project\APIs\ApiJobMarket\ApiJobMarket.DB.Sql\Repositories\Master\RpsAgencyNotification.cs:line 320
   at CallSite.Target(Closure , CallSite , RpsAgencyNotification , Object )
   at ApiJobMarket.DB.Sql.Stores.StoreAgencyNotification.CountUnread(Object identity) in C:\Project\APIs\ApiJobMarket\ApiJobMarket.DB.Sql\Stores\Master\StoreAgencyNotification.cs:line 67
   at CallSite.Target(Closure , CallSite , IStoreAgencyNotification , Object )
   at ApiJobMarket.Controllers.A_ApiNotificationController.<CountUnreadNotification>d__1.MoveNext() in C:\Project\APIs\ApiJobMarket\ApiJobMarket\Controllers\Agency\A_ApiNotificationController.cs:line 52
2020-04-30 01:16:09,472 [128] ERROR ApiJobMarket.Controllers.A_ApiNotificationController - Failed for A_notifications-CountUnread request: Failed to execute A_Notification_CountUnread. Error: Timeout expired.  The timeout period elapsed prior to obtaining a connection from the pool.  This may have occurred because all pooled connections were in use and max pool size was reached.
ApiJobMarket.ShareLibs.Exceptions.CustomSQLException: Failed to execute A_Notification_CountUnread. Error: Timeout expired.  The timeout period elapsed prior to obtaining a connection from the pool.  This may have occurred because all pooled connections were in use and max pool size was reached.
   at ApiJobMarket.DB.Sql.Repositories.RpsAgencyNotification.CountUnread(Object identity) in C:\Project\APIs\ApiJobMarket\ApiJobMarket.DB.Sql\Repositories\Master\RpsAgencyNotification.cs:line 320
   at CallSite.Target(Closure , CallSite , RpsAgencyNotification , Object )
   at ApiJobMarket.DB.Sql.Stores.StoreAgencyNotification.CountUnread(Object identity) in C:\Project\APIs\ApiJobMarket\ApiJobMarket.DB.Sql\Stores\Master\StoreAgencyNotification.cs:line 67
   at CallSite.Target(Closure , CallSite , IStoreAgencyNotification , Object )
   at ApiJobMarket.Controllers.A_ApiNotificationController.<CountUnreadNotification>d__1.MoveNext() in C:\Project\APIs\ApiJobMarket\ApiJobMarket\Controllers\Agency\A_ApiNotificationController.cs:line 52
2020-04-30 01:16:18,455 [136] ERROR ApiJobMarket.Controllers.A_ApiNotificationController - Failed for A_notifications-CountUnread request: Failed to execute A_Notification_CountUnread. Error: Timeout expired.  The timeout period elapsed prior to obtaining a connection from the pool.  This may have occurred because all pooled connections were in use and max pool size was reached.
ApiJobMarket.ShareLibs.Exceptions.CustomSQLException: Failed to execute A_Notification_CountUnread. Error: Timeout expired.  The timeout period elapsed prior to obtaining a connection from the pool.  This may have occurred because all pooled connections were in use and max pool size was reached.
   at ApiJobMarket.DB.Sql.Repositories.RpsAgencyNotification.CountUnread(Object identity) in C:\Project\APIs\ApiJobMarket\ApiJobMarket.DB.Sql\Repositories\Master\RpsAgencyNotification.cs:line 320
   at CallSite.Target(Closure , CallSite , RpsAgencyNotification , Object )
   at ApiJobMarket.DB.Sql.Stores.StoreAgencyNotification.CountUnread(Object identity) in C:\Project\APIs\ApiJobMarket\ApiJobMarket.DB.Sql\Stores\Master\StoreAgencyNotification.cs:line 67
   at CallSite.Target(Closure , CallSite , IStoreAgencyNotification , Object )
   at ApiJobMarket.Controllers.A_ApiNotificationController.<CountUnreadNotification>d__1.MoveNext() in C:\Project\APIs\ApiJobMarket\ApiJobMarket\Controllers\Agency\A_ApiNotificationController.cs:line 52
2020-04-30 01:16:20,457 [125] ERROR ApiJobMarket.Controllers.A_ApiNotificationController - Failed for A_notifications-CountUnread request: Failed to execute A_Notification_CountUnread. Error: Timeout expired.  The timeout period elapsed prior to obtaining a connection from the pool.  This may have occurred because all pooled connections were in use and max pool size was reached.
ApiJobMarket.ShareLibs.Exceptions.CustomSQLException: Failed to execute A_Notification_CountUnread. Error: Timeout expired.  The timeout period elapsed prior to obtaining a connection from the pool.  This may have occurred because all pooled connections were in use and max pool size was reached.
   at ApiJobMarket.DB.Sql.Repositories.RpsAgencyNotification.CountUnread(Object identity) in C:\Project\APIs\ApiJobMarket\ApiJobMarket.DB.Sql\Repositories\Master\RpsAgencyNotification.cs:line 320
   at CallSite.Target(Closure , CallSite , RpsAgencyNotification , Object )
   at ApiJobMarket.DB.Sql.Stores.StoreAgencyNotification.CountUnread(Object identity) in C:\Project\APIs\ApiJobMarket\ApiJobMarket.DB.Sql\Stores\Master\StoreAgencyNotification.cs:line 67
   at CallSite.Target(Closure , CallSite , IStoreAgencyNotification , Object )
   at ApiJobMarket.Controllers.A_ApiNotificationController.<CountUnreadNotification>d__1.MoveNext() in C:\Project\APIs\ApiJobMarket\ApiJobMarket\Controllers\Agency\A_ApiNotificationController.cs:line 52
2020-04-30 01:16:22,839 [141] ERROR ApiJobMarket.Controllers.A_ApiNotificationController - Failed for A_notifications-CountUnread request: Failed to execute A_Notification_CountUnread. Error: A network-related or instance-specific error occurred while establishing a connection to SQL Server. The server was not found or was not accessible. Verify that the instance name is correct and that SQL Server is configured to allow remote connections. (provider: Named Pipes Provider, error: 40 - Could not open a connection to SQL Server)
ApiJobMarket.ShareLibs.Exceptions.CustomSQLException: Failed to execute A_Notification_CountUnread. Error: A network-related or instance-specific error occurred while establishing a connection to SQL Server. The server was not found or was not accessible. Verify that the instance name is correct and that SQL Server is configured to allow remote connections. (provider: Named Pipes Provider, error: 40 - Could not open a connection to SQL Server)
   at ApiJobMarket.DB.Sql.Repositories.RpsAgencyNotification.CountUnread(Object identity) in C:\Project\APIs\ApiJobMarket\ApiJobMarket.DB.Sql\Repositories\Master\RpsAgencyNotification.cs:line 320
   at CallSite.Target(Closure , CallSite , RpsAgencyNotification , Object )
   at ApiJobMarket.DB.Sql.Stores.StoreAgencyNotification.CountUnread(Object identity) in C:\Project\APIs\ApiJobMarket\ApiJobMarket.DB.Sql\Stores\Master\StoreAgencyNotification.cs:line 67
   at CallSite.Target(Closure , CallSite , IStoreAgencyNotification , Object )
   at ApiJobMarket.Controllers.A_ApiNotificationController.<CountUnreadNotification>d__1.MoveNext() in C:\Project\APIs\ApiJobMarket\ApiJobMarket\Controllers\Agency\A_ApiNotificationController.cs:line 52
2020-04-30 01:16:22,839 [177] ERROR ApiJobMarket.Controllers.A_ApiNotificationController - Failed for A_notifications-CountUnread request: Failed to execute A_Notification_CountUnread. Error: A network-related or instance-specific error occurred while establishing a connection to SQL Server. The server was not found or was not accessible. Verify that the instance name is correct and that SQL Server is configured to allow remote connections. (provider: Named Pipes Provider, error: 40 - Could not open a connection to SQL Server)
ApiJobMarket.ShareLibs.Exceptions.CustomSQLException: Failed to execute A_Notification_CountUnread. Error: A network-related or instance-specific error occurred while establishing a connection to SQL Server. The server was not found or was not accessible. Verify that the instance name is correct and that SQL Server is configured to allow remote connections. (provider: Named Pipes Provider, error: 40 - Could not open a connection to SQL Server)
   at ApiJobMarket.DB.Sql.Repositories.RpsAgencyNotification.CountUnread(Object identity) in C:\Project\APIs\ApiJobMarket\ApiJobMarket.DB.Sql\Repositories\Master\RpsAgencyNotification.cs:line 320
   at CallSite.Target(Closure , CallSite , RpsAgencyNotification , Object )
   at ApiJobMarket.DB.Sql.Stores.StoreAgencyNotification.CountUnread(Object identity) in C:\Project\APIs\ApiJobMarket\ApiJobMarket.DB.Sql\Stores\Master\StoreAgencyNotification.cs:line 67
   at CallSite.Target(Closure , CallSite , IStoreAgencyNotification , Object )
   at ApiJobMarket.Controllers.A_ApiNotificationController.<CountUnreadNotification>d__1.MoveNext() in C:\Project\APIs\ApiJobMarket\ApiJobMarket\Controllers\Agency\A_ApiNotificationController.cs:line 52
2020-04-30 01:16:22,839 [128] ERROR ApiJobMarket.Controllers.A_ApiNotificationController - Failed for A_notifications-CountUnread request: Failed to execute A_Notification_CountUnread. Error: A network-related or instance-specific error occurred while establishing a connection to SQL Server. The server was not found or was not accessible. Verify that the instance name is correct and that SQL Server is configured to allow remote connections. (provider: Named Pipes Provider, error: 40 - Could not open a connection to SQL Server)
ApiJobMarket.ShareLibs.Exceptions.CustomSQLException: Failed to execute A_Notification_CountUnread. Error: A network-related or instance-specific error occurred while establishing a connection to SQL Server. The server was not found or was not accessible. Verify that the instance name is correct and that SQL Server is configured to allow remote connections. (provider: Named Pipes Provider, error: 40 - Could not open a connection to SQL Server)
   at ApiJobMarket.DB.Sql.Repositories.RpsAgencyNotification.CountUnread(Object identity) in C:\Project\APIs\ApiJobMarket\ApiJobMarket.DB.Sql\Repositories\Master\RpsAgencyNotification.cs:line 320
   at CallSite.Target(Closure , CallSite , RpsAgencyNotification , Object )
   at ApiJobMarket.DB.Sql.Stores.StoreAgencyNotification.CountUnread(Object identity) in C:\Project\APIs\ApiJobMarket\ApiJobMarket.DB.Sql\Stores\Master\StoreAgencyNotification.cs:line 67
   at CallSite.Target(Closure , CallSite , IStoreAgencyNotification , Object )
   at ApiJobMarket.Controllers.A_ApiNotificationController.<CountUnreadNotification>d__1.MoveNext() in C:\Project\APIs\ApiJobMarket\ApiJobMarket\Controllers\Agency\A_ApiNotificationController.cs:line 52
2020-04-30 01:16:22,851 [177] ERROR ApiJobMarket.Controllers.A_ApiNotificationController - Failed for A_notifications-CountUnread request: Failed to execute A_Notification_CountUnread. Error: A network-related or instance-specific error occurred while establishing a connection to SQL Server. The server was not found or was not accessible. Verify that the instance name is correct and that SQL Server is configured to allow remote connections. (provider: Named Pipes Provider, error: 40 - Could not open a connection to SQL Server)
ApiJobMarket.ShareLibs.Exceptions.CustomSQLException: Failed to execute A_Notification_CountUnread. Error: A network-related or instance-specific error occurred while establishing a connection to SQL Server. The server was not found or was not accessible. Verify that the instance name is correct and that SQL Server is configured to allow remote connections. (provider: Named Pipes Provider, error: 40 - Could not open a connection to SQL Server)
   at ApiJobMarket.DB.Sql.Repositories.RpsAgencyNotification.CountUnread(Object identity) in C:\Project\APIs\ApiJobMarket\ApiJobMarket.DB.Sql\Repositories\Master\RpsAgencyNotification.cs:line 320
   at CallSite.Target(Closure , CallSite , RpsAgencyNotification , Object )
   at ApiJobMarket.DB.Sql.Stores.StoreAgencyNotification.CountUnread(Object identity) in C:\Project\APIs\ApiJobMarket\ApiJobMarket.DB.Sql\Stores\Master\StoreAgencyNotification.cs:line 67
   at CallSite.Target(Closure , CallSite , IStoreAgencyNotification , Object )
   at ApiJobMarket.Controllers.A_ApiNotificationController.<CountUnreadNotification>d__1.MoveNext() in C:\Project\APIs\ApiJobMarket\ApiJobMarket\Controllers\Agency\A_ApiNotificationController.cs:line 52
2020-04-30 01:16:22,851 [99] ERROR ApiJobMarket.Controllers.A_ApiNotificationController - Failed for A_notifications-CountUnread request: Failed to execute A_Notification_CountUnread. Error: A network-related or instance-specific error occurred while establishing a connection to SQL Server. The server was not found or was not accessible. Verify that the instance name is correct and that SQL Server is configured to allow remote connections. (provider: Named Pipes Provider, error: 40 - Could not open a connection to SQL Server)
ApiJobMarket.ShareLibs.Exceptions.CustomSQLException: Failed to execute A_Notification_CountUnread. Error: A network-related or instance-specific error occurred while establishing a connection to SQL Server. The server was not found or was not accessible. Verify that the instance name is correct and that SQL Server is configured to allow remote connections. (provider: Named Pipes Provider, error: 40 - Could not open a connection to SQL Server)
   at ApiJobMarket.DB.Sql.Repositories.RpsAgencyNotification.CountUnread(Object identity) in C:\Project\APIs\ApiJobMarket\ApiJobMarket.DB.Sql\Repositories\Master\RpsAgencyNotification.cs:line 320
   at CallSite.Target(Closure , CallSite , RpsAgencyNotification , Object )
   at ApiJobMarket.DB.Sql.Stores.StoreAgencyNotification.CountUnread(Object identity) in C:\Project\APIs\ApiJobMarket\ApiJobMarket.DB.Sql\Stores\Master\StoreAgencyNotification.cs:line 67
   at CallSite.Target(Closure , CallSite , IStoreAgencyNotification , Object )
   at ApiJobMarket.Controllers.A_ApiNotificationController.<CountUnreadNotification>d__1.MoveNext() in C:\Project\APIs\ApiJobMarket\ApiJobMarket\Controllers\Agency\A_ApiNotificationController.cs:line 52
2020-04-30 01:16:22,852 [90] ERROR ApiJobMarket.Controllers.A_ApiNotificationController - Failed for A_notifications-CountUnread request: Failed to execute A_Notification_CountUnread. Error: A network-related or instance-specific error occurred while establishing a connection to SQL Server. The server was not found or was not accessible. Verify that the instance name is correct and that SQL Server is configured to allow remote connections. (provider: Named Pipes Provider, error: 40 - Could not open a connection to SQL Server)
ApiJobMarket.ShareLibs.Exceptions.CustomSQLException: Failed to execute A_Notification_CountUnread. Error: A network-related or instance-specific error occurred while establishing a connection to SQL Server. The server was not found or was not accessible. Verify that the instance name is correct and that SQL Server is configured to allow remote connections. (provider: Named Pipes Provider, error: 40 - Could not open a connection to SQL Server)
   at ApiJobMarket.DB.Sql.Repositories.RpsAgencyNotification.CountUnread(Object identity) in C:\Project\APIs\ApiJobMarket\ApiJobMarket.DB.Sql\Repositories\Master\RpsAgencyNotification.cs:line 320
   at CallSite.Target(Closure , CallSite , RpsAgencyNotification , Object )
   at ApiJobMarket.DB.Sql.Stores.StoreAgencyNotification.CountUnread(Object identity) in C:\Project\APIs\ApiJobMarket\ApiJobMarket.DB.Sql\Stores\Master\StoreAgencyNotification.cs:line 67
   at CallSite.Target(Closure , CallSite , IStoreAgencyNotification , Object )
   at ApiJobMarket.Controllers.A_ApiNotificationController.<CountUnreadNotification>d__1.MoveNext() in C:\Project\APIs\ApiJobMarket\ApiJobMarket\Controllers\Agency\A_ApiNotificationController.cs:line 52
2020-04-30 01:16:22,862 [90] ERROR ApiJobMarket.Controllers.A_ApiNotificationController - Failed for A_notifications-CountUnread request: Failed to execute A_Notification_CountUnread. Error: A network-related or instance-specific error occurred while establishing a connection to SQL Server. The server was not found or was not accessible. Verify that the instance name is correct and that SQL Server is configured to allow remote connections. (provider: Named Pipes Provider, error: 40 - Could not open a connection to SQL Server)
ApiJobMarket.ShareLibs.Exceptions.CustomSQLException: Failed to execute A_Notification_CountUnread. Error: A network-related or instance-specific error occurred while establishing a connection to SQL Server. The server was not found or was not accessible. Verify that the instance name is correct and that SQL Server is configured to allow remote connections. (provider: Named Pipes Provider, error: 40 - Could not open a connection to SQL Server)
   at ApiJobMarket.DB.Sql.Repositories.RpsAgencyNotification.CountUnread(Object identity) in C:\Project\APIs\ApiJobMarket\ApiJobMarket.DB.Sql\Repositories\Master\RpsAgencyNotification.cs:line 320
   at CallSite.Target(Closure , CallSite , RpsAgencyNotification , Object )
   at ApiJobMarket.DB.Sql.Stores.StoreAgencyNotification.CountUnread(Object identity) in C:\Project\APIs\ApiJobMarket\ApiJobMarket.DB.Sql\Stores\Master\StoreAgencyNotification.cs:line 67
   at CallSite.Target(Closure , CallSite , IStoreAgencyNotification , Object )
   at ApiJobMarket.Controllers.A_ApiNotificationController.<CountUnreadNotification>d__1.MoveNext() in C:\Project\APIs\ApiJobMarket\ApiJobMarket\Controllers\Agency\A_ApiNotificationController.cs:line 52
2020-04-30 01:16:22,865 [125] ERROR ApiJobMarket.Controllers.A_ApiNotificationController - Failed for A_notifications-CountUnread request: Failed to execute A_Notification_CountUnread. Error: A network-related or instance-specific error occurred while establishing a connection to SQL Server. The server was not found or was not accessible. Verify that the instance name is correct and that SQL Server is configured to allow remote connections. (provider: Named Pipes Provider, error: 40 - Could not open a connection to SQL Server)
ApiJobMarket.ShareLibs.Exceptions.CustomSQLException: Failed to execute A_Notification_CountUnread. Error: A network-related or instance-specific error occurred while establishing a connection to SQL Server. The server was not found or was not accessible. Verify that the instance name is correct and that SQL Server is configured to allow remote connections. (provider: Named Pipes Provider, error: 40 - Could not open a connection to SQL Server)
   at ApiJobMarket.DB.Sql.Repositories.RpsAgencyNotification.CountUnread(Object identity) in C:\Project\APIs\ApiJobMarket\ApiJobMarket.DB.Sql\Repositories\Master\RpsAgencyNotification.cs:line 320
   at CallSite.Target(Closure , CallSite , RpsAgencyNotification , Object )
   at ApiJobMarket.DB.Sql.Stores.StoreAgencyNotification.CountUnread(Object identity) in C:\Project\APIs\ApiJobMarket\ApiJobMarket.DB.Sql\Stores\Master\StoreAgencyNotification.cs:line 67
   at CallSite.Target(Closure , CallSite , IStoreAgencyNotification , Object )
   at ApiJobMarket.Controllers.A_ApiNotificationController.<CountUnreadNotification>d__1.MoveNext() in C:\Project\APIs\ApiJobMarket\ApiJobMarket\Controllers\Agency\A_ApiNotificationController.cs:line 52
2020-04-30 01:16:22,865 [177] ERROR ApiJobMarket.Controllers.A_ApiNotificationController - Failed for A_notifications-CountUnread request: Failed to execute A_Notification_CountUnread. Error: A network-related or instance-specific error occurred while establishing a connection to SQL Server. The server was not found or was not accessible. Verify that the instance name is correct and that SQL Server is configured to allow remote connections. (provider: Named Pipes Provider, error: 40 - Could not open a connection to SQL Server)
ApiJobMarket.ShareLibs.Exceptions.CustomSQLException: Failed to execute A_Notification_CountUnread. Error: A network-related or instance-specific error occurred while establishing a connection to SQL Server. The server was not found or was not accessible. Verify that the instance name is correct and that SQL Server is configured to allow remote connections. (provider: Named Pipes Provider, error: 40 - Could not open a connection to SQL Server)
   at ApiJobMarket.DB.Sql.Repositories.RpsAgencyNotification.CountUnread(Object identity) in C:\Project\APIs\ApiJobMarket\ApiJobMarket.DB.Sql\Repositories\Master\RpsAgencyNotification.cs:line 320
   at CallSite.Target(Closure , CallSite , RpsAgencyNotification , Object )
   at ApiJobMarket.DB.Sql.Stores.StoreAgencyNotification.CountUnread(Object identity) in C:\Project\APIs\ApiJobMarket\ApiJobMarket.DB.Sql\Stores\Master\StoreAgencyNotification.cs:line 67
   at CallSite.Target(Closure , CallSite , IStoreAgencyNotification , Object )
   at ApiJobMarket.Controllers.A_ApiNotificationController.<CountUnreadNotification>d__1.MoveNext() in C:\Project\APIs\ApiJobMarket\ApiJobMarket\Controllers\Agency\A_ApiNotificationController.cs:line 52
2020-04-30 01:16:22,875 [141] ERROR ApiJobMarket.Controllers.A_ApiNotificationController - Failed for A_notifications-CountUnread request: Failed to execute A_Notification_CountUnread. Error: A network-related or instance-specific error occurred while establishing a connection to SQL Server. The server was not found or was not accessible. Verify that the instance name is correct and that SQL Server is configured to allow remote connections. (provider: Named Pipes Provider, error: 40 - Could not open a connection to SQL Server)
ApiJobMarket.ShareLibs.Exceptions.CustomSQLException: Failed to execute A_Notification_CountUnread. Error: A network-related or instance-specific error occurred while establishing a connection to SQL Server. The server was not found or was not accessible. Verify that the instance name is correct and that SQL Server is configured to allow remote connections. (provider: Named Pipes Provider, error: 40 - Could not open a connection to SQL Server)
   at ApiJobMarket.DB.Sql.Repositories.RpsAgencyNotification.CountUnread(Object identity) in C:\Project\APIs\ApiJobMarket\ApiJobMarket.DB.Sql\Repositories\Master\RpsAgencyNotification.cs:line 320
   at CallSite.Target(Closure , CallSite , RpsAgencyNotification , Object )
   at ApiJobMarket.DB.Sql.Stores.StoreAgencyNotification.CountUnread(Object identity) in C:\Project\APIs\ApiJobMarket\ApiJobMarket.DB.Sql\Stores\Master\StoreAgencyNotification.cs:line 67
   at CallSite.Target(Closure , CallSite , IStoreAgencyNotification , Object )
   at ApiJobMarket.Controllers.A_ApiNotificationController.<CountUnreadNotification>d__1.MoveNext() in C:\Project\APIs\ApiJobMarket\ApiJobMarket\Controllers\Agency\A_ApiNotificationController.cs:line 52
2020-04-30 01:16:22,876 [136] ERROR ApiJobMarket.Controllers.A_ApiNotificationController - Failed for A_notifications-CountUnread request: Failed to execute A_Notification_CountUnread. Error: A network-related or instance-specific error occurred while establishing a connection to SQL Server. The server was not found or was not accessible. Verify that the instance name is correct and that SQL Server is configured to allow remote connections. (provider: Named Pipes Provider, error: 40 - Could not open a connection to SQL Server)
ApiJobMarket.ShareLibs.Exceptions.CustomSQLException: Failed to execute A_Notification_CountUnread. Error: A network-related or instance-specific error occurred while establishing a connection to SQL Server. The server was not found or was not accessible. Verify that the instance name is correct and that SQL Server is configured to allow remote connections. (provider: Named Pipes Provider, error: 40 - Could not open a connection to SQL Server)
   at ApiJobMarket.DB.Sql.Repositories.RpsAgencyNotification.CountUnread(Object identity) in C:\Project\APIs\ApiJobMarket\ApiJobMarket.DB.Sql\Repositories\Master\RpsAgencyNotification.cs:line 320
   at CallSite.Target(Closure , CallSite , RpsAgencyNotification , Object )
   at ApiJobMarket.DB.Sql.Stores.StoreAgencyNotification.CountUnread(Object identity) in C:\Project\APIs\ApiJobMarket\ApiJobMarket.DB.Sql\Stores\Master\StoreAgencyNotification.cs:line 67
   at CallSite.Target(Closure , CallSite , IStoreAgencyNotification , Object )
   at ApiJobMarket.Controllers.A_ApiNotificationController.<CountUnreadNotification>d__1.MoveNext() in C:\Project\APIs\ApiJobMarket\ApiJobMarket\Controllers\Agency\A_ApiNotificationController.cs:line 52
2020-04-30 01:16:22,876 [41] ERROR ApiJobMarket.Controllers.A_ApiNotificationController - Failed for A_notifications-CountUnread request: Failed to execute A_Notification_CountUnread. Error: A network-related or instance-specific error occurred while establishing a connection to SQL Server. The server was not found or was not accessible. Verify that the instance name is correct and that SQL Server is configured to allow remote connections. (provider: Named Pipes Provider, error: 40 - Could not open a connection to SQL Server)
ApiJobMarket.ShareLibs.Exceptions.CustomSQLException: Failed to execute A_Notification_CountUnread. Error: A network-related or instance-specific error occurred while establishing a connection to SQL Server. The server was not found or was not accessible. Verify that the instance name is correct and that SQL Server is configured to allow remote connections. (provider: Named Pipes Provider, error: 40 - Could not open a connection to SQL Server)
   at ApiJobMarket.DB.Sql.Repositories.RpsAgencyNotification.CountUnread(Object identity) in C:\Project\APIs\ApiJobMarket\ApiJobMarket.DB.Sql\Repositories\Master\RpsAgencyNotification.cs:line 320
   at CallSite.Target(Closure , CallSite , RpsAgencyNotification , Object )
   at ApiJobMarket.DB.Sql.Stores.StoreAgencyNotification.CountUnread(Object identity) in C:\Project\APIs\ApiJobMarket\ApiJobMarket.DB.Sql\Stores\Master\StoreAgencyNotification.cs:line 67
   at CallSite.Target(Closure , CallSite , IStoreAgencyNotification , Object )
   at ApiJobMarket.Controllers.A_ApiNotificationController.<CountUnreadNotification>d__1.MoveNext() in C:\Project\APIs\ApiJobMarket\ApiJobMarket\Controllers\Agency\A_ApiNotificationController.cs:line 52
2020-04-30 01:16:22,889 [177] ERROR ApiJobMarket.Controllers.A_ApiNotificationController - Failed for A_notifications-CountUnread request: Failed to execute A_Notification_CountUnread. Error: A network-related or instance-specific error occurred while establishing a connection to SQL Server. The server was not found or was not accessible. Verify that the instance name is correct and that SQL Server is configured to allow remote connections. (provider: Named Pipes Provider, error: 40 - Could not open a connection to SQL Server)
ApiJobMarket.ShareLibs.Exceptions.CustomSQLException: Failed to execute A_Notification_CountUnread. Error: A network-related or instance-specific error occurred while establishing a connection to SQL Server. The server was not found or was not accessible. Verify that the instance name is correct and that SQL Server is configured to allow remote connections. (provider: Named Pipes Provider, error: 40 - Could not open a connection to SQL Server)
   at ApiJobMarket.DB.Sql.Repositories.RpsAgencyNotification.CountUnread(Object identity) in C:\Project\APIs\ApiJobMarket\ApiJobMarket.DB.Sql\Repositories\Master\RpsAgencyNotification.cs:line 320
   at CallSite.Target(Closure , CallSite , RpsAgencyNotification , Object )
   at ApiJobMarket.DB.Sql.Stores.StoreAgencyNotification.CountUnread(Object identity) in C:\Project\APIs\ApiJobMarket\ApiJobMarket.DB.Sql\Stores\Master\StoreAgencyNotification.cs:line 67
   at CallSite.Target(Closure , CallSite , IStoreAgencyNotification , Object )
   at ApiJobMarket.Controllers.A_ApiNotificationController.<CountUnreadNotification>d__1.MoveNext() in C:\Project\APIs\ApiJobMarket\ApiJobMarket\Controllers\Agency\A_ApiNotificationController.cs:line 52
2020-04-30 01:16:22,889 [125] ERROR ApiJobMarket.Controllers.A_ApiNotificationController - Failed for A_notifications-CountUnread request: Failed to execute A_Notification_CountUnread. Error: A network-related or instance-specific error occurred while establishing a connection to SQL Server. The server was not found or was not accessible. Verify that the instance name is correct and that SQL Server is configured to allow remote connections. (provider: Named Pipes Provider, error: 40 - Could not open a connection to SQL Server)
ApiJobMarket.ShareLibs.Exceptions.CustomSQLException: Failed to execute A_Notification_CountUnread. Error: A network-related or instance-specific error occurred while establishing a connection to SQL Server. The server was not found or was not accessible. Verify that the instance name is correct and that SQL Server is configured to allow remote connections. (provider: Named Pipes Provider, error: 40 - Could not open a connection to SQL Server)
   at ApiJobMarket.DB.Sql.Repositories.RpsAgencyNotification.CountUnread(Object identity) in C:\Project\APIs\ApiJobMarket\ApiJobMarket.DB.Sql\Repositories\Master\RpsAgencyNotification.cs:line 320
   at CallSite.Target(Closure , CallSite , RpsAgencyNotification , Object )
   at ApiJobMarket.DB.Sql.Stores.StoreAgencyNotification.CountUnread(Object identity) in C:\Project\APIs\ApiJobMarket\ApiJobMarket.DB.Sql\Stores\Master\StoreAgencyNotification.cs:line 67
   at CallSite.Target(Closure , CallSite , IStoreAgencyNotification , Object )
   at ApiJobMarket.Controllers.A_ApiNotificationController.<CountUnreadNotification>d__1.MoveNext() in C:\Project\APIs\ApiJobMarket\ApiJobMarket\Controllers\Agency\A_ApiNotificationController.cs:line 52
2020-04-30 01:16:22,889 [90] ERROR ApiJobMarket.Controllers.A_ApiNotificationController - Failed for A_notifications-CountUnread request: Failed to execute A_Notification_CountUnread. Error: A network-related or instance-specific error occurred while establishing a connection to SQL Server. The server was not found or was not accessible. Verify that the instance name is correct and that SQL Server is configured to allow remote connections. (provider: Named Pipes Provider, error: 40 - Could not open a connection to SQL Server)
ApiJobMarket.ShareLibs.Exceptions.CustomSQLException: Failed to execute A_Notification_CountUnread. Error: A network-related or instance-specific error occurred while establishing a connection to SQL Server. The server was not found or was not accessible. Verify that the instance name is correct and that SQL Server is configured to allow remote connections. (provider: Named Pipes Provider, error: 40 - Could not open a connection to SQL Server)
   at ApiJobMarket.DB.Sql.Repositories.RpsAgencyNotification.CountUnread(Object identity) in C:\Project\APIs\ApiJobMarket\ApiJobMarket.DB.Sql\Repositories\Master\RpsAgencyNotification.cs:line 320
   at CallSite.Target(Closure , CallSite , RpsAgencyNotification , Object )
   at ApiJobMarket.DB.Sql.Stores.StoreAgencyNotification.CountUnread(Object identity) in C:\Project\APIs\ApiJobMarket\ApiJobMarket.DB.Sql\Stores\Master\StoreAgencyNotification.cs:line 67
   at CallSite.Target(Closure , CallSite , IStoreAgencyNotification , Object )
   at ApiJobMarket.Controllers.A_ApiNotificationController.<CountUnreadNotification>d__1.MoveNext() in C:\Project\APIs\ApiJobMarket\ApiJobMarket\Controllers\Agency\A_ApiNotificationController.cs:line 52
2020-04-30 01:16:22,900 [136] ERROR ApiJobMarket.Controllers.A_ApiNotificationController - Failed for A_notifications-CountUnread request: Failed to execute A_Notification_CountUnread. Error: A network-related or instance-specific error occurred while establishing a connection to SQL Server. The server was not found or was not accessible. Verify that the instance name is correct and that SQL Server is configured to allow remote connections. (provider: Named Pipes Provider, error: 40 - Could not open a connection to SQL Server)
ApiJobMarket.ShareLibs.Exceptions.CustomSQLException: Failed to execute A_Notification_CountUnread. Error: A network-related or instance-specific error occurred while establishing a connection to SQL Server. The server was not found or was not accessible. Verify that the instance name is correct and that SQL Server is configured to allow remote connections. (provider: Named Pipes Provider, error: 40 - Could not open a connection to SQL Server)
   at ApiJobMarket.DB.Sql.Repositories.RpsAgencyNotification.CountUnread(Object identity) in C:\Project\APIs\ApiJobMarket\ApiJobMarket.DB.Sql\Repositories\Master\RpsAgencyNotification.cs:line 320
   at CallSite.Target(Closure , CallSite , RpsAgencyNotification , Object )
   at ApiJobMarket.DB.Sql.Stores.StoreAgencyNotification.CountUnread(Object identity) in C:\Project\APIs\ApiJobMarket\ApiJobMarket.DB.Sql\Stores\Master\StoreAgencyNotification.cs:line 67
   at CallSite.Target(Closure , CallSite , IStoreAgencyNotification , Object )
   at ApiJobMarket.Controllers.A_ApiNotificationController.<CountUnreadNotification>d__1.MoveNext() in C:\Project\APIs\ApiJobMarket\ApiJobMarket\Controllers\Agency\A_ApiNotificationController.cs:line 52
2020-04-30 01:16:22,901 [99] ERROR ApiJobMarket.Controllers.A_ApiNotificationController - Failed for A_notifications-CountUnread request: Failed to execute A_Notification_CountUnread. Error: A network-related or instance-specific error occurred while establishing a connection to SQL Server. The server was not found or was not accessible. Verify that the instance name is correct and that SQL Server is configured to allow remote connections. (provider: Named Pipes Provider, error: 40 - Could not open a connection to SQL Server)
ApiJobMarket.ShareLibs.Exceptions.CustomSQLException: Failed to execute A_Notification_CountUnread. Error: A network-related or instance-specific error occurred while establishing a connection to SQL Server. The server was not found or was not accessible. Verify that the instance name is correct and that SQL Server is configured to allow remote connections. (provider: Named Pipes Provider, error: 40 - Could not open a connection to SQL Server)
   at ApiJobMarket.DB.Sql.Repositories.RpsAgencyNotification.CountUnread(Object identity) in C:\Project\APIs\ApiJobMarket\ApiJobMarket.DB.Sql\Repositories\Master\RpsAgencyNotification.cs:line 320
   at CallSite.Target(Closure , CallSite , RpsAgencyNotification , Object )
   at ApiJobMarket.DB.Sql.Stores.StoreAgencyNotification.CountUnread(Object identity) in C:\Project\APIs\ApiJobMarket\ApiJobMarket.DB.Sql\Stores\Master\StoreAgencyNotification.cs:line 67
   at CallSite.Target(Closure , CallSite , IStoreAgencyNotification , Object )
   at ApiJobMarket.Controllers.A_ApiNotificationController.<CountUnreadNotification>d__1.MoveNext() in C:\Project\APIs\ApiJobMarket\ApiJobMarket\Controllers\Agency\A_ApiNotificationController.cs:line 52
2020-04-30 01:16:22,903 [17] ERROR ApiJobMarket.Controllers.A_ApiNotificationController - Failed for A_notifications-CountUnread request: Failed to execute A_Notification_CountUnread. Error: A network-related or instance-specific error occurred while establishing a connection to SQL Server. The server was not found or was not accessible. Verify that the instance name is correct and that SQL Server is configured to allow remote connections. (provider: Named Pipes Provider, error: 40 - Could not open a connection to SQL Server)
ApiJobMarket.ShareLibs.Exceptions.CustomSQLException: Failed to execute A_Notification_CountUnread. Error: A network-related or instance-specific error occurred while establishing a connection to SQL Server. The server was not found or was not accessible. Verify that the instance name is correct and that SQL Server is configured to allow remote connections. (provider: Named Pipes Provider, error: 40 - Could not open a connection to SQL Server)
   at ApiJobMarket.DB.Sql.Repositories.RpsAgencyNotification.CountUnread(Object identity) in C:\Project\APIs\ApiJobMarket\ApiJobMarket.DB.Sql\Repositories\Master\RpsAgencyNotification.cs:line 320
   at CallSite.Target(Closure , CallSite , RpsAgencyNotification , Object )
   at ApiJobMarket.DB.Sql.Stores.StoreAgencyNotification.CountUnread(Object identity) in C:\Project\APIs\ApiJobMarket\ApiJobMarket.DB.Sql\Stores\Master\StoreAgencyNotification.cs:line 67
   at CallSite.Target(Closure , CallSite , IStoreAgencyNotification , Object )
   at ApiJobMarket.Controllers.A_ApiNotificationController.<CountUnreadNotification>d__1.MoveNext() in C:\Project\APIs\ApiJobMarket\ApiJobMarket\Controllers\Agency\A_ApiNotificationController.cs:line 52
2020-04-30 01:16:22,913 [128] ERROR ApiJobMarket.Controllers.A_ApiNotificationController - Failed for A_notifications-CountUnread request: Failed to execute A_Notification_CountUnread. Error: A network-related or instance-specific error occurred while establishing a connection to SQL Server. The server was not found or was not accessible. Verify that the instance name is correct and that SQL Server is configured to allow remote connections. (provider: Named Pipes Provider, error: 40 - Could not open a connection to SQL Server)
ApiJobMarket.ShareLibs.Exceptions.CustomSQLException: Failed to execute A_Notification_CountUnread. Error: A network-related or instance-specific error occurred while establishing a connection to SQL Server. The server was not found or was not accessible. Verify that the instance name is correct and that SQL Server is configured to allow remote connections. (provider: Named Pipes Provider, error: 40 - Could not open a connection to SQL Server)
   at ApiJobMarket.DB.Sql.Repositories.RpsAgencyNotification.CountUnread(Object identity) in C:\Project\APIs\ApiJobMarket\ApiJobMarket.DB.Sql\Repositories\Master\RpsAgencyNotification.cs:line 320
   at CallSite.Target(Closure , CallSite , RpsAgencyNotification , Object )
   at ApiJobMarket.DB.Sql.Stores.StoreAgencyNotification.CountUnread(Object identity) in C:\Project\APIs\ApiJobMarket\ApiJobMarket.DB.Sql\Stores\Master\StoreAgencyNotification.cs:line 67
   at CallSite.Target(Closure , CallSite , IStoreAgencyNotification , Object )
   at ApiJobMarket.Controllers.A_ApiNotificationController.<CountUnreadNotification>d__1.MoveNext() in C:\Project\APIs\ApiJobMarket\ApiJobMarket\Controllers\Agency\A_ApiNotificationController.cs:line 52
2020-04-30 01:16:22,915 [136] ERROR ApiJobMarket.Controllers.A_ApiNotificationController - Failed for A_notifications-CountUnread request: Failed to execute A_Notification_CountUnread. Error: A network-related or instance-specific error occurred while establishing a connection to SQL Server. The server was not found or was not accessible. Verify that the instance name is correct and that SQL Server is configured to allow remote connections. (provider: Named Pipes Provider, error: 40 - Could not open a connection to SQL Server)
ApiJobMarket.ShareLibs.Exceptions.CustomSQLException: Failed to execute A_Notification_CountUnread. Error: A network-related or instance-specific error occurred while establishing a connection to SQL Server. The server was not found or was not accessible. Verify that the instance name is correct and that SQL Server is configured to allow remote connections. (provider: Named Pipes Provider, error: 40 - Could not open a connection to SQL Server)
   at ApiJobMarket.DB.Sql.Repositories.RpsAgencyNotification.CountUnread(Object identity) in C:\Project\APIs\ApiJobMarket\ApiJobMarket.DB.Sql\Repositories\Master\RpsAgencyNotification.cs:line 320
   at CallSite.Target(Closure , CallSite , RpsAgencyNotification , Object )
   at ApiJobMarket.DB.Sql.Stores.StoreAgencyNotification.CountUnread(Object identity) in C:\Project\APIs\ApiJobMarket\ApiJobMarket.DB.Sql\Stores\Master\StoreAgencyNotification.cs:line 67
   at CallSite.Target(Closure , CallSite , IStoreAgencyNotification , Object )
   at ApiJobMarket.Controllers.A_ApiNotificationController.<CountUnreadNotification>d__1.MoveNext() in C:\Project\APIs\ApiJobMarket\ApiJobMarket\Controllers\Agency\A_ApiNotificationController.cs:line 52
2020-04-30 01:16:22,915 [90] ERROR ApiJobMarket.Controllers.A_ApiNotificationController - Failed for A_notifications-CountUnread request: Failed to execute A_Notification_CountUnread. Error: A network-related or instance-specific error occurred while establishing a connection to SQL Server. The server was not found or was not accessible. Verify that the instance name is correct and that SQL Server is configured to allow remote connections. (provider: Named Pipes Provider, error: 40 - Could not open a connection to SQL Server)
ApiJobMarket.ShareLibs.Exceptions.CustomSQLException: Failed to execute A_Notification_CountUnread. Error: A network-related or instance-specific error occurred while establishing a connection to SQL Server. The server was not found or was not accessible. Verify that the instance name is correct and that SQL Server is configured to allow remote connections. (provider: Named Pipes Provider, error: 40 - Could not open a connection to SQL Server)
   at ApiJobMarket.DB.Sql.Repositories.RpsAgencyNotification.CountUnread(Object identity) in C:\Project\APIs\ApiJobMarket\ApiJobMarket.DB.Sql\Repositories\Master\RpsAgencyNotification.cs:line 320
   at CallSite.Target(Closure , CallSite , RpsAgencyNotification , Object )
   at ApiJobMarket.DB.Sql.Stores.StoreAgencyNotification.CountUnread(Object identity) in C:\Project\APIs\ApiJobMarket\ApiJobMarket.DB.Sql\Stores\Master\StoreAgencyNotification.cs:line 67
   at CallSite.Target(Closure , CallSite , IStoreAgencyNotification , Object )
   at ApiJobMarket.Controllers.A_ApiNotificationController.<CountUnreadNotification>d__1.MoveNext() in C:\Project\APIs\ApiJobMarket\ApiJobMarket\Controllers\Agency\A_ApiNotificationController.cs:line 52
2020-04-30 01:16:22,923 [177] ERROR ApiJobMarket.Controllers.A_ApiNotificationController - Failed for A_notifications-CountUnread request: Failed to execute A_Notification_CountUnread. Error: A network-related or instance-specific error occurred while establishing a connection to SQL Server. The server was not found or was not accessible. Verify that the instance name is correct and that SQL Server is configured to allow remote connections. (provider: Named Pipes Provider, error: 40 - Could not open a connection to SQL Server)
ApiJobMarket.ShareLibs.Exceptions.CustomSQLException: Failed to execute A_Notification_CountUnread. Error: A network-related or instance-specific error occurred while establishing a connection to SQL Server. The server was not found or was not accessible. Verify that the instance name is correct and that SQL Server is configured to allow remote connections. (provider: Named Pipes Provider, error: 40 - Could not open a connection to SQL Server)
   at ApiJobMarket.DB.Sql.Repositories.RpsAgencyNotification.CountUnread(Object identity) in C:\Project\APIs\ApiJobMarket\ApiJobMarket.DB.Sql\Repositories\Master\RpsAgencyNotification.cs:line 320
   at CallSite.Target(Closure , CallSite , RpsAgencyNotification , Object )
   at ApiJobMarket.DB.Sql.Stores.StoreAgencyNotification.CountUnread(Object identity) in C:\Project\APIs\ApiJobMarket\ApiJobMarket.DB.Sql\Stores\Master\StoreAgencyNotification.cs:line 67
   at CallSite.Target(Closure , CallSite , IStoreAgencyNotification , Object )
   at ApiJobMarket.Controllers.A_ApiNotificationController.<CountUnreadNotification>d__1.MoveNext() in C:\Project\APIs\ApiJobMarket\ApiJobMarket\Controllers\Agency\A_ApiNotificationController.cs:line 52
2020-04-30 01:16:24,238 [136] ERROR ApiJobMarket.Controllers.A_ApiNotificationController - Failed for A_notifications-CountUnread request: Failed to execute A_Notification_CountUnread. Error: A network-related or instance-specific error occurred while establishing a connection to SQL Server. The server was not found or was not accessible. Verify that the instance name is correct and that SQL Server is configured to allow remote connections. (provider: Named Pipes Provider, error: 40 - Could not open a connection to SQL Server)
ApiJobMarket.ShareLibs.Exceptions.CustomSQLException: Failed to execute A_Notification_CountUnread. Error: A network-related or instance-specific error occurred while establishing a connection to SQL Server. The server was not found or was not accessible. Verify that the instance name is correct and that SQL Server is configured to allow remote connections. (provider: Named Pipes Provider, error: 40 - Could not open a connection to SQL Server)
   at ApiJobMarket.DB.Sql.Repositories.RpsAgencyNotification.CountUnread(Object identity) in C:\Project\APIs\ApiJobMarket\ApiJobMarket.DB.Sql\Repositories\Master\RpsAgencyNotification.cs:line 320
   at CallSite.Target(Closure , CallSite , RpsAgencyNotification , Object )
   at ApiJobMarket.DB.Sql.Stores.StoreAgencyNotification.CountUnread(Object identity) in C:\Project\APIs\ApiJobMarket\ApiJobMarket.DB.Sql\Stores\Master\StoreAgencyNotification.cs:line 67
   at CallSite.Target(Closure , CallSite , IStoreAgencyNotification , Object )
   at ApiJobMarket.Controllers.A_ApiNotificationController.<CountUnreadNotification>d__1.MoveNext() in C:\Project\APIs\ApiJobMarket\ApiJobMarket\Controllers\Agency\A_ApiNotificationController.cs:line 52
2020-04-30 01:16:26,250 [99] ERROR ApiJobMarket.Controllers.A_ApiNotificationController - Failed for A_notifications-CountUnread request: Failed to execute A_Notification_CountUnread. Error: A network-related or instance-specific error occurred while establishing a connection to SQL Server. The server was not found or was not accessible. Verify that the instance name is correct and that SQL Server is configured to allow remote connections. (provider: Named Pipes Provider, error: 40 - Could not open a connection to SQL Server)
ApiJobMarket.ShareLibs.Exceptions.CustomSQLException: Failed to execute A_Notification_CountUnread. Error: A network-related or instance-specific error occurred while establishing a connection to SQL Server. The server was not found or was not accessible. Verify that the instance name is correct and that SQL Server is configured to allow remote connections. (provider: Named Pipes Provider, error: 40 - Could not open a connection to SQL Server)
   at ApiJobMarket.DB.Sql.Repositories.RpsAgencyNotification.CountUnread(Object identity) in C:\Project\APIs\ApiJobMarket\ApiJobMarket.DB.Sql\Repositories\Master\RpsAgencyNotification.cs:line 320
   at CallSite.Target(Closure , CallSite , RpsAgencyNotification , Object )
   at ApiJobMarket.DB.Sql.Stores.StoreAgencyNotification.CountUnread(Object identity) in C:\Project\APIs\ApiJobMarket\ApiJobMarket.DB.Sql\Stores\Master\StoreAgencyNotification.cs:line 67
   at CallSite.Target(Closure , CallSite , IStoreAgencyNotification , Object )
   at ApiJobMarket.Controllers.A_ApiNotificationController.<CountUnreadNotification>d__1.MoveNext() in C:\Project\APIs\ApiJobMarket\ApiJobMarket\Controllers\Agency\A_ApiNotificationController.cs:line 52
2020-04-30 01:16:27,236 [41] ERROR ApiJobMarket.Controllers.A_ApiNotificationController - Failed for A_notifications-CountUnread request: Failed to execute A_Notification_CountUnread. Error: A network-related or instance-specific error occurred while establishing a connection to SQL Server. The server was not found or was not accessible. Verify that the instance name is correct and that SQL Server is configured to allow remote connections. (provider: Named Pipes Provider, error: 40 - Could not open a connection to SQL Server)
ApiJobMarket.ShareLibs.Exceptions.CustomSQLException: Failed to execute A_Notification_CountUnread. Error: A network-related or instance-specific error occurred while establishing a connection to SQL Server. The server was not found or was not accessible. Verify that the instance name is correct and that SQL Server is configured to allow remote connections. (provider: Named Pipes Provider, error: 40 - Could not open a connection to SQL Server)
   at ApiJobMarket.DB.Sql.Repositories.RpsAgencyNotification.CountUnread(Object identity) in C:\Project\APIs\ApiJobMarket\ApiJobMarket.DB.Sql\Repositories\Master\RpsAgencyNotification.cs:line 320
   at CallSite.Target(Closure , CallSite , RpsAgencyNotification , Object )
   at ApiJobMarket.DB.Sql.Stores.StoreAgencyNotification.CountUnread(Object identity) in C:\Project\APIs\ApiJobMarket\ApiJobMarket.DB.Sql\Stores\Master\StoreAgencyNotification.cs:line 67
   at CallSite.Target(Closure , CallSite , IStoreAgencyNotification , Object )
   at ApiJobMarket.Controllers.A_ApiNotificationController.<CountUnreadNotification>d__1.MoveNext() in C:\Project\APIs\ApiJobMarket\ApiJobMarket\Controllers\Agency\A_ApiNotificationController.cs:line 52
2020-04-30 03:00:40,431 [31] ERROR ApiJobMarket.Controllers.A_ApiNotificationController - Failed for A_notifications-CountUnread request: Failed to execute A_Notification_CountUnread. Error: A transport-level error has occurred when receiving results from the server. (provider: Session Provider, error: 19 - Physical connection is not usable)
ApiJobMarket.ShareLibs.Exceptions.CustomSQLException: Failed to execute A_Notification_CountUnread. Error: A transport-level error has occurred when receiving results from the server. (provider: Session Provider, error: 19 - Physical connection is not usable)
   at ApiJobMarket.DB.Sql.Repositories.RpsAgencyNotification.CountUnread(Object identity) in C:\Project\APIs\ApiJobMarket\ApiJobMarket.DB.Sql\Repositories\Master\RpsAgencyNotification.cs:line 320
   at CallSite.Target(Closure , CallSite , RpsAgencyNotification , Object )
   at ApiJobMarket.DB.Sql.Stores.StoreAgencyNotification.CountUnread(Object identity) in C:\Project\APIs\ApiJobMarket\ApiJobMarket.DB.Sql\Stores\Master\StoreAgencyNotification.cs:line 67
   at CallSite.Target(Closure , CallSite , IStoreAgencyNotification , Object )
   at ApiJobMarket.Controllers.A_ApiNotificationController.<CountUnreadNotification>d__1.MoveNext() in C:\Project\APIs\ApiJobMarket\ApiJobMarket\Controllers\Agency\A_ApiNotificationController.cs:line 52
2020-04-30 03:00:41,430 [49] ERROR ApiJobMarket.Controllers.A_ApiNotificationController - Failed for A_notifications-CountUnread request: Failed to execute A_Notification_CountUnread. Error: A transport-level error has occurred when receiving results from the server. (provider: Session Provider, error: 19 - Physical connection is not usable)
ApiJobMarket.ShareLibs.Exceptions.CustomSQLException: Failed to execute A_Notification_CountUnread. Error: A transport-level error has occurred when receiving results from the server. (provider: Session Provider, error: 19 - Physical connection is not usable)
   at ApiJobMarket.DB.Sql.Repositories.RpsAgencyNotification.CountUnread(Object identity) in C:\Project\APIs\ApiJobMarket\ApiJobMarket.DB.Sql\Repositories\Master\RpsAgencyNotification.cs:line 320
   at CallSite.Target(Closure , CallSite , RpsAgencyNotification , Object )
   at ApiJobMarket.DB.Sql.Stores.StoreAgencyNotification.CountUnread(Object identity) in C:\Project\APIs\ApiJobMarket\ApiJobMarket.DB.Sql\Stores\Master\StoreAgencyNotification.cs:line 67
   at CallSite.Target(Closure , CallSite , IStoreAgencyNotification , Object )
   at ApiJobMarket.Controllers.A_ApiNotificationController.<CountUnreadNotification>d__1.MoveNext() in C:\Project\APIs\ApiJobMarket\ApiJobMarket\Controllers\Agency\A_ApiNotificationController.cs:line 52
2020-04-30 03:00:43,437 [87] ERROR ApiJobMarket.Controllers.A_ApiNotificationController - Failed for A_notifications-CountUnread request: Failed to execute A_Notification_CountUnread. Error: A transport-level error has occurred when receiving results from the server. (provider: Session Provider, error: 19 - Physical connection is not usable)
ApiJobMarket.ShareLibs.Exceptions.CustomSQLException: Failed to execute A_Notification_CountUnread. Error: A transport-level error has occurred when receiving results from the server. (provider: Session Provider, error: 19 - Physical connection is not usable)
   at ApiJobMarket.DB.Sql.Repositories.RpsAgencyNotification.CountUnread(Object identity) in C:\Project\APIs\ApiJobMarket\ApiJobMarket.DB.Sql\Repositories\Master\RpsAgencyNotification.cs:line 320
   at CallSite.Target(Closure , CallSite , RpsAgencyNotification , Object )
   at ApiJobMarket.DB.Sql.Stores.StoreAgencyNotification.CountUnread(Object identity) in C:\Project\APIs\ApiJobMarket\ApiJobMarket.DB.Sql\Stores\Master\StoreAgencyNotification.cs:line 67
   at CallSite.Target(Closure , CallSite , IStoreAgencyNotification , Object )
   at ApiJobMarket.Controllers.A_ApiNotificationController.<CountUnreadNotification>d__1.MoveNext() in C:\Project\APIs\ApiJobMarket\ApiJobMarket\Controllers\Agency\A_ApiNotificationController.cs:line 52
2020-04-30 03:00:55,713 [136] ERROR ApiJobMarket.Controllers.A_ApiNotificationController - Failed for A_notifications-CountUnread request: Failed to execute A_Notification_CountUnread. Error: A transport-level error has occurred when receiving results from the server. (provider: Session Provider, error: 19 - Physical connection is not usable)
ApiJobMarket.ShareLibs.Exceptions.CustomSQLException: Failed to execute A_Notification_CountUnread. Error: A transport-level error has occurred when receiving results from the server. (provider: Session Provider, error: 19 - Physical connection is not usable)
   at ApiJobMarket.DB.Sql.Repositories.RpsAgencyNotification.CountUnread(Object identity) in C:\Project\APIs\ApiJobMarket\ApiJobMarket.DB.Sql\Repositories\Master\RpsAgencyNotification.cs:line 320
   at CallSite.Target(Closure , CallSite , RpsAgencyNotification , Object )
   at ApiJobMarket.DB.Sql.Stores.StoreAgencyNotification.CountUnread(Object identity) in C:\Project\APIs\ApiJobMarket\ApiJobMarket.DB.Sql\Stores\Master\StoreAgencyNotification.cs:line 67
   at CallSite.Target(Closure , CallSite , IStoreAgencyNotification , Object )
   at ApiJobMarket.Controllers.A_ApiNotificationController.<CountUnreadNotification>d__1.MoveNext() in C:\Project\APIs\ApiJobMarket\ApiJobMarket\Controllers\Agency\A_ApiNotificationController.cs:line 52
2020-04-30 07:28:28,351 [1] INFO  ApiJobMarket.Startup - ======================================================
2020-04-30 07:28:28,362 [1] INFO  ApiJobMarket.Startup - ApiJobMarket is starting up
2020-04-30 07:28:28,363 [1] INFO  ApiJobMarket.Startup - ======================================================
2020-04-30 07:28:28,482 [1] INFO  ApiJobMarket.Startup - ======================================================
2020-04-30 07:28:28,483 [1] INFO  ApiJobMarket.Startup - ApiJobMarket is successfully configured
2020-04-30 07:28:28,484 [1] INFO  ApiJobMarket.Startup - ======================================================
