2020-04-22 21:27:27,001 [1] INFO  Manager.WebApp.Startup - ======================================================
2020-04-22 21:27:27,003 [1] INFO  Manager.WebApp.Startup - Manager.WebApp is starting up
2020-04-22 21:27:27,004 [1] INFO  Manager.WebApp.Startup - ======================================================
2020-04-22 21:27:27,025 [1] INFO  Manager.WebApp.Startup - ======================================================
2020-04-22 21:27:27,026 [1] INFO  Manager.WebApp.Startup - Manager.WebApp is successfully configured
2020-04-22 21:27:27,026 [1] INFO  Manager.WebApp.Startup - ======================================================
2020-04-22 23:12:26,816 [1] INFO  Manager.WebApp.Startup - ======================================================
2020-04-22 23:12:26,828 [1] INFO  Manager.WebApp.Startup - Manager.WebApp is starting up
2020-04-22 23:12:26,829 [1] INFO  Manager.WebApp.Startup - ======================================================
2020-04-22 23:12:26,856 [1] INFO  Manager.WebApp.Startup - ======================================================
2020-04-22 23:12:26,856 [1] INFO  Manager.WebApp.Startup - Manager.WebApp is successfully configured
2020-04-22 23:12:26,857 [1] INFO  Manager.WebApp.Startup - ======================================================
2020-04-22 23:12:37,876 [11] DEBUG Manager.WebApp.Services.MyAgencyServices - Return code: OK, message: http://localhost:6060/api/user/operators
2020-04-22 23:12:50,860 [9] DEBUG Manager.WebApp.Services.MyAgencyServices - Return code: OK, message: http://localhost:6060/api/user/operators
2020-04-22 23:12:55,842 [9] DEBUG Manager.WebApp.Services.JobServices - Begin GET M_GetJobsAsync request
2020-04-22 23:12:56,310 [9] DEBUG Manager.WebApp.Services.JobServices - Return code: OK, message: http://localhost:3333/api/admin/jobs?agency_id=7&company_id=0&keyword=&page_index=1&page_size=20&status=0&translate_status=-1
2020-04-22 23:12:56,311 [9] DEBUG Manager.WebApp.Services.JobServices - End M_GetJobsAsync request
2020-04-22 23:12:56,366 [9] DEBUG Manager.WebApp.Services.IndustryServices - Begin GET GetListAsync request
2020-04-22 23:12:56,457 [9] DEBUG Manager.WebApp.Services.IndustryServices - Return code: OK, message: http://localhost:3333/api/industries
2020-04-22 23:12:56,458 [9] DEBUG Manager.WebApp.Services.IndustryServices - End GetListAsync request
2020-04-22 23:12:56,529 [9] DEBUG Manager.WebApp.Services.CompanyServices - Return code: OK, message: http://localhost:3333/api/companies/get_list_by_ids
2020-04-22 23:13:02,505 [11] DEBUG Manager.WebApp.Services.MyAgencyServices - Return code: OK, message: http://localhost:6060/api/user/operators
2020-04-22 23:13:13,052 [7] DEBUG Manager.WebApp.Services.MyAgencyServices - Return code: OK, message: http://localhost:6060/api/user/operators
2020-04-22 23:13:15,296 [21] DEBUG Manager.WebApp.Services.JobServices - Begin GET M_GetJobsAsync request
2020-04-22 23:13:15,391 [21] DEBUG Manager.WebApp.Services.JobServices - Return code: OK, message: http://localhost:3333/api/admin/jobs?agency_id=7&company_id=0&keyword=&page_index=1&page_size=20&status=0&translate_status=-1
2020-04-22 23:13:15,393 [21] DEBUG Manager.WebApp.Services.JobServices - End M_GetJobsAsync request
2020-04-22 23:13:15,401 [21] DEBUG Manager.WebApp.Services.CompanyServices - Return code: OK, message: http://localhost:3333/api/companies/get_list_by_ids
2020-04-22 23:13:19,569 [19] DEBUG Manager.WebApp.Services.MyAgencyServices - Return code: OK, message: http://localhost:6060/api/user/operators
