2020-04-26 23:55:14,733 [1] INFO  Manager.WebApp.Startup - ======================================================
2020-04-26 23:55:14,746 [1] INFO  Manager.WebApp.Startup - Manager.WebApp is starting up
2020-04-26 23:55:14,748 [1] INFO  Manager.WebApp.Startup - ======================================================
2020-04-26 23:55:14,776 [1] INFO  Manager.WebApp.Startup - ======================================================
2020-04-26 23:55:14,777 [1] INFO  Manager.WebApp.Startup - Manager.WebApp is successfully configured
2020-04-26 23:55:14,778 [1] INFO  Manager.WebApp.Startup - ======================================================
2020-04-26 23:55:15,036 [7] ERROR Manager.WebApp.MvcApplication - Application Error: Server cannot set status after HTTP headers have been sent.
System.Web.HttpException (0x80004005): Server cannot set status after HTTP headers have been sent.
   at System.Web.HttpResponse.set_StatusCode(Int32 value)
   at System.Web.Mvc.HttpStatusCodeResult.ExecuteResult(ControllerContext context)
   at System.Web.Mvc.Async.AsyncControllerActionInvoker.<>c__DisplayClass21.<BeginInvokeAction>b__1e(IAsyncResult asyncResult)
   at System.Web.Mvc.Async.AsyncControllerActionInvoker.EndInvokeAction(IAsyncResult asyncResult)
   at System.Web.Mvc.Controller.<BeginExecuteCore>b__1d(IAsyncResult asyncResult, ExecuteCoreState innerState)
   at System.Web.Mvc.Async.AsyncResultWrapper.WrappedAsyncVoid`1.CallEndDelegate(IAsyncResult asyncResult)
   at System.Web.Mvc.Controller.EndExecuteCore(IAsyncResult asyncResult)
   at System.Web.Mvc.Async.AsyncResultWrapper.WrappedAsyncVoid`1.CallEndDelegate(IAsyncResult asyncResult)
   at System.Web.Mvc.Controller.EndExecute(IAsyncResult asyncResult)
   at System.Web.Mvc.MvcHandler.<BeginProcessRequest>b__5(IAsyncResult asyncResult, ProcessRequestState innerState)
   at System.Web.Mvc.Async.AsyncResultWrapper.WrappedAsyncVoid`1.CallEndDelegate(IAsyncResult asyncResult)
   at System.Web.Mvc.MvcHandler.EndProcessRequest(IAsyncResult asyncResult)
   at System.Web.HttpApplication.CallHandlerExecutionStep.System.Web.HttpApplication.IExecutionStep.Execute()
   at System.Web.HttpApplication.ExecuteStepImpl(IExecutionStep step)
   at System.Web.HttpApplication.ExecuteStep(IExecutionStep step, Boolean& completedSynchronously)
2020-04-26 23:55:53,742 [14] DEBUG Manager.WebApp.Services.JobServices - Begin GET M_GetJobsAsync request
2020-04-26 23:55:54,409 [14] DEBUG Manager.WebApp.Services.JobServices - Return code: OK, message: http://localhost:3333/api/admin/jobs?agency_id=7&company_id=0&keyword=&page_index=1&page_size=20&status=0&translate_status=-1
2020-04-26 23:55:54,410 [14] DEBUG Manager.WebApp.Services.JobServices - End M_GetJobsAsync request
