2020-04-22 14:26:49,946 [45] INFO  Manager.WebApp.Startup - ======================================================
2020-04-22 14:26:49,947 [45] INFO  Manager.WebApp.Startup - Manager.WebApp is starting up
2020-04-22 14:26:49,948 [45] INFO  Manager.WebApp.Startup - ======================================================
2020-04-22 14:26:49,994 [45] INFO  Manager.WebApp.Startup - ======================================================
2020-04-22 14:26:50,027 [45] INFO  Manager.WebApp.Startup - Manager.WebApp is successfully configured
2020-04-22 14:26:50,054 [45] INFO  Manager.WebApp.Startup - ======================================================
2020-04-22 14:26:51,438 [37] ERROR Manager.WebApp.Controllers.MyEmailController - Could not GetMailBoxCounterFromMailServer because: Unable to read data from the transport connection: A connection attempt failed because the connected party did not properly respond after a period of time, or established connection failed because connected host has failed to respond.
2020-04-22 14:27:49,033 [151] DEBUG Manager.WebApp.Services.A_ReportServices - Begin JobByWeekAsync request
2020-04-22 14:27:49,530 [90] DEBUG Manager.WebApp.Services.A_ReportServices - Begin ApplicationByWeekAsync request
2020-04-22 14:27:50,035 [140] DEBUG Manager.WebApp.Services.AgencyServices - Begin GetSchedulesByStaffAsync request
2020-04-22 14:28:35,191 [21] ERROR Manager.WebApp.Controllers.MyEmailController - Could not GetMailBoxCounterFromMailServer because: Unable to read data from the transport connection: A connection attempt failed because the connected party did not properly respond after a period of time, or established connection failed because connected host has failed to respond.
2020-04-22 15:12:11,969 [133] INFO  Manager.WebApp.Startup - ======================================================
2020-04-22 15:12:11,970 [133] INFO  Manager.WebApp.Startup - Manager.WebApp is starting up
2020-04-22 15:12:11,971 [133] INFO  Manager.WebApp.Startup - ======================================================
2020-04-22 15:12:11,995 [133] INFO  Manager.WebApp.Startup - ======================================================
2020-04-22 15:12:11,995 [133] INFO  Manager.WebApp.Startup - Manager.WebApp is successfully configured
2020-04-22 15:12:11,996 [133] INFO  Manager.WebApp.Startup - ======================================================
2020-04-22 15:12:33,214 [184] DEBUG Manager.WebApp.Services.A_ReportServices - Begin JobByWeekAsync request
2020-04-22 15:12:33,709 [109] DEBUG Manager.WebApp.Services.A_ReportServices - Begin ApplicationByWeekAsync request
2020-04-22 15:12:34,213 [38] DEBUG Manager.WebApp.Services.AgencyServices - Begin GetSchedulesByStaffAsync request
2020-04-22 15:15:06,598 [180] DEBUG Manager.WebApp.Services.A_JobSeekerServices - Begin GetListByPageAsync request
2020-04-22 15:15:48,519 [38] ERROR Manager.WebApp.Services.CandidateServices - Failed when calling api InsertAsync - http://localhost:3333/api/candidates/multi_jobs because: System.AggregateException: One or more errors occurred. ---> System.Threading.Tasks.TaskCanceledException: A task was canceled.
   --- End of inner exception stack trace ---
   at System.Threading.Tasks.Task`1.GetResultCore(Boolean waitCompletionNotification)
   at Manager.WebApp.Services.CandidateServices.<InsertMultiJobAsync>d__4.MoveNext() in C:\Project\Apps\JobMarket-Agency\Manager\Manager.WebApp\Services\JobMarket\CandidateServices.cs:line 215
---> (Inner Exception #0) System.Threading.Tasks.TaskCanceledException: A task was canceled.<---

2020-04-22 15:15:48,521 [38] ERROR Manager.WebApp.Controllers.JobSeekerController - Failed to exec AssignmentWork because: System.AggregateException: One or more errors occurred. ---> Manager.ShareLibs.CustomSystemException: H? th?ng dang b?n, vui lòng th? l?i sau
   at Manager.WebApp.Services.CandidateServices.<InsertMultiJobAsync>d__4.MoveNext() in C:\Project\Apps\JobMarket-Agency\Manager\Manager.WebApp\Services\JobMarket\CandidateServices.cs:line 230
   --- End of inner exception stack trace ---
   at System.Threading.Tasks.Task`1.GetResultCore(Boolean waitCompletionNotification)
   at Manager.WebApp.Controllers.JobSeekerController.AssignmentWork_Post(InterviewProcessInsertModel model) in C:\Project\Apps\JobMarket-Agency\Manager\Manager.WebApp\Controllers\JobMarket\JobSeekerController.cs:line 725
---> (Inner Exception #0) Manager.ShareLibs.CustomSystemException: H? th?ng dang b?n, vui lòng th? l?i sau
   at Manager.WebApp.Services.CandidateServices.<InsertMultiJobAsync>d__4.MoveNext() in C:\Project\Apps\JobMarket-Agency\Manager\Manager.WebApp\Services\JobMarket\CandidateServices.cs:line 230<---

2020-04-22 15:15:50,500 [9] ERROR Manager.WebApp.Services.A_NotificationServices - Failed when calling api GetUnreadNotifCountAsync - http://localhost:3333/api/A_notifications/unread_count because: System.AggregateException: One or more errors occurred. ---> System.Threading.Tasks.TaskCanceledException: A task was canceled.
   --- End of inner exception stack trace ---
   at System.Threading.Tasks.Task`1.GetResultCore(Boolean waitCompletionNotification)
   at Manager.WebApp.Services.A_NotificationServices.<GetUnreadNotifCountAsync>d__1.MoveNext() in C:\Project\Apps\JobMarket-Agency\Manager\Manager.WebApp\Services\JobMarket\Agency\A_NotificationServices.cs:line 52
---> (Inner Exception #0) System.Threading.Tasks.TaskCanceledException: A task was canceled.<---

2020-04-22 15:15:50,501 [9] ERROR Manager.WebApp.Controllers.AuthedGlobalController - Failed when trying GetNotifCount because: System.AggregateException: One or more errors occurred. ---> Manager.ShareLibs.CustomSystemException: H? th?ng dang b?n, vui lòng th? l?i sau
   at Manager.WebApp.Services.A_NotificationServices.<GetUnreadNotifCountAsync>d__1.MoveNext() in C:\Project\Apps\JobMarket-Agency\Manager\Manager.WebApp\Services\JobMarket\Agency\A_NotificationServices.cs:line 66
   --- End of inner exception stack trace ---
   at System.Threading.Tasks.Task`1.GetResultCore(Boolean waitCompletionNotification)
   at Manager.WebApp.Controllers.AuthedGlobalController.GetNotifCount() in C:\Project\Apps\JobMarket-Agency\Manager\Manager.WebApp\Controllers\JobMarket\AuthedGlobalController.cs:line 37
---> (Inner Exception #0) Manager.ShareLibs.CustomSystemException: H? th?ng dang b?n, vui lòng th? l?i sau
   at Manager.WebApp.Services.A_NotificationServices.<GetUnreadNotifCountAsync>d__1.MoveNext() in C:\Project\Apps\JobMarket-Agency\Manager\Manager.WebApp\Services\JobMarket\Agency\A_NotificationServices.cs:line 66<---

2020-04-22 15:15:51,498 [15] ERROR Manager.WebApp.Services.A_NotificationServices - Failed when calling api GetUnreadNotifCountAsync - http://localhost:3333/api/A_notifications/unread_count because: System.AggregateException: One or more errors occurred. ---> System.Threading.Tasks.TaskCanceledException: A task was canceled.
   --- End of inner exception stack trace ---
   at System.Threading.Tasks.Task`1.GetResultCore(Boolean waitCompletionNotification)
   at Manager.WebApp.Services.A_NotificationServices.<GetUnreadNotifCountAsync>d__1.MoveNext() in C:\Project\Apps\JobMarket-Agency\Manager\Manager.WebApp\Services\JobMarket\Agency\A_NotificationServices.cs:line 52
---> (Inner Exception #0) System.Threading.Tasks.TaskCanceledException: A task was canceled.<---

2020-04-22 15:15:51,499 [15] ERROR Manager.WebApp.Controllers.AuthedGlobalController - Failed when trying GetNotifCount because: System.AggregateException: One or more errors occurred. ---> Manager.ShareLibs.CustomSystemException: H? th?ng dang b?n, vui lòng th? l?i sau
   at Manager.WebApp.Services.A_NotificationServices.<GetUnreadNotifCountAsync>d__1.MoveNext() in C:\Project\Apps\JobMarket-Agency\Manager\Manager.WebApp\Services\JobMarket\Agency\A_NotificationServices.cs:line 66
   --- End of inner exception stack trace ---
   at System.Threading.Tasks.Task`1.GetResultCore(Boolean waitCompletionNotification)
   at Manager.WebApp.Controllers.AuthedGlobalController.GetNotifCount() in C:\Project\Apps\JobMarket-Agency\Manager\Manager.WebApp\Controllers\JobMarket\AuthedGlobalController.cs:line 37
---> (Inner Exception #0) Manager.ShareLibs.CustomSystemException: H? th?ng dang b?n, vui lòng th? l?i sau
   at Manager.WebApp.Services.A_NotificationServices.<GetUnreadNotifCountAsync>d__1.MoveNext() in C:\Project\Apps\JobMarket-Agency\Manager\Manager.WebApp\Services\JobMarket\Agency\A_NotificationServices.cs:line 66<---

2020-04-22 15:16:18,537 [109] ERROR Manager.WebApp.Services.A_NotificationServices - Failed when calling api GetUnreadNotifCountAsync - http://localhost:3333/api/A_notifications/unread_count because: System.AggregateException: One or more errors occurred. ---> System.Threading.Tasks.TaskCanceledException: A task was canceled.
   --- End of inner exception stack trace ---
   at System.Threading.Tasks.Task`1.GetResultCore(Boolean waitCompletionNotification)
   at Manager.WebApp.Services.A_NotificationServices.<GetUnreadNotifCountAsync>d__1.MoveNext() in C:\Project\Apps\JobMarket-Agency\Manager\Manager.WebApp\Services\JobMarket\Agency\A_NotificationServices.cs:line 52
---> (Inner Exception #0) System.Threading.Tasks.TaskCanceledException: A task was canceled.<---

2020-04-22 15:16:18,538 [109] ERROR Manager.WebApp.Controllers.AuthedGlobalController - Failed when trying GetNotifCount because: System.AggregateException: One or more errors occurred. ---> Manager.ShareLibs.CustomSystemException: H? th?ng dang b?n, vui lòng th? l?i sau
   at Manager.WebApp.Services.A_NotificationServices.<GetUnreadNotifCountAsync>d__1.MoveNext() in C:\Project\Apps\JobMarket-Agency\Manager\Manager.WebApp\Services\JobMarket\Agency\A_NotificationServices.cs:line 66
   --- End of inner exception stack trace ---
   at System.Threading.Tasks.Task`1.GetResultCore(Boolean waitCompletionNotification)
   at Manager.WebApp.Controllers.AuthedGlobalController.GetNotifCount() in C:\Project\Apps\JobMarket-Agency\Manager\Manager.WebApp\Controllers\JobMarket\AuthedGlobalController.cs:line 37
---> (Inner Exception #0) Manager.ShareLibs.CustomSystemException: H? th?ng dang b?n, vui lòng th? l?i sau
   at Manager.WebApp.Services.A_NotificationServices.<GetUnreadNotifCountAsync>d__1.MoveNext() in C:\Project\Apps\JobMarket-Agency\Manager\Manager.WebApp\Services\JobMarket\Agency\A_NotificationServices.cs:line 66<---

2020-04-22 15:16:20,519 [9] ERROR Manager.WebApp.Services.A_NotificationServices - Failed when calling api GetUnreadNotifCountAsync - http://localhost:3333/api/A_notifications/unread_count because: System.AggregateException: One or more errors occurred. ---> System.Threading.Tasks.TaskCanceledException: A task was canceled.
   --- End of inner exception stack trace ---
   at System.Threading.Tasks.Task`1.GetResultCore(Boolean waitCompletionNotification)
   at Manager.WebApp.Services.A_NotificationServices.<GetUnreadNotifCountAsync>d__1.MoveNext() in C:\Project\Apps\JobMarket-Agency\Manager\Manager.WebApp\Services\JobMarket\Agency\A_NotificationServices.cs:line 52
---> (Inner Exception #0) System.Threading.Tasks.TaskCanceledException: A task was canceled.<---

2020-04-22 15:16:20,520 [9] ERROR Manager.WebApp.Controllers.AuthedGlobalController - Failed when trying GetNotifCount because: System.AggregateException: One or more errors occurred. ---> Manager.ShareLibs.CustomSystemException: H? th?ng dang b?n, vui lòng th? l?i sau
   at Manager.WebApp.Services.A_NotificationServices.<GetUnreadNotifCountAsync>d__1.MoveNext() in C:\Project\Apps\JobMarket-Agency\Manager\Manager.WebApp\Services\JobMarket\Agency\A_NotificationServices.cs:line 66
   --- End of inner exception stack trace ---
   at System.Threading.Tasks.Task`1.GetResultCore(Boolean waitCompletionNotification)
   at Manager.WebApp.Controllers.AuthedGlobalController.GetNotifCount() in C:\Project\Apps\JobMarket-Agency\Manager\Manager.WebApp\Controllers\JobMarket\AuthedGlobalController.cs:line 37
---> (Inner Exception #0) Manager.ShareLibs.CustomSystemException: H? th?ng dang b?n, vui lòng th? l?i sau
   at Manager.WebApp.Services.A_NotificationServices.<GetUnreadNotifCountAsync>d__1.MoveNext() in C:\Project\Apps\JobMarket-Agency\Manager\Manager.WebApp\Services\JobMarket\Agency\A_NotificationServices.cs:line 66<---

2020-04-22 15:16:21,516 [93] ERROR Manager.WebApp.Services.A_NotificationServices - Failed when calling api GetUnreadNotifCountAsync - http://localhost:3333/api/A_notifications/unread_count because: System.AggregateException: One or more errors occurred. ---> System.Threading.Tasks.TaskCanceledException: A task was canceled.
   --- End of inner exception stack trace ---
   at System.Threading.Tasks.Task`1.GetResultCore(Boolean waitCompletionNotification)
   at Manager.WebApp.Services.A_NotificationServices.<GetUnreadNotifCountAsync>d__1.MoveNext() in C:\Project\Apps\JobMarket-Agency\Manager\Manager.WebApp\Services\JobMarket\Agency\A_NotificationServices.cs:line 52
---> (Inner Exception #0) System.Threading.Tasks.TaskCanceledException: A task was canceled.<---

2020-04-22 15:16:21,517 [93] ERROR Manager.WebApp.Controllers.AuthedGlobalController - Failed when trying GetNotifCount because: System.AggregateException: One or more errors occurred. ---> Manager.ShareLibs.CustomSystemException: H? th?ng dang b?n, vui lòng th? l?i sau
   at Manager.WebApp.Services.A_NotificationServices.<GetUnreadNotifCountAsync>d__1.MoveNext() in C:\Project\Apps\JobMarket-Agency\Manager\Manager.WebApp\Services\JobMarket\Agency\A_NotificationServices.cs:line 66
   --- End of inner exception stack trace ---
   at System.Threading.Tasks.Task`1.GetResultCore(Boolean waitCompletionNotification)
   at Manager.WebApp.Controllers.AuthedGlobalController.GetNotifCount() in C:\Project\Apps\JobMarket-Agency\Manager\Manager.WebApp\Controllers\JobMarket\AuthedGlobalController.cs:line 37
---> (Inner Exception #0) Manager.ShareLibs.CustomSystemException: H? th?ng dang b?n, vui lòng th? l?i sau
   at Manager.WebApp.Services.A_NotificationServices.<GetUnreadNotifCountAsync>d__1.MoveNext() in C:\Project\Apps\JobMarket-Agency\Manager\Manager.WebApp\Services\JobMarket\Agency\A_NotificationServices.cs:line 66<---

2020-04-22 15:16:48,556 [15] ERROR Manager.WebApp.Services.A_NotificationServices - Failed when calling api GetUnreadNotifCountAsync - http://localhost:3333/api/A_notifications/unread_count because: System.AggregateException: One or more errors occurred. ---> System.Threading.Tasks.TaskCanceledException: A task was canceled.
   --- End of inner exception stack trace ---
   at System.Threading.Tasks.Task`1.GetResultCore(Boolean waitCompletionNotification)
   at Manager.WebApp.Services.A_NotificationServices.<GetUnreadNotifCountAsync>d__1.MoveNext() in C:\Project\Apps\JobMarket-Agency\Manager\Manager.WebApp\Services\JobMarket\Agency\A_NotificationServices.cs:line 52
---> (Inner Exception #0) System.Threading.Tasks.TaskCanceledException: A task was canceled.<---

2020-04-22 15:16:48,557 [15] ERROR Manager.WebApp.Controllers.AuthedGlobalController - Failed when trying GetNotifCount because: System.AggregateException: One or more errors occurred. ---> Manager.ShareLibs.CustomSystemException: H? th?ng dang b?n, vui lòng th? l?i sau
   at Manager.WebApp.Services.A_NotificationServices.<GetUnreadNotifCountAsync>d__1.MoveNext() in C:\Project\Apps\JobMarket-Agency\Manager\Manager.WebApp\Services\JobMarket\Agency\A_NotificationServices.cs:line 66
   --- End of inner exception stack trace ---
   at System.Threading.Tasks.Task`1.GetResultCore(Boolean waitCompletionNotification)
   at Manager.WebApp.Controllers.AuthedGlobalController.GetNotifCount() in C:\Project\Apps\JobMarket-Agency\Manager\Manager.WebApp\Controllers\JobMarket\AuthedGlobalController.cs:line 37
---> (Inner Exception #0) Manager.ShareLibs.CustomSystemException: H? th?ng dang b?n, vui lòng th? l?i sau
   at Manager.WebApp.Services.A_NotificationServices.<GetUnreadNotifCountAsync>d__1.MoveNext() in C:\Project\Apps\JobMarket-Agency\Manager\Manager.WebApp\Services\JobMarket\Agency\A_NotificationServices.cs:line 66<---

2020-04-22 15:16:50,529 [9] ERROR Manager.WebApp.Services.A_NotificationServices - Failed when calling api GetUnreadNotifCountAsync - http://localhost:3333/api/A_notifications/unread_count because: System.AggregateException: One or more errors occurred. ---> System.Threading.Tasks.TaskCanceledException: A task was canceled.
   --- End of inner exception stack trace ---
   at System.Threading.Tasks.Task`1.GetResultCore(Boolean waitCompletionNotification)
   at Manager.WebApp.Services.A_NotificationServices.<GetUnreadNotifCountAsync>d__1.MoveNext() in C:\Project\Apps\JobMarket-Agency\Manager\Manager.WebApp\Services\JobMarket\Agency\A_NotificationServices.cs:line 52
---> (Inner Exception #0) System.Threading.Tasks.TaskCanceledException: A task was canceled.<---

2020-04-22 15:16:50,530 [9] ERROR Manager.WebApp.Controllers.AuthedGlobalController - Failed when trying GetNotifCount because: System.AggregateException: One or more errors occurred. ---> Manager.ShareLibs.CustomSystemException: H? th?ng dang b?n, vui lòng th? l?i sau
   at Manager.WebApp.Services.A_NotificationServices.<GetUnreadNotifCountAsync>d__1.MoveNext() in C:\Project\Apps\JobMarket-Agency\Manager\Manager.WebApp\Services\JobMarket\Agency\A_NotificationServices.cs:line 66
   --- End of inner exception stack trace ---
   at System.Threading.Tasks.Task`1.GetResultCore(Boolean waitCompletionNotification)
   at Manager.WebApp.Controllers.AuthedGlobalController.GetNotifCount() in C:\Project\Apps\JobMarket-Agency\Manager\Manager.WebApp\Controllers\JobMarket\AuthedGlobalController.cs:line 37
---> (Inner Exception #0) Manager.ShareLibs.CustomSystemException: H? th?ng dang b?n, vui lòng th? l?i sau
   at Manager.WebApp.Services.A_NotificationServices.<GetUnreadNotifCountAsync>d__1.MoveNext() in C:\Project\Apps\JobMarket-Agency\Manager\Manager.WebApp\Services\JobMarket\Agency\A_NotificationServices.cs:line 66<---

2020-04-22 15:16:51,530 [93] ERROR Manager.WebApp.Services.A_NotificationServices - Failed when calling api GetUnreadNotifCountAsync - http://localhost:3333/api/A_notifications/unread_count because: System.AggregateException: One or more errors occurred. ---> System.Threading.Tasks.TaskCanceledException: A task was canceled.
   --- End of inner exception stack trace ---
   at System.Threading.Tasks.Task`1.GetResultCore(Boolean waitCompletionNotification)
   at Manager.WebApp.Services.A_NotificationServices.<GetUnreadNotifCountAsync>d__1.MoveNext() in C:\Project\Apps\JobMarket-Agency\Manager\Manager.WebApp\Services\JobMarket\Agency\A_NotificationServices.cs:line 52
---> (Inner Exception #0) System.Threading.Tasks.TaskCanceledException: A task was canceled.<---

2020-04-22 15:16:51,531 [93] ERROR Manager.WebApp.Controllers.AuthedGlobalController - Failed when trying GetNotifCount because: System.AggregateException: One or more errors occurred. ---> Manager.ShareLibs.CustomSystemException: H? th?ng dang b?n, vui lòng th? l?i sau
   at Manager.WebApp.Services.A_NotificationServices.<GetUnreadNotifCountAsync>d__1.MoveNext() in C:\Project\Apps\JobMarket-Agency\Manager\Manager.WebApp\Services\JobMarket\Agency\A_NotificationServices.cs:line 66
   --- End of inner exception stack trace ---
   at System.Threading.Tasks.Task`1.GetResultCore(Boolean waitCompletionNotification)
   at Manager.WebApp.Controllers.AuthedGlobalController.GetNotifCount() in C:\Project\Apps\JobMarket-Agency\Manager\Manager.WebApp\Controllers\JobMarket\AuthedGlobalController.cs:line 37
---> (Inner Exception #0) Manager.ShareLibs.CustomSystemException: H? th?ng dang b?n, vui lòng th? l?i sau
   at Manager.WebApp.Services.A_NotificationServices.<GetUnreadNotifCountAsync>d__1.MoveNext() in C:\Project\Apps\JobMarket-Agency\Manager\Manager.WebApp\Services\JobMarket\Agency\A_NotificationServices.cs:line 66<---

2020-04-22 15:28:41,221 [37] ERROR Manager.WebApp.Services.JobSeekerServices - Failed when calling api GetByAgencyAsync - http://localhost:3333/api/job_seekers/10/get_list?keyword=&page_index=1&page_size=10&staff_id=0&type_job_seeker=-1&status=0&japanese_level=-1 because: System.AggregateException: One or more errors occurred. ---> System.Threading.Tasks.TaskCanceledException: A task was canceled.
   --- End of inner exception stack trace ---
   at System.Threading.Tasks.Task`1.GetResultCore(Boolean waitCompletionNotification)
   at Manager.WebApp.Services.JobSeekerServices.<GetByAgencyAsync>d__7.MoveNext() in C:\Project\Apps\JobMarket-Agency\Manager\Manager.WebApp\Services\JobMarket\JobSeekerServices.cs:line 351
---> (Inner Exception #0) System.Threading.Tasks.TaskCanceledException: A task was canceled.<---

2020-04-22 15:28:41,223 [37] ERROR Manager.WebApp.Controllers.ProcessController - Failed to get LoadData because: System.AggregateException: One or more errors occurred. ---> Manager.ShareLibs.CustomSystemException: H? th?ng dang b?n, vui lòng th? l?i sau
   at Manager.WebApp.Services.JobSeekerServices.<GetByAgencyAsync>d__7.MoveNext() in C:\Project\Apps\JobMarket-Agency\Manager\Manager.WebApp\Services\JobMarket\JobSeekerServices.cs:line 365
   --- End of inner exception stack trace ---
   at System.Threading.Tasks.Task`1.GetResultCore(Boolean waitCompletionNotification)
   at Manager.WebApp.Controllers.ProcessController.LoadDataJobSeeker() in C:\Project\Apps\JobMarket-Agency\Manager\Manager.WebApp\Controllers\JobMarket\ProcessController.cs:line 81
---> (Inner Exception #0) Manager.ShareLibs.CustomSystemException: H? th?ng dang b?n, vui lòng th? l?i sau
   at Manager.WebApp.Services.JobSeekerServices.<GetByAgencyAsync>d__7.MoveNext() in C:\Project\Apps\JobMarket-Agency\Manager\Manager.WebApp\Services\JobMarket\JobSeekerServices.cs:line 365<---

2020-04-22 15:28:41,515 [202] ERROR Manager.WebApp.Services.A_NotificationServices - Failed when calling api GetUnreadNotifCountAsync - http://localhost:3333/api/A_notifications/unread_count because: System.AggregateException: One or more errors occurred. ---> System.Threading.Tasks.TaskCanceledException: A task was canceled.
   --- End of inner exception stack trace ---
   at System.Threading.Tasks.Task`1.GetResultCore(Boolean waitCompletionNotification)
   at Manager.WebApp.Services.A_NotificationServices.<GetUnreadNotifCountAsync>d__1.MoveNext() in C:\Project\Apps\JobMarket-Agency\Manager\Manager.WebApp\Services\JobMarket\Agency\A_NotificationServices.cs:line 52
---> (Inner Exception #0) System.Threading.Tasks.TaskCanceledException: A task was canceled.<---

2020-04-22 15:28:41,516 [202] ERROR Manager.WebApp.Controllers.AuthedGlobalController - Failed when trying GetNotifCount because: System.AggregateException: One or more errors occurred. ---> Manager.ShareLibs.CustomSystemException: H? th?ng dang b?n, vui lòng th? l?i sau
   at Manager.WebApp.Services.A_NotificationServices.<GetUnreadNotifCountAsync>d__1.MoveNext() in C:\Project\Apps\JobMarket-Agency\Manager\Manager.WebApp\Services\JobMarket\Agency\A_NotificationServices.cs:line 66
   --- End of inner exception stack trace ---
   at System.Threading.Tasks.Task`1.GetResultCore(Boolean waitCompletionNotification)
   at Manager.WebApp.Controllers.AuthedGlobalController.GetNotifCount() in C:\Project\Apps\JobMarket-Agency\Manager\Manager.WebApp\Controllers\JobMarket\AuthedGlobalController.cs:line 37
---> (Inner Exception #0) Manager.ShareLibs.CustomSystemException: H? th?ng dang b?n, vui lòng th? l?i sau
   at Manager.WebApp.Services.A_NotificationServices.<GetUnreadNotifCountAsync>d__1.MoveNext() in C:\Project\Apps\JobMarket-Agency\Manager\Manager.WebApp\Services\JobMarket\Agency\A_NotificationServices.cs:line 66<---

2020-04-22 15:28:42,514 [21] ERROR Manager.WebApp.Services.A_NotificationServices - Failed when calling api GetUnreadNotifCountAsync - http://localhost:3333/api/A_notifications/unread_count because: System.AggregateException: One or more errors occurred. ---> System.Threading.Tasks.TaskCanceledException: A task was canceled.
   --- End of inner exception stack trace ---
   at System.Threading.Tasks.Task`1.GetResultCore(Boolean waitCompletionNotification)
   at Manager.WebApp.Services.A_NotificationServices.<GetUnreadNotifCountAsync>d__1.MoveNext() in C:\Project\Apps\JobMarket-Agency\Manager\Manager.WebApp\Services\JobMarket\Agency\A_NotificationServices.cs:line 52
---> (Inner Exception #0) System.Threading.Tasks.TaskCanceledException: A task was canceled.<---

2020-04-22 15:28:42,515 [21] ERROR Manager.WebApp.Controllers.AuthedGlobalController - Failed when trying GetNotifCount because: System.AggregateException: One or more errors occurred. ---> Manager.ShareLibs.CustomSystemException: H? th?ng dang b?n, vui lòng th? l?i sau
   at Manager.WebApp.Services.A_NotificationServices.<GetUnreadNotifCountAsync>d__1.MoveNext() in C:\Project\Apps\JobMarket-Agency\Manager\Manager.WebApp\Services\JobMarket\Agency\A_NotificationServices.cs:line 66
   --- End of inner exception stack trace ---
   at System.Threading.Tasks.Task`1.GetResultCore(Boolean waitCompletionNotification)
   at Manager.WebApp.Controllers.AuthedGlobalController.GetNotifCount() in C:\Project\Apps\JobMarket-Agency\Manager\Manager.WebApp\Controllers\JobMarket\AuthedGlobalController.cs:line 37
---> (Inner Exception #0) Manager.ShareLibs.CustomSystemException: H? th?ng dang b?n, vui lòng th? l?i sau
   at Manager.WebApp.Services.A_NotificationServices.<GetUnreadNotifCountAsync>d__1.MoveNext() in C:\Project\Apps\JobMarket-Agency\Manager\Manager.WebApp\Services\JobMarket\Agency\A_NotificationServices.cs:line 66<---

2020-04-22 15:29:11,239 [37] ERROR Manager.WebApp.Services.A_NotificationServices - Failed when calling api GetUnreadNotifCountAsync - http://localhost:3333/api/A_notifications/unread_count because: System.AggregateException: One or more errors occurred. ---> System.Threading.Tasks.TaskCanceledException: A task was canceled.
   --- End of inner exception stack trace ---
   at System.Threading.Tasks.Task`1.GetResultCore(Boolean waitCompletionNotification)
   at Manager.WebApp.Services.A_NotificationServices.<GetUnreadNotifCountAsync>d__1.MoveNext() in C:\Project\Apps\JobMarket-Agency\Manager\Manager.WebApp\Services\JobMarket\Agency\A_NotificationServices.cs:line 52
---> (Inner Exception #0) System.Threading.Tasks.TaskCanceledException: A task was canceled.<---

2020-04-22 15:29:11,240 [37] ERROR Manager.WebApp.Controllers.AuthedGlobalController - Failed when trying GetNotifCount because: System.AggregateException: One or more errors occurred. ---> Manager.ShareLibs.CustomSystemException: H? th?ng dang b?n, vui lòng th? l?i sau
   at Manager.WebApp.Services.A_NotificationServices.<GetUnreadNotifCountAsync>d__1.MoveNext() in C:\Project\Apps\JobMarket-Agency\Manager\Manager.WebApp\Services\JobMarket\Agency\A_NotificationServices.cs:line 66
   --- End of inner exception stack trace ---
   at System.Threading.Tasks.Task`1.GetResultCore(Boolean waitCompletionNotification)
   at Manager.WebApp.Controllers.AuthedGlobalController.GetNotifCount() in C:\Project\Apps\JobMarket-Agency\Manager\Manager.WebApp\Controllers\JobMarket\AuthedGlobalController.cs:line 37
---> (Inner Exception #0) Manager.ShareLibs.CustomSystemException: H? th?ng dang b?n, vui lòng th? l?i sau
   at Manager.WebApp.Services.A_NotificationServices.<GetUnreadNotifCountAsync>d__1.MoveNext() in C:\Project\Apps\JobMarket-Agency\Manager\Manager.WebApp\Services\JobMarket\Agency\A_NotificationServices.cs:line 66<---

2020-04-22 15:29:41,258 [37] ERROR Manager.WebApp.Services.A_NotificationServices - Failed when calling api GetUnreadNotifCountAsync - http://localhost:3333/api/A_notifications/unread_count because: System.AggregateException: One or more errors occurred. ---> System.Threading.Tasks.TaskCanceledException: A task was canceled.
   --- End of inner exception stack trace ---
   at System.Threading.Tasks.Task`1.GetResultCore(Boolean waitCompletionNotification)
   at Manager.WebApp.Services.A_NotificationServices.<GetUnreadNotifCountAsync>d__1.MoveNext() in C:\Project\Apps\JobMarket-Agency\Manager\Manager.WebApp\Services\JobMarket\Agency\A_NotificationServices.cs:line 52
---> (Inner Exception #0) System.Threading.Tasks.TaskCanceledException: A task was canceled.<---

2020-04-22 15:29:41,259 [37] ERROR Manager.WebApp.Controllers.AuthedGlobalController - Failed when trying GetNotifCount because: System.AggregateException: One or more errors occurred. ---> Manager.ShareLibs.CustomSystemException: H? th?ng dang b?n, vui lòng th? l?i sau
   at Manager.WebApp.Services.A_NotificationServices.<GetUnreadNotifCountAsync>d__1.MoveNext() in C:\Project\Apps\JobMarket-Agency\Manager\Manager.WebApp\Services\JobMarket\Agency\A_NotificationServices.cs:line 66
   --- End of inner exception stack trace ---
   at System.Threading.Tasks.Task`1.GetResultCore(Boolean waitCompletionNotification)
   at Manager.WebApp.Controllers.AuthedGlobalController.GetNotifCount() in C:\Project\Apps\JobMarket-Agency\Manager\Manager.WebApp\Controllers\JobMarket\AuthedGlobalController.cs:line 37
---> (Inner Exception #0) Manager.ShareLibs.CustomSystemException: H? th?ng dang b?n, vui lòng th? l?i sau
   at Manager.WebApp.Services.A_NotificationServices.<GetUnreadNotifCountAsync>d__1.MoveNext() in C:\Project\Apps\JobMarket-Agency\Manager\Manager.WebApp\Services\JobMarket\Agency\A_NotificationServices.cs:line 66<---

2020-04-22 15:32:32,036 [128] DEBUG Manager.WebApp.Services.AgencyServices - Begin GetSchedulesByStaffAsync request
2020-04-22 16:14:31,278 [151] DEBUG Manager.WebApp.Services.A_JobSeekerServices - Begin GetListAssignmenWorkByPageAsync request
2020-04-22 16:14:37,818 [151] DEBUG Manager.WebApp.Services.A_JobSeekerServices - Begin GetListAssignmenWorkByPageAsync request
2020-04-22 16:15:47,760 [62] DEBUG Manager.WebApp.Services.A_JobSeekerServices - Begin GetListAssignmenWorkByPageAsync request
2020-04-22 16:29:02,053 [33] DEBUG Manager.WebApp.Services.A_JobSeekerServices - Begin GetListByPageAsync request
2020-04-22 16:29:10,305 [33] DEBUG Manager.WebApp.Services.A_JobSeekerServices - Begin GetListByPageAsync request
2020-04-22 16:30:55,761 [135] DEBUG Manager.WebApp.Services.A_JobSeekerServices - Begin GetListByPageAsync request
2020-04-22 16:45:54,236 [160] DEBUG Manager.WebApp.Services.A_JobSeekerServices - Begin GetListByPageAsync request
2020-04-22 16:46:05,698 [192] DEBUG Manager.WebApp.Services.A_JobSeekerServices - Begin GetEduHistoryAsync request
2020-04-22 16:46:07,709 [142] DEBUG Manager.WebApp.Services.A_JobSeekerServices - Begin GetWorkHistoryAsync request
2020-04-22 16:46:08,225 [182] DEBUG Manager.WebApp.Services.A_JobSeekerServices - Begin GetCertificateAsync request
2020-04-22 16:46:28,774 [156] DEBUG Manager.WebApp.Services.A_JobSeekerServices - Begin GetEduHistoryAsync request
2020-04-22 16:46:29,276 [160] DEBUG Manager.WebApp.Services.A_JobSeekerServices - Begin GetWorkHistoryAsync request
2020-04-22 16:46:29,790 [156] DEBUG Manager.WebApp.Services.A_JobSeekerServices - Begin GetCertificateAsync request
2020-04-22 16:46:36,834 [62] DEBUG Manager.WebApp.Services.A_JobSeekerServices - Begin GetEduHistoryAsync request
2020-04-22 16:46:37,346 [160] DEBUG Manager.WebApp.Services.A_JobSeekerServices - Begin GetCertificateAsync request
2020-04-22 16:46:37,846 [62] DEBUG Manager.WebApp.Services.A_JobSeekerServices - Begin GetWorkHistoryAsync request
2020-04-22 16:47:14,070 [95] DEBUG Manager.WebApp.Services.A_JobSeekerServices - Begin GetCertificateAsync request
2020-04-22 16:47:14,267 [142] DEBUG Manager.WebApp.Services.A_JobSeekerServices - Begin GetWorkHistoryAsync request
2020-04-22 16:47:14,771 [52] DEBUG Manager.WebApp.Services.A_JobSeekerServices - Begin GetEduHistoryAsync request
2020-04-22 16:47:44,950 [62] DEBUG Manager.WebApp.Services.A_ReportServices - Begin JobByWeekAsync request
2020-04-22 16:47:45,450 [192] DEBUG Manager.WebApp.Services.A_ReportServices - Begin ApplicationByWeekAsync request
2020-04-22 16:47:45,954 [57] DEBUG Manager.WebApp.Services.AgencyServices - Begin GetSchedulesByStaffAsync request
2020-04-22 16:47:47,915 [181] DEBUG Manager.WebApp.Services.A_JobSeekerServices - Begin GetListByPageAsync request
2020-04-22 16:54:42,797 [118] DEBUG Manager.WebApp.Services.A_JobSeekerServices - Begin GetEduHistoryAsync request
2020-04-22 16:54:44,331 [6] DEBUG Manager.WebApp.Services.A_JobSeekerServices - Begin GetWorkHistoryAsync request
2020-04-22 16:54:44,832 [38] DEBUG Manager.WebApp.Services.A_JobSeekerServices - Begin GetCertificateAsync request
2020-04-22 16:56:26,538 [181] DEBUG Manager.WebApp.Services.A_JobSeekerServices - Begin GetEduHistoryAsync request
2020-04-22 16:56:27,046 [80] DEBUG Manager.WebApp.Services.A_JobSeekerServices - Begin GetWorkHistoryAsync request
2020-04-22 16:56:28,063 [108] DEBUG Manager.WebApp.Services.A_JobSeekerServices - Begin GetCertificateAsync request
2020-04-22 16:56:51,238 [159] DEBUG Manager.WebApp.Services.A_JobSeekerServices - Begin GetEduHistoryAsync request
2020-04-22 16:56:51,752 [181] DEBUG Manager.WebApp.Services.A_JobSeekerServices - Begin GetWorkHistoryAsync request
2020-04-22 16:56:52,252 [193] DEBUG Manager.WebApp.Services.A_JobSeekerServices - Begin GetCertificateAsync request
2020-04-22 16:57:21,537 [189] DEBUG Manager.WebApp.Services.A_JobSeekerServices - Begin GetListByPageAsync request
2020-04-22 16:57:37,350 [118] DEBUG Manager.WebApp.Services.A_JobSeekerServices - Begin GetEduHistoryAsync request
2020-04-22 16:57:37,863 [118] DEBUG Manager.WebApp.Services.A_JobSeekerServices - Begin GetCertificateAsync request
2020-04-22 16:57:38,366 [140] DEBUG Manager.WebApp.Services.A_JobSeekerServices - Begin GetWorkHistoryAsync request
2020-04-22 16:58:17,093 [90] DEBUG Manager.WebApp.Services.A_JobSeekerServices - Begin GetEduHistoryAsync request
2020-04-22 16:58:18,112 [192] DEBUG Manager.WebApp.Services.A_JobSeekerServices - Begin GetCertificateAsync request
2020-04-22 16:58:18,613 [90] DEBUG Manager.WebApp.Services.A_JobSeekerServices - Begin GetWorkHistoryAsync request
2020-04-22 16:59:43,929 [141] DEBUG Manager.WebApp.Services.A_JobSeekerServices - Begin GetEduHistoryAsync request
2020-04-22 16:59:44,945 [159] DEBUG Manager.WebApp.Services.A_JobSeekerServices - Begin GetCertificateAsync request
2020-04-22 16:59:45,454 [140] DEBUG Manager.WebApp.Services.A_JobSeekerServices - Begin GetWorkHistoryAsync request
2020-04-22 17:00:22,952 [141] DEBUG Manager.WebApp.Services.A_JobSeekerServices - Begin GetEduHistoryAsync request
2020-04-22 17:00:23,465 [104] DEBUG Manager.WebApp.Services.A_JobSeekerServices - Begin GetCertificateAsync request
2020-04-22 17:00:23,965 [141] DEBUG Manager.WebApp.Services.A_JobSeekerServices - Begin GetWorkHistoryAsync request
2020-04-22 17:00:35,492 [141] DEBUG Manager.WebApp.Services.A_JobSeekerServices - Begin GetEduHistoryAsync request
2020-04-22 17:00:36,504 [104] DEBUG Manager.WebApp.Services.A_JobSeekerServices - Begin GetWorkHistoryAsync request
2020-04-22 17:00:37,005 [140] DEBUG Manager.WebApp.Services.A_JobSeekerServices - Begin GetCertificateAsync request
2020-04-22 17:01:00,313 [167] DEBUG Manager.WebApp.Services.A_JobSeekerServices - Begin GetEduHistoryAsync request
2020-04-22 17:01:00,855 [135] DEBUG Manager.WebApp.Services.A_JobSeekerServices - Begin GetWorkHistoryAsync request
2020-04-22 17:01:01,375 [159] DEBUG Manager.WebApp.Services.A_JobSeekerServices - Begin GetCertificateAsync request
2020-04-22 17:01:09,479 [104] DEBUG Manager.WebApp.Services.A_JobSeekerServices - Begin GetListByPageAsync request
2020-04-22 17:01:54,190 [35] DEBUG Manager.WebApp.Services.A_JobSeekerServices - Begin GetListAssignmenWorkByPageAsync request
2020-04-22 17:01:59,496 [33] DEBUG Manager.WebApp.Services.A_JobSeekerServices - Begin GetListAssignmenWorkByPageAsync request
2020-04-22 17:02:04,641 [33] DEBUG Manager.WebApp.Services.A_JobSeekerServices - Begin GetListByPageAsync request
2020-04-22 17:02:50,730 [175] DEBUG Manager.WebApp.Services.A_JobSeekerServices - Begin GetListByPageAsync request
2020-04-22 17:09:33,940 [180] ERROR Manager.WebApp.Helpers.FrontendHelpers - Could not GenerateCompanyAddress: System.IndexOutOfRangeException: Index was outside the bounds of the array.
   at System.String.get_Chars(Int32 index)
   at Manager.WebApp.Helpers.FrontendHelpers.GenerateCompanyAddress(IdentityCompany model, String currentLang) in C:\Project\Apps\JobMarket-Agency\Manager\Manager.WebApp\Helpers\Business\FrontendHelpers.cs:line 286
2020-04-22 17:09:53,769 [33] DEBUG Manager.WebApp.Services.A_JobSeekerServices - Begin GetListAssignmenWorkByPageAsync request
2020-04-22 17:12:47,189 [93] ERROR Manager.WebApp.Helpers.FrontendHelpers - Could not GenerateCompanyAddress: System.IndexOutOfRangeException: Index was outside the bounds of the array.
   at System.String.get_Chars(Int32 index)
   at Manager.WebApp.Helpers.FrontendHelpers.GenerateCompanyAddress(IdentityCompany model, String currentLang) in C:\Project\Apps\JobMarket-Agency\Manager\Manager.WebApp\Helpers\Business\FrontendHelpers.cs:line 286
2020-04-22 17:18:12,006 [94] ERROR Manager.WebApp.Helpers.FrontendHelpers - Could not GenerateCompanyAddress: System.IndexOutOfRangeException: Index was outside the bounds of the array.
   at System.String.get_Chars(Int32 index)
   at Manager.WebApp.Helpers.FrontendHelpers.GenerateCompanyAddress(IdentityCompany model, String currentLang) in C:\Project\Apps\JobMarket-Agency\Manager\Manager.WebApp\Helpers\Business\FrontendHelpers.cs:line 286
2020-04-22 17:18:18,602 [6] DEBUG Manager.WebApp.Services.A_JobSeekerServices - Begin GetListByPageAsync request
2020-04-22 17:19:06,258 [76] DEBUG Manager.WebApp.Services.A_JobSeekerServices - Begin GetEduHistoryAsync request
2020-04-22 17:19:06,768 [108] DEBUG Manager.WebApp.Services.A_JobSeekerServices - Begin GetCertificateAsync request
2020-04-22 17:19:07,270 [94] DEBUG Manager.WebApp.Services.A_JobSeekerServices - Begin GetWorkHistoryAsync request
2020-04-22 17:19:10,802 [38] DEBUG Manager.WebApp.Services.A_JobSeekerServices - Begin GetListByPageAsync request
2020-04-22 17:19:36,633 [141] DEBUG Manager.WebApp.Services.A_JobSeekerServices - Begin GetEduHistoryAsync request
2020-04-22 17:19:37,644 [100] DEBUG Manager.WebApp.Services.A_JobSeekerServices - Begin GetCertificateAsync request
2020-04-22 17:19:38,659 [59] DEBUG Manager.WebApp.Services.A_JobSeekerServices - Begin GetWorkHistoryAsync request
2020-04-22 17:19:41,163 [121] DEBUG Manager.WebApp.Services.A_JobSeekerServices - Begin GetListByPageAsync request
2020-04-22 17:19:56,371 [121] DEBUG Manager.WebApp.Services.A_JobSeekerServices - Begin GetListAssignmenWorkByPageAsync request
2020-04-22 17:22:11,077 [54] INFO  Manager.WebApp.Startup - ======================================================
2020-04-22 17:22:11,092 [54] INFO  Manager.WebApp.Startup - Manager.WebApp is starting up
2020-04-22 17:22:11,092 [54] INFO  Manager.WebApp.Startup - ======================================================
2020-04-22 17:22:11,129 [54] INFO  Manager.WebApp.Startup - ======================================================
2020-04-22 17:22:11,130 [54] INFO  Manager.WebApp.Startup - Manager.WebApp is successfully configured
2020-04-22 17:22:11,131 [54] INFO  Manager.WebApp.Startup - ======================================================
2020-04-22 17:22:25,859 [100] DEBUG Manager.WebApp.Services.A_JobSeekerServices - Begin GetListAssignmenWorkByPageAsync request
2020-04-22 17:22:28,243 [67] DEBUG Manager.WebApp.Services.A_JobSeekerServices - Begin GetListAssignmenWorkByPageAsync request
2020-04-22 17:22:31,329 [121] DEBUG Manager.WebApp.Services.A_JobSeekerServices - Begin GetListAssignmenWorkByPageAsync request
2020-04-22 17:33:14,302 [52] DEBUG Manager.WebApp.Services.A_ReportServices - Begin JobByWeekAsync request
2020-04-22 17:33:14,800 [52] DEBUG Manager.WebApp.Services.A_ReportServices - Begin ApplicationByWeekAsync request
2020-04-22 17:33:15,304 [20] DEBUG Manager.WebApp.Services.AgencyServices - Begin GetSchedulesByStaffAsync request
2020-04-22 17:33:25,738 [52] DEBUG Manager.WebApp.Services.A_JobSeekerServices - Begin GetListAssignmenWorkByPageAsync request
2020-04-22 17:33:59,057 [189] DEBUG Manager.WebApp.Services.A_JobSeekerServices - Begin GetListAssignmenWorkByPageAsync request
2020-04-22 17:34:05,974 [138] DEBUG Manager.WebApp.Services.A_JobSeekerServices - Begin GetListAssignmenWorkByPageAsync request
2020-04-22 17:34:15,306 [203] DEBUG Manager.WebApp.Services.A_JobSeekerServices - Begin GetListAssignmenWorkByPageAsync request
2020-04-22 17:34:24,991 [99] DEBUG Manager.WebApp.Services.A_JobSeekerServices - Begin GetListAssignmenWorkByPageAsync request
2020-04-22 17:34:32,262 [128] DEBUG Manager.WebApp.Services.A_JobSeekerServices - Begin GetListAssignmenWorkByPageAsync request
2020-04-22 17:34:36,209 [188] DEBUG Manager.WebApp.Services.A_JobSeekerServices - Begin GetListAssignmenWorkByPageAsync request
2020-04-22 17:34:41,450 [188] DEBUG Manager.WebApp.Services.A_JobSeekerServices - Begin GetListAssignmenWorkByPageAsync request
2020-04-22 17:49:44,010 [1] INFO  Manager.WebApp.Startup - ======================================================
2020-04-22 17:49:44,022 [1] INFO  Manager.WebApp.Startup - Manager.WebApp is starting up
2020-04-22 17:49:44,023 [1] INFO  Manager.WebApp.Startup - ======================================================
2020-04-22 17:49:44,056 [1] INFO  Manager.WebApp.Startup - ======================================================
2020-04-22 17:49:44,057 [1] INFO  Manager.WebApp.Startup - Manager.WebApp is successfully configured
2020-04-22 17:49:44,057 [1] INFO  Manager.WebApp.Startup - ======================================================
2020-04-22 17:49:58,374 [109] DEBUG Manager.WebApp.Services.AgencyServices - Begin GetSchedulesByStaffAsync request
2020-04-22 17:50:16,886 [167] DEBUG Manager.WebApp.Services.A_JobSeekerServices - Begin GetListAssignmenWorkByPageAsync request
2020-04-22 17:50:34,819 [59] DEBUG Manager.WebApp.Services.A_JobSeekerServices - Begin GetListAssignmenWorkByPageAsync request
2020-04-22 17:50:37,678 [110] DEBUG Manager.WebApp.Services.A_JobSeekerServices - Begin GetListAssignmenWorkByPageAsync request
2020-04-22 17:50:39,278 [74] DEBUG Manager.WebApp.Services.A_JobSeekerServices - Begin GetListAssignmenWorkByPageAsync request
2020-04-22 17:52:26,095 [59] DEBUG Manager.WebApp.Services.A_JobSeekerServices - Begin GetListAssignmenWorkByPageAsync request
2020-04-22 17:52:28,322 [59] DEBUG Manager.WebApp.Services.A_JobSeekerServices - Begin GetListAssignmenWorkByPageAsync request
2020-04-22 17:52:29,671 [59] DEBUG Manager.WebApp.Services.A_JobSeekerServices - Begin GetListAssignmenWorkByPageAsync request
2020-04-22 17:52:32,564 [175] DEBUG Manager.WebApp.Services.A_JobSeekerServices - Begin GetListAssignmenWorkByPageAsync request
2020-04-22 17:52:45,603 [35] DEBUG Manager.WebApp.Services.A_JobSeekerServices - Begin GetListAssignmenWorkByPageAsync request
2020-04-22 17:52:47,555 [35] DEBUG Manager.WebApp.Services.A_JobSeekerServices - Begin GetListAssignmenWorkByPageAsync request
2020-04-22 17:53:08,765 [74] DEBUG Manager.WebApp.Services.A_JobSeekerServices - Begin GetListAssignmenWorkByPageAsync request
2020-04-22 17:53:18,397 [199] DEBUG Manager.WebApp.Services.A_JobSeekerServices - Begin GetListAssignmenWorkByPageAsync request
2020-04-22 17:53:21,692 [59] DEBUG Manager.WebApp.Services.A_JobSeekerServices - Begin GetListAssignmenWorkByPageAsync request
2020-04-22 17:54:55,331 [74] DEBUG Manager.WebApp.Services.A_JobSeekerServices - Begin GetListAssignmenWorkByPageAsync request
2020-04-22 17:54:59,008 [59] DEBUG Manager.WebApp.Services.A_JobSeekerServices - Begin GetListAssignmenWorkByPageAsync request
2020-04-22 17:55:01,830 [59] DEBUG Manager.WebApp.Services.A_JobSeekerServices - Begin GetListAssignmenWorkByPageAsync request
2020-04-22 17:55:06,347 [74] DEBUG Manager.WebApp.Services.A_JobSeekerServices - Begin GetListAssignmenWorkByPageAsync request
2020-04-22 17:55:30,189 [44] DEBUG Manager.WebApp.Services.A_JobSeekerServices - Begin GetListByPageAsync request
2020-04-22 17:59:38,578 [49] DEBUG Manager.WebApp.Services.AgencyServices - Begin GetSchedulesByStaffAsync request
2020-04-22 17:59:56,872 [43] DEBUG Manager.WebApp.Services.A_JobSeekerServices - Begin GetListAssignmenWorkByPageAsync request
2020-04-22 18:12:01,074 [203] DEBUG Manager.WebApp.Services.A_JobSeekerServices - Begin GetListByPageAsync request
2020-04-22 18:12:12,553 [20] ERROR Manager.WebApp.MvcApplication - Application Error: c:\Project\Apps\JobMarket-Agency\Manager\Manager.WebApp\Views\JobSeeker\Partials\_AssignmentWork.cshtml(27): error CS1061: 'Manager.WebApp.Models.InterviewProcessInsertModel' does not contain a definition for 'list_ids' and no extension method 'list_ids' accepting a first argument of type 'Manager.WebApp.Models.InterviewProcessInsertModel' could be found (are you missing a using directive or an assembly reference?)
System.Web.HttpCompileException (0x80004005): c:\Project\Apps\JobMarket-Agency\Manager\Manager.WebApp\Views\JobSeeker\Partials\_AssignmentWork.cshtml(27): error CS1061: 'Manager.WebApp.Models.InterviewProcessInsertModel' does not contain a definition for 'list_ids' and no extension method 'list_ids' accepting a first argument of type 'Manager.WebApp.Models.InterviewProcessInsertModel' could be found (are you missing a using directive or an assembly reference?)
   at System.Web.Compilation.AssemblyBuilder.Compile()
   at System.Web.Compilation.BuildProvidersCompiler.PerformBuild()
   at System.Web.Compilation.BuildManager.CompileWebFile(VirtualPath virtualPath)
   at System.Web.Compilation.BuildManager.GetVPathBuildResultInternal(VirtualPath virtualPath, Boolean noBuild, Boolean allowCrossApp, Boolean allowBuildInPrecompile, Boolean throwIfNotFound, Boolean ensureIsUpToDate)
   at System.Web.Compilation.BuildManager.GetVPathBuildResultWithNoAssert(HttpContext context, VirtualPath virtualPath, Boolean noBuild, Boolean allowCrossApp, Boolean allowBuildInPrecompile, Boolean throwIfNotFound, Boolean ensureIsUpToDate)
   at System.Web.Compilation.BuildManager.GetVirtualPathObjectFactory(VirtualPath virtualPath, HttpContext context, Boolean allowCrossApp, Boolean throwIfNotFound)
   at System.Web.Compilation.BuildManager.GetCompiledType(VirtualPath virtualPath)
   at System.Web.Mvc.BuildManagerCompiledView.Render(ViewContext viewContext, TextWriter writer)
   at System.Web.Mvc.ViewResultBase.ExecuteResult(ControllerContext context)
   at System.Web.Mvc.ControllerActionInvoker.InvokeActionResultFilterRecursive(IList`1 filters, Int32 filterIndex, ResultExecutingContext preContext, ControllerContext controllerContext, ActionResult actionResult)
   at System.Web.Mvc.ControllerActionInvoker.InvokeActionResultFilterRecursive(IList`1 filters, Int32 filterIndex, ResultExecutingContext preContext, ControllerContext controllerContext, ActionResult actionResult)
   at System.Web.Mvc.ControllerActionInvoker.InvokeActionResultWithFilters(ControllerContext controllerContext, IList`1 filters, ActionResult actionResult)
   at System.Web.Mvc.Async.AsyncControllerActionInvoker.<>c__DisplayClass21.<BeginInvokeAction>b__1e(IAsyncResult asyncResult)
   at System.Web.Mvc.Async.AsyncControllerActionInvoker.EndInvokeAction(IAsyncResult asyncResult)
   at System.Web.Mvc.Controller.<BeginExecuteCore>b__1d(IAsyncResult asyncResult, ExecuteCoreState innerState)
   at System.Web.Mvc.Async.AsyncResultWrapper.WrappedAsyncVoid`1.CallEndDelegate(IAsyncResult asyncResult)
   at System.Web.Mvc.Controller.EndExecuteCore(IAsyncResult asyncResult)
   at System.Web.Mvc.Async.AsyncResultWrapper.WrappedAsyncVoid`1.CallEndDelegate(IAsyncResult asyncResult)
   at System.Web.Mvc.Controller.EndExecute(IAsyncResult asyncResult)
   at System.Web.Mvc.MvcHandler.<BeginProcessRequest>b__5(IAsyncResult asyncResult, ProcessRequestState innerState)
   at System.Web.Mvc.Async.AsyncResultWrapper.WrappedAsyncVoid`1.CallEndDelegate(IAsyncResult asyncResult)
   at System.Web.Mvc.MvcHandler.EndProcessRequest(IAsyncResult asyncResult)
   at System.Web.HttpApplication.CallHandlerExecutionStep.System.Web.HttpApplication.IExecutionStep.Execute()
   at System.Web.HttpApplication.ExecuteStepImpl(IExecutionStep step)
   at System.Web.HttpApplication.ExecuteStep(IExecutionStep step, Boolean& completedSynchronously)
2020-04-22 18:12:25,725 [203] DEBUG Manager.WebApp.Services.A_JobSeekerServices - Begin GetListByPageAsync request
2020-04-22 18:12:29,008 [75] INFO  Manager.WebApp.Startup - ======================================================
2020-04-22 18:12:29,024 [75] INFO  Manager.WebApp.Startup - Manager.WebApp is starting up
2020-04-22 18:12:29,026 [75] INFO  Manager.WebApp.Startup - ======================================================
2020-04-22 18:12:29,067 [75] INFO  Manager.WebApp.Startup - ======================================================
2020-04-22 18:12:29,067 [75] INFO  Manager.WebApp.Startup - Manager.WebApp is successfully configured
2020-04-22 18:12:29,068 [75] INFO  Manager.WebApp.Startup - ======================================================
2020-04-22 18:12:38,837 [181] DEBUG Manager.WebApp.Services.A_ReportServices - Begin JobByWeekAsync request
2020-04-22 18:12:39,332 [160] DEBUG Manager.WebApp.Services.A_ReportServices - Begin ApplicationByWeekAsync request
2020-04-22 18:12:39,838 [120] DEBUG Manager.WebApp.Services.AgencyServices - Begin GetSchedulesByStaffAsync request
2020-04-22 18:12:45,719 [203] DEBUG Manager.WebApp.Services.A_JobSeekerServices - Begin GetListByPageAsync request
2020-04-22 18:17:16,880 [120] DEBUG Manager.WebApp.Services.A_JobSeekerServices - Begin GetListByPageAsync request
2020-04-22 18:18:08,180 [135] DEBUG Manager.WebApp.Services.A_JobSeekerServices - Begin GetListByPageAsync request
2020-04-22 18:18:27,136 [43] DEBUG Manager.WebApp.Services.A_JobSeekerServices - Begin GetListByPageAsync request
2020-04-22 18:19:38,886 [87] DEBUG Manager.WebApp.Services.A_JobSeekerServices - Begin GetListByPageAsync request
2020-04-22 18:20:50,538 [56] DEBUG Manager.WebApp.Services.A_JobSeekerServices - Begin GetListByPageAsync request
2020-04-22 18:22:18,891 [133] INFO  Manager.WebApp.Startup - ======================================================
2020-04-22 18:22:18,904 [133] INFO  Manager.WebApp.Startup - Manager.WebApp is starting up
2020-04-22 18:22:18,904 [133] INFO  Manager.WebApp.Startup - ======================================================
2020-04-22 18:22:18,933 [133] INFO  Manager.WebApp.Startup - ======================================================
2020-04-22 18:22:18,933 [133] INFO  Manager.WebApp.Startup - Manager.WebApp is successfully configured
2020-04-22 18:22:18,934 [133] INFO  Manager.WebApp.Startup - ======================================================
2020-04-22 18:22:31,664 [57] DEBUG Manager.WebApp.Services.AgencyServices - Begin GetSchedulesByStaffAsync request
2020-04-22 18:22:49,983 [87] DEBUG Manager.WebApp.Services.A_JobSeekerServices - Begin GetListByPageAsync request
2020-04-22 18:23:17,970 [140] DEBUG Manager.WebApp.Services.A_JobSeekerServices - Begin GetListByPageAsync request
2020-04-22 18:24:05,941 [38] DEBUG Manager.WebApp.Services.A_JobSeekerServices - Begin GetListByPageAsync request
2020-04-22 20:33:25,815 [160] DEBUG Manager.WebApp.Services.A_JobSeekerServices - Begin GetListByPageAsync request
2020-04-22 20:38:20,390 [54] INFO  Manager.WebApp.Startup - ======================================================
2020-04-22 20:38:20,402 [54] INFO  Manager.WebApp.Startup - Manager.WebApp is starting up
2020-04-22 20:38:20,402 [54] INFO  Manager.WebApp.Startup - ======================================================
2020-04-22 20:38:20,435 [54] INFO  Manager.WebApp.Startup - ======================================================
2020-04-22 20:38:20,436 [54] INFO  Manager.WebApp.Startup - Manager.WebApp is successfully configured
2020-04-22 20:38:20,437 [54] INFO  Manager.WebApp.Startup - ======================================================
2020-04-22 20:38:34,532 [62] DEBUG Manager.WebApp.Services.A_ReportServices - Begin JobByWeekAsync request
2020-04-22 20:38:35,028 [212] DEBUG Manager.WebApp.Services.A_ReportServices - Begin ApplicationByWeekAsync request
2020-04-22 20:38:35,540 [21] DEBUG Manager.WebApp.Services.AgencyServices - Begin GetSchedulesByStaffAsync request
2020-04-22 20:45:21,509 [109] DEBUG Manager.WebApp.Services.AgencyServices - Begin GetSchedulesByStaffAsync request
2020-04-22 20:45:30,688 [165] DEBUG Manager.WebApp.Services.A_JobSeekerServices - Begin GetListAssignmenWorkByPageAsync request
2020-04-22 20:48:08,884 [49] DEBUG Manager.WebApp.Services.AgencyServices - Begin GetSchedulesByStaffAsync request
2020-04-22 20:48:21,326 [62] DEBUG Manager.WebApp.Services.A_JobSeekerServices - Begin GetListAssignmenWorkByPageAsync request
2020-04-22 20:48:33,700 [165] DEBUG Manager.WebApp.Services.A_JobSeekerServices - Begin GetListByPageAsync request
2020-04-22 20:48:40,717 [49] DEBUG Manager.WebApp.Services.A_JobSeekerServices - Begin GetListByPageAsync request
2020-04-22 20:49:55,758 [114] DEBUG Manager.WebApp.Services.A_JobSeekerServices - Begin GetListByPageAsync request
2020-04-22 20:51:40,789 [49] DEBUG Manager.WebApp.Services.A_JobSeekerServices - Begin GetListByPageAsync request
2020-04-22 20:52:54,181 [207] DEBUG Manager.WebApp.Services.A_JobSeekerServices - Begin GetListAssignmenWorkByPageAsync request
2020-04-22 20:53:02,573 [8] DEBUG Manager.WebApp.Services.A_JobSeekerServices - Begin GetListAssignmenWorkByPageAsync request
2020-04-22 20:53:06,822 [8] DEBUG Manager.WebApp.Services.A_JobSeekerServices - Begin GetListAssignmenWorkByPageAsync request
2020-04-22 20:53:18,608 [165] DEBUG Manager.WebApp.Services.A_JobSeekerServices - Begin GetListAssignmenWorkByPageAsync request
2020-04-22 20:53:43,602 [77] DEBUG Manager.WebApp.Services.A_JobSeekerServices - Begin GetListByPageAsync request
2020-04-22 20:54:15,518 [207] DEBUG Manager.WebApp.Services.A_JobSeekerServices - Begin GetListByPageAsync request
2020-04-22 20:54:47,638 [164] DEBUG Manager.WebApp.Services.A_JobSeekerServices - Begin GetListByPageAsync request
2020-04-22 20:55:11,263 [165] DEBUG Manager.WebApp.Services.A_JobSeekerServices - Begin GetListByPageAsync request
2020-04-22 21:00:43,568 [1] INFO  Manager.WebApp.Startup - ======================================================
2020-04-22 21:00:43,580 [1] INFO  Manager.WebApp.Startup - Manager.WebApp is starting up
2020-04-22 21:00:43,581 [1] INFO  Manager.WebApp.Startup - ======================================================
2020-04-22 21:00:43,612 [1] INFO  Manager.WebApp.Startup - ======================================================
2020-04-22 21:00:43,613 [1] INFO  Manager.WebApp.Startup - Manager.WebApp is successfully configured
2020-04-22 21:00:43,613 [1] INFO  Manager.WebApp.Startup - ======================================================
2020-04-22 21:27:27,469 [41] DEBUG Manager.WebApp.Services.AdminServices - Return code: OK, message: http://localhost:5050/api/user/operator
2020-04-22 21:27:28,332 [44] ERROR Manager.WebApp.Controllers.MessengerController - Failed when trying InitConversation because: Autofac.Core.DependencyResolutionException: An error occurred during the activation of a particular registration. See the inner exception for details. Registration: Activator = StoreConversation (ReflectionActivator), Services = [MsSql.AspNet.Identity.MsSqlStores.IStoreConversation], Lifetime = Autofac.Core.Lifetime.CurrentScopeLifetime, Sharing = None, Ownership = OwnedByLifetimeScope ---> An exception was thrown while invoking the constructor 'Void .ctor()' on type 'StoreConversation'. ---> Object reference not set to an instance of an object. (See inner exception for details.) (See inner exception for details.) ---> Autofac.Core.DependencyResolutionException: An exception was thrown while invoking the constructor 'Void .ctor()' on type 'StoreConversation'. ---> Object reference not set to an instance of an object. (See inner exception for details.) ---> System.NullReferenceException: Object reference not set to an instance of an object.
   at MsSql.AspNet.Identity.MsSqlStores.StoreConversation..ctor(String connectionStringName) in C:\Project\Apps\JobMarket-Agency\Manager\MsSql.AspNet.Identity\MsSqlStores\Business\StoreConversation.cs:line 21
   at MsSql.AspNet.Identity.MsSqlStores.StoreConversation..ctor() in C:\Project\Apps\JobMarket-Agency\Manager\MsSql.AspNet.Identity\MsSqlStores\Business\StoreConversation.cs:line 14
   at lambda_method(Closure , Object[] )
   at Autofac.Core.Activators.Reflection.ConstructorParameterBinding.Instantiate()
   --- End of inner exception stack trace ---
   at Autofac.Core.Activators.Reflection.ConstructorParameterBinding.Instantiate()
   at Autofac.Core.Activators.Reflection.ReflectionActivator.ActivateInstance(IComponentContext context, IEnumerable`1 parameters)
   at Autofac.Core.Resolving.InstanceLookup.Activate(IEnumerable`1 parameters)
   --- End of inner exception stack trace ---
   at Autofac.Core.Resolving.InstanceLookup.Activate(IEnumerable`1 parameters)
   at Autofac.Core.Resolving.InstanceLookup.Execute()
   at Autofac.Core.Resolving.ResolveOperation.GetOrCreateInstance(ISharingLifetimeScope currentOperationScope, IComponentRegistration registration, IEnumerable`1 parameters)
   at Autofac.Core.Resolving.ResolveOperation.Execute(IComponentRegistration registration, IEnumerable`1 parameters)
   at Autofac.ResolutionExtensions.TryResolveService(IComponentContext context, Service service, IEnumerable`1 parameters, Object& instance)
   at Autofac.ResolutionExtensions.ResolveService(IComponentContext context, Service service, IEnumerable`1 parameters)
   at Autofac.ResolutionExtensions.Resolve[TService](IComponentContext context, IEnumerable`1 parameters)
   at Manager.WebApp.Controllers.MessengerController.InitConversation(Int32 receiverId) in C:\Project\Apps\JobMarket-Agency\Manager\Manager.WebApp\Controllers\Business\MessengerController.cs:line 519
2020-04-22 22:44:00,159 [88] INFO  Manager.WebApp.Startup - ======================================================
2020-04-22 22:44:00,173 [88] INFO  Manager.WebApp.Startup - Manager.WebApp is starting up
2020-04-22 22:44:00,174 [88] INFO  Manager.WebApp.Startup - ======================================================
2020-04-22 22:44:00,202 [88] INFO  Manager.WebApp.Startup - ======================================================
2020-04-22 22:44:00,203 [88] INFO  Manager.WebApp.Startup - Manager.WebApp is successfully configured
2020-04-22 22:44:00,204 [88] INFO  Manager.WebApp.Startup - ======================================================
2020-04-22 22:53:54,190 [88] INFO  Manager.WebApp.Startup - ======================================================
2020-04-22 22:53:54,201 [88] INFO  Manager.WebApp.Startup - Manager.WebApp is starting up
2020-04-22 22:53:54,202 [88] INFO  Manager.WebApp.Startup - ======================================================
2020-04-22 22:53:54,231 [88] INFO  Manager.WebApp.Startup - ======================================================
2020-04-22 22:53:54,232 [88] INFO  Manager.WebApp.Startup - Manager.WebApp is successfully configured
2020-04-22 22:53:54,232 [88] INFO  Manager.WebApp.Startup - ======================================================
2020-04-22 22:54:03,273 [58] DEBUG Manager.WebApp.Services.A_ReportServices - Begin JobByWeekAsync request
2020-04-22 22:54:03,763 [77] DEBUG Manager.WebApp.Services.A_ReportServices - Begin ApplicationByWeekAsync request
2020-04-22 22:54:05,904 [41] DEBUG Manager.WebApp.Services.AgencyServices - Begin GetSchedulesByStaffAsync request
2020-04-22 23:04:15,584 [11] INFO  Manager.WebApp.Startup - ======================================================
2020-04-22 23:04:15,595 [11] INFO  Manager.WebApp.Startup - Manager.WebApp is starting up
2020-04-22 23:04:15,596 [11] INFO  Manager.WebApp.Startup - ======================================================
2020-04-22 23:04:15,622 [11] INFO  Manager.WebApp.Startup - ======================================================
2020-04-22 23:04:15,622 [11] INFO  Manager.WebApp.Startup - Manager.WebApp is successfully configured
2020-04-22 23:04:15,623 [11] INFO  Manager.WebApp.Startup - ======================================================
2020-04-22 23:36:36,618 [33] INFO  Manager.WebApp.Startup - ======================================================
2020-04-22 23:36:36,629 [33] INFO  Manager.WebApp.Startup - Manager.WebApp is starting up
2020-04-22 23:36:36,630 [33] INFO  Manager.WebApp.Startup - ======================================================
2020-04-22 23:36:36,660 [33] INFO  Manager.WebApp.Startup - ======================================================
2020-04-22 23:36:36,661 [33] INFO  Manager.WebApp.Startup - Manager.WebApp is successfully configured
2020-04-22 23:36:36,661 [33] INFO  Manager.WebApp.Startup - ======================================================
2020-04-22 23:38:43,984 [11] INFO  Manager.WebApp.Startup - ======================================================
2020-04-22 23:38:43,996 [11] INFO  Manager.WebApp.Startup - Manager.WebApp is starting up
2020-04-22 23:38:43,997 [11] INFO  Manager.WebApp.Startup - ======================================================
2020-04-22 23:38:44,025 [11] INFO  Manager.WebApp.Startup - ======================================================
2020-04-22 23:38:44,026 [11] INFO  Manager.WebApp.Startup - Manager.WebApp is successfully configured
2020-04-22 23:38:44,027 [11] INFO  Manager.WebApp.Startup - ======================================================
2020-04-22 23:38:53,012 [27] DEBUG Manager.WebApp.Services.A_ReportServices - Begin JobByWeekAsync request
2020-04-22 23:38:53,975 [45] DEBUG Manager.WebApp.Services.A_ReportServices - Begin ApplicationByWeekAsync request
2020-04-22 23:38:58,573 [24] DEBUG Manager.WebApp.Services.AgencyServices - Begin GetSchedulesByStaffAsync request
2020-04-22 23:56:17,821 [88] INFO  Manager.WebApp.Startup - ======================================================
2020-04-22 23:56:17,835 [88] INFO  Manager.WebApp.Startup - Manager.WebApp is starting up
2020-04-22 23:56:17,837 [88] INFO  Manager.WebApp.Startup - ======================================================
2020-04-22 23:56:17,870 [88] INFO  Manager.WebApp.Startup - ======================================================
2020-04-22 23:56:17,871 [88] INFO  Manager.WebApp.Startup - Manager.WebApp is successfully configured
2020-04-22 23:56:17,872 [88] INFO  Manager.WebApp.Startup - ======================================================
2020-04-22 23:56:18,167 [53] ERROR Manager.WebApp.MvcApplication - Application Error: A public action method 'RobotDetected' was not found on controller 'Manager.WebApp.Controllers.ErrorController'.
System.Web.HttpException (0x80004005): A public action method 'RobotDetected' was not found on controller 'Manager.WebApp.Controllers.ErrorController'.
   at System.Web.Mvc.Controller.HandleUnknownAction(String actionName)
   at System.Web.Mvc.Controller.<BeginExecuteCore>b__1d(IAsyncResult asyncResult, ExecuteCoreState innerState)
   at System.Web.Mvc.Async.AsyncResultWrapper.WrappedAsyncVoid`1.CallEndDelegate(IAsyncResult asyncResult)
   at System.Web.Mvc.Controller.EndExecuteCore(IAsyncResult asyncResult)
   at System.Web.Mvc.Async.AsyncResultWrapper.WrappedAsyncVoid`1.CallEndDelegate(IAsyncResult asyncResult)
   at System.Web.Mvc.Controller.EndExecute(IAsyncResult asyncResult)
   at System.Web.Mvc.MvcHandler.<BeginProcessRequest>b__5(IAsyncResult asyncResult, ProcessRequestState innerState)
   at System.Web.Mvc.Async.AsyncResultWrapper.WrappedAsyncVoid`1.CallEndDelegate(IAsyncResult asyncResult)
   at System.Web.Mvc.MvcHandler.EndProcessRequest(IAsyncResult asyncResult)
   at System.Web.HttpApplication.CallHandlerExecutionStep.System.Web.HttpApplication.IExecutionStep.Execute()
   at System.Web.HttpApplication.ExecuteStepImpl(IExecutionStep step)
   at System.Web.HttpApplication.ExecuteStep(IExecutionStep step, Boolean& completedSynchronously)
2020-04-22 23:57:36,254 [66] DEBUG Manager.WebApp.Services.AgencyServices - Begin GetSchedulesByStaffAsync request
