2020-05-05 09:51:09,344 [1] INFO  Manager.WebApp.Startup - ======================================================
2020-05-05 09:51:09,355 [1] INFO  Manager.WebApp.Startup - Manager.WebApp is starting up
2020-05-05 09:51:09,356 [1] INFO  Manager.WebApp.Startup - ======================================================
2020-05-05 09:51:09,384 [1] INFO  Manager.WebApp.Startup - ======================================================
2020-05-05 09:51:09,384 [1] INFO  Manager.WebApp.Startup - Manager.WebApp is successfully configured
2020-05-05 09:51:09,385 [1] INFO  Manager.WebApp.Startup - ======================================================
2020-05-05 09:51:21,875 [16] DEBUG Manager.WebApp.Services.A_ReportServices - Begin JobByWeekAsync request
2020-05-05 09:51:22,363 [10] DEBUG Manager.WebApp.Services.A_ReportServices - Begin ApplicationByWeekAsync request
2020-05-05 09:51:27,259 [18] DEBUG Manager.WebApp.Services.AgencyServices - Begin GetSchedulesByStaffAsync request
2020-05-05 09:51:48,625 [10] DEBUG Manager.WebApp.Services.AgencyServices - Begin GetSchedulesByStaffAsync request
2020-05-05 09:52:20,545 [18] ERROR Manager.WebApp.Services.AgencyServices - Failed when calling api GetApplicationsAsync - http://localhost:3333/api/agencies/applications because: System.AggregateException: One or more errors occurred. ---> System.Threading.Tasks.TaskCanceledException: A task was canceled.
   --- End of inner exception stack trace ---
   at System.Threading.Tasks.Task`1.GetResultCore(Boolean waitCompletionNotification)
   at Manager.WebApp.Services.AgencyServices.<GetApplicationsByPageAsync>d__6.MoveNext() in C:\Project\Apps\JobMarket-Agency\Manager\Manager.WebApp\Services\JobMarket\AgencyServices.cs:line 362
---> (Inner Exception #0) System.Threading.Tasks.TaskCanceledException: A task was canceled.<---

2020-05-05 09:52:20,547 [18] ERROR Manager.WebApp.Controllers.ApplicationController - Failed to get data because: System.AggregateException: One or more errors occurred. ---> Manager.ShareLibs.CustomSystemException: H? th?ng dang b?n, vui lòng th? l?i sau
   at Manager.WebApp.Services.AgencyServices.<GetApplicationsByPageAsync>d__6.MoveNext() in C:\Project\Apps\JobMarket-Agency\Manager\Manager.WebApp\Services\JobMarket\AgencyServices.cs:line 376
   --- End of inner exception stack trace ---
   at System.Threading.Tasks.Task`1.GetResultCore(Boolean waitCompletionNotification)
   at Manager.WebApp.Controllers.ApplicationController.Index(ManageApplicationModel model) in C:\Project\Apps\JobMarket-Agency\Manager\Manager.WebApp\Controllers\JobMarket\ApplicationController.cs:line 67
---> (Inner Exception #0) Manager.ShareLibs.CustomSystemException: H? th?ng dang b?n, vui lòng th? l?i sau
   at Manager.WebApp.Services.AgencyServices.<GetApplicationsByPageAsync>d__6.MoveNext() in C:\Project\Apps\JobMarket-Agency\Manager\Manager.WebApp\Services\JobMarket\AgencyServices.cs:line 376<---

2020-05-05 09:52:21,323 [18] ERROR Manager.WebApp.MvcApplication - Application Error: c:\Project\Apps\JobMarket-Agency\Manager\Manager.WebApp\Views\Application\Index.cshtml(141): error CS1061: 'ApiJobMarket.DB.Sql.Entities.IdentityApplication' does not contain a definition for 'job_pic_id' and no extension method 'job_pic_id' accepting a first argument of type 'ApiJobMarket.DB.Sql.Entities.IdentityApplication' could be found (are you missing a using directive or an assembly reference?)
System.Web.HttpCompileException (0x80004005): c:\Project\Apps\JobMarket-Agency\Manager\Manager.WebApp\Views\Application\Index.cshtml(141): error CS1061: 'ApiJobMarket.DB.Sql.Entities.IdentityApplication' does not contain a definition for 'job_pic_id' and no extension method 'job_pic_id' accepting a first argument of type 'ApiJobMarket.DB.Sql.Entities.IdentityApplication' could be found (are you missing a using directive or an assembly reference?)
   at System.Web.Compilation.AssemblyBuilder.Compile()
   at System.Web.Compilation.BuildProvidersCompiler.PerformBuild()
   at System.Web.Compilation.BuildManager.CompileWebFile(VirtualPath virtualPath)
   at System.Web.Compilation.BuildManager.GetVPathBuildResultInternal(VirtualPath virtualPath, Boolean noBuild, Boolean allowCrossApp, Boolean allowBuildInPrecompile, Boolean throwIfNotFound, Boolean ensureIsUpToDate)
   at System.Web.Compilation.BuildManager.GetVPathBuildResultWithNoAssert(HttpContext context, VirtualPath virtualPath, Boolean noBuild, Boolean allowCrossApp, Boolean allowBuildInPrecompile, Boolean throwIfNotFound, Boolean ensureIsUpToDate)
   at System.Web.Compilation.BuildManager.GetVirtualPathObjectFactory(VirtualPath virtualPath, HttpContext context, Boolean allowCrossApp, Boolean throwIfNotFound)
   at System.Web.Compilation.BuildManager.GetCompiledType(VirtualPath virtualPath)
   at System.Web.Mvc.BuildManagerCompiledView.Render(ViewContext viewContext, TextWriter writer)
   at System.Web.Mvc.ViewResultBase.ExecuteResult(ControllerContext context)
   at System.Web.Mvc.ControllerActionInvoker.InvokeActionResultFilterRecursive(IList`1 filters, Int32 filterIndex, ResultExecutingContext preContext, ControllerContext controllerContext, ActionResult actionResult)
   at System.Web.Mvc.ControllerActionInvoker.InvokeActionResultFilterRecursive(IList`1 filters, Int32 filterIndex, ResultExecutingContext preContext, ControllerContext controllerContext, ActionResult actionResult)
   at System.Web.Mvc.ControllerActionInvoker.InvokeActionResultWithFilters(ControllerContext controllerContext, IList`1 filters, ActionResult actionResult)
   at System.Web.Mvc.Async.AsyncControllerActionInvoker.<>c__DisplayClass21.<BeginInvokeAction>b__1e(IAsyncResult asyncResult)
   at System.Web.Mvc.Async.AsyncControllerActionInvoker.EndInvokeAction(IAsyncResult asyncResult)
   at System.Web.Mvc.Controller.<BeginExecuteCore>b__1d(IAsyncResult asyncResult, ExecuteCoreState innerState)
   at System.Web.Mvc.Async.AsyncResultWrapper.WrappedAsyncVoid`1.CallEndDelegate(IAsyncResult asyncResult)
   at System.Web.Mvc.Controller.EndExecuteCore(IAsyncResult asyncResult)
   at System.Web.Mvc.Async.AsyncResultWrapper.WrappedAsyncVoid`1.CallEndDelegate(IAsyncResult asyncResult)
   at System.Web.Mvc.Controller.EndExecute(IAsyncResult asyncResult)
   at System.Web.Mvc.MvcHandler.<BeginProcessRequest>b__5(IAsyncResult asyncResult, ProcessRequestState innerState)
   at System.Web.Mvc.Async.AsyncResultWrapper.WrappedAsyncVoid`1.CallEndDelegate(IAsyncResult asyncResult)
   at System.Web.Mvc.MvcHandler.EndProcessRequest(IAsyncResult asyncResult)
   at System.Web.HttpApplication.CallHandlerExecutionStep.System.Web.HttpApplication.IExecutionStep.Execute()
   at System.Web.HttpApplication.ExecuteStepImpl(IExecutionStep step)
   at System.Web.HttpApplication.ExecuteStep(IExecutionStep step, Boolean& completedSynchronously)
2020-05-05 09:52:27,146 [16] ERROR Manager.WebApp.Services.A_NotificationServices - Failed when calling api GetUnreadNotifCountAsync - http://localhost:3333/api/A_notifications/unread_count because: System.AggregateException: One or more errors occurred. ---> System.Threading.Tasks.TaskCanceledException: A task was canceled.
   --- End of inner exception stack trace ---
   at System.Threading.Tasks.Task`1.GetResultCore(Boolean waitCompletionNotification)
   at Manager.WebApp.Services.A_NotificationServices.<GetUnreadNotifCountAsync>d__1.MoveNext() in C:\Project\Apps\JobMarket-Agency\Manager\Manager.WebApp\Services\JobMarket\Agency\A_NotificationServices.cs:line 52
---> (Inner Exception #0) System.Threading.Tasks.TaskCanceledException: A task was canceled.<---

2020-05-05 09:52:27,147 [16] ERROR Manager.WebApp.Controllers.AuthedGlobalController - Failed when trying GetNotifCount because: System.AggregateException: One or more errors occurred. ---> Manager.ShareLibs.CustomSystemException: H? th?ng dang b?n, vui lòng th? l?i sau
   at Manager.WebApp.Services.A_NotificationServices.<GetUnreadNotifCountAsync>d__1.MoveNext() in C:\Project\Apps\JobMarket-Agency\Manager\Manager.WebApp\Services\JobMarket\Agency\A_NotificationServices.cs:line 66
   --- End of inner exception stack trace ---
   at System.Threading.Tasks.Task`1.GetResultCore(Boolean waitCompletionNotification)
   at Manager.WebApp.Controllers.AuthedGlobalController.GetNotifCount() in C:\Project\Apps\JobMarket-Agency\Manager\Manager.WebApp\Controllers\JobMarket\AuthedGlobalController.cs:line 39
---> (Inner Exception #0) Manager.ShareLibs.CustomSystemException: H? th?ng dang b?n, vui lòng th? l?i sau
   at Manager.WebApp.Services.A_NotificationServices.<GetUnreadNotifCountAsync>d__1.MoveNext() in C:\Project\Apps\JobMarket-Agency\Manager\Manager.WebApp\Services\JobMarket\Agency\A_NotificationServices.cs:line 66<---

2020-05-05 09:52:37,142 [24] ERROR Manager.WebApp.Services.A_NotificationServices - Failed when calling api GetUnreadNotifCountAsync - http://localhost:3333/api/A_notifications/unread_count because: System.AggregateException: One or more errors occurred. ---> System.Threading.Tasks.TaskCanceledException: A task was canceled.
   --- End of inner exception stack trace ---
   at System.Threading.Tasks.Task`1.GetResultCore(Boolean waitCompletionNotification)
   at Manager.WebApp.Services.A_NotificationServices.<GetUnreadNotifCountAsync>d__1.MoveNext() in C:\Project\Apps\JobMarket-Agency\Manager\Manager.WebApp\Services\JobMarket\Agency\A_NotificationServices.cs:line 52
---> (Inner Exception #0) System.Threading.Tasks.TaskCanceledException: A task was canceled.<---

2020-05-05 09:52:37,142 [24] ERROR Manager.WebApp.Controllers.AuthedGlobalController - Failed when trying GetNotifCount because: System.AggregateException: One or more errors occurred. ---> Manager.ShareLibs.CustomSystemException: H? th?ng dang b?n, vui lòng th? l?i sau
   at Manager.WebApp.Services.A_NotificationServices.<GetUnreadNotifCountAsync>d__1.MoveNext() in C:\Project\Apps\JobMarket-Agency\Manager\Manager.WebApp\Services\JobMarket\Agency\A_NotificationServices.cs:line 66
   --- End of inner exception stack trace ---
   at System.Threading.Tasks.Task`1.GetResultCore(Boolean waitCompletionNotification)
   at Manager.WebApp.Controllers.AuthedGlobalController.GetNotifCount() in C:\Project\Apps\JobMarket-Agency\Manager\Manager.WebApp\Controllers\JobMarket\AuthedGlobalController.cs:line 39
---> (Inner Exception #0) Manager.ShareLibs.CustomSystemException: H? th?ng dang b?n, vui lòng th? l?i sau
   at Manager.WebApp.Services.A_NotificationServices.<GetUnreadNotifCountAsync>d__1.MoveNext() in C:\Project\Apps\JobMarket-Agency\Manager\Manager.WebApp\Services\JobMarket\Agency\A_NotificationServices.cs:line 66<---

2020-05-05 09:52:51,837 [18] ERROR Manager.WebApp.Services.A_NotificationServices - Failed when calling api GetUnreadNotifCountAsync - http://localhost:3333/api/A_notifications/unread_count because: System.AggregateException: One or more errors occurred. ---> System.Threading.Tasks.TaskCanceledException: A task was canceled.
   --- End of inner exception stack trace ---
   at System.Threading.Tasks.Task`1.GetResultCore(Boolean waitCompletionNotification)
   at Manager.WebApp.Services.A_NotificationServices.<GetUnreadNotifCountAsync>d__1.MoveNext() in C:\Project\Apps\JobMarket-Agency\Manager\Manager.WebApp\Services\JobMarket\Agency\A_NotificationServices.cs:line 52
---> (Inner Exception #0) System.Threading.Tasks.TaskCanceledException: A task was canceled.<---

2020-05-05 09:52:51,837 [18] ERROR Manager.WebApp.Controllers.AuthedGlobalController - Failed when trying GetNotifCount because: System.AggregateException: One or more errors occurred. ---> Manager.ShareLibs.CustomSystemException: H? th?ng dang b?n, vui lòng th? l?i sau
   at Manager.WebApp.Services.A_NotificationServices.<GetUnreadNotifCountAsync>d__1.MoveNext() in C:\Project\Apps\JobMarket-Agency\Manager\Manager.WebApp\Services\JobMarket\Agency\A_NotificationServices.cs:line 66
   --- End of inner exception stack trace ---
   at System.Threading.Tasks.Task`1.GetResultCore(Boolean waitCompletionNotification)
   at Manager.WebApp.Controllers.AuthedGlobalController.GetNotifCount() in C:\Project\Apps\JobMarket-Agency\Manager\Manager.WebApp\Controllers\JobMarket\AuthedGlobalController.cs:line 39
---> (Inner Exception #0) Manager.ShareLibs.CustomSystemException: H? th?ng dang b?n, vui lòng th? l?i sau
   at Manager.WebApp.Services.A_NotificationServices.<GetUnreadNotifCountAsync>d__1.MoveNext() in C:\Project\Apps\JobMarket-Agency\Manager\Manager.WebApp\Services\JobMarket\Agency\A_NotificationServices.cs:line 66<---

2020-05-05 09:53:12,762 [34] INFO  Manager.WebApp.Startup - ======================================================
2020-05-05 09:53:12,775 [34] INFO  Manager.WebApp.Startup - Manager.WebApp is starting up
2020-05-05 09:53:12,776 [34] INFO  Manager.WebApp.Startup - ======================================================
2020-05-05 09:53:12,806 [34] INFO  Manager.WebApp.Startup - ======================================================
2020-05-05 09:53:12,806 [34] INFO  Manager.WebApp.Startup - Manager.WebApp is successfully configured
2020-05-05 09:53:12,807 [34] INFO  Manager.WebApp.Startup - ======================================================
2020-05-05 09:53:49,885 [13] DEBUG Manager.WebApp.Services.ApplicationServices - Begin DeletesAsync request
2020-05-05 09:54:35,780 [13] DEBUG Manager.WebApp.Services.JobSeekerServices - Begin GetWorkHistoryAsync request
2020-05-05 09:54:35,783 [24] DEBUG Manager.WebApp.Services.JobSeekerServices - Begin GetEduHistoryAsync request
2020-05-05 09:54:36,786 [7] DEBUG Manager.WebApp.Services.JobSeekerServices - Begin GetCertificateAsync request
2020-05-05 09:54:55,503 [38] DEBUG Manager.WebApp.Services.A_JobSeekerServices - Begin GetListByPageAsync request
2020-05-05 09:55:11,555 [38] DEBUG Manager.WebApp.Services.A_JobSeekerServices - Begin GetEduHistoryAsync request
2020-05-05 09:55:11,555 [45] DEBUG Manager.WebApp.Services.A_JobSeekerServices - Begin GetWorkHistoryAsync request
2020-05-05 09:55:11,555 [24] DEBUG Manager.WebApp.Services.A_JobSeekerServices - Begin GetCertificateAsync request
2020-05-05 09:56:42,444 [54] DEBUG Manager.WebApp.Services.A_JobSeekerServices - Begin GetListByPageAsync request
2020-05-05 09:57:31,401 [7] ERROR Manager.WebApp.Helpers.FrontendHelpers - Could not GenerateCompanyAddress: System.IndexOutOfRangeException: Index was outside the bounds of the array.
   at Manager.WebApp.Helpers.FrontendHelpers.GenerateCompanyAddress(IdentityCompany model, String currentLang) in C:\Project\Apps\JobMarket-Agency\Manager\Manager.WebApp\Helpers\Business\FrontendHelpers.cs:line 266
2020-05-05 09:57:31,404 [7] ERROR Manager.WebApp.Helpers.FrontendHelpers - Could not GenerateCompanyAddress: System.IndexOutOfRangeException: Index was outside the bounds of the array.
   at Manager.WebApp.Helpers.FrontendHelpers.GenerateCompanyAddress(IdentityCompany model, String currentLang) in C:\Project\Apps\JobMarket-Agency\Manager\Manager.WebApp\Helpers\Business\FrontendHelpers.cs:line 266
2020-05-05 09:57:31,406 [7] ERROR Manager.WebApp.Helpers.FrontendHelpers - Could not GenerateCompanyAddress: System.IndexOutOfRangeException: Index was outside the bounds of the array.
   at Manager.WebApp.Helpers.FrontendHelpers.GenerateCompanyAddress(IdentityCompany model, String currentLang) in C:\Project\Apps\JobMarket-Agency\Manager\Manager.WebApp\Helpers\Business\FrontendHelpers.cs:line 266
2020-05-05 09:58:24,018 [21] DEBUG Manager.WebApp.Services.AgencyServices - Begin GetSchedulesByStaffAsync request
2020-05-05 09:59:11,013 [61] DEBUG Manager.WebApp.Services.AgencyServices - Begin GetSchedulesByStaffAsync request
2020-05-05 10:03:35,505 [57] DEBUG Manager.WebApp.Services.AdminServices - Return code: OK, message: http://localhost:5050/api/user/operator
2020-05-05 10:03:37,893 [51] DEBUG Manager.WebApp.Services.AdminServices - Return code: OK, message: http://localhost:5050/api/user/operator
2020-05-05 11:04:55,570 [47] ERROR Manager.WebApp.Helpers.FrontendHelpers - Could not GenerateCompanyAddress: System.IndexOutOfRangeException: Index was outside the bounds of the array.
   at Manager.WebApp.Helpers.FrontendHelpers.GenerateCompanyAddress(IdentityCompany model, String currentLang) in C:\Project\Apps\JobMarket-Agency\Manager\Manager.WebApp\Helpers\Business\FrontendHelpers.cs:line 266
2020-05-05 11:04:55,571 [47] ERROR Manager.WebApp.Helpers.FrontendHelpers - Could not GenerateCompanyAddress: System.IndexOutOfRangeException: Index was outside the bounds of the array.
   at Manager.WebApp.Helpers.FrontendHelpers.GenerateCompanyAddress(IdentityCompany model, String currentLang) in C:\Project\Apps\JobMarket-Agency\Manager\Manager.WebApp\Helpers\Business\FrontendHelpers.cs:line 266
2020-05-05 11:04:55,573 [47] ERROR Manager.WebApp.Helpers.FrontendHelpers - Could not GenerateCompanyAddress: System.IndexOutOfRangeException: Index was outside the bounds of the array.
   at Manager.WebApp.Helpers.FrontendHelpers.GenerateCompanyAddress(IdentityCompany model, String currentLang) in C:\Project\Apps\JobMarket-Agency\Manager\Manager.WebApp\Helpers\Business\FrontendHelpers.cs:line 266
2020-05-05 11:05:01,421 [56] ERROR Manager.WebApp.Helpers.FrontendHelpers - Could not GenerateCompanyAddress: System.IndexOutOfRangeException: Index was outside the bounds of the array.
   at Manager.WebApp.Helpers.FrontendHelpers.GenerateCompanyAddress(IdentityCompany model, String currentLang) in C:\Project\Apps\JobMarket-Agency\Manager\Manager.WebApp\Helpers\Business\FrontendHelpers.cs:line 266
2020-05-05 11:06:04,120 [70] ERROR Manager.WebApp.Helpers.FrontendHelpers - Could not GenerateCompanyAddress: System.IndexOutOfRangeException: Index was outside the bounds of the array.
   at Manager.WebApp.Helpers.FrontendHelpers.GenerateCompanyAddress(IdentityCompany model, String currentLang) in C:\Project\Apps\JobMarket-Agency\Manager\Manager.WebApp\Helpers\Business\FrontendHelpers.cs:line 266
2020-05-05 11:06:04,122 [70] ERROR Manager.WebApp.Helpers.FrontendHelpers - Could not GenerateCompanyAddress: System.IndexOutOfRangeException: Index was outside the bounds of the array.
   at Manager.WebApp.Helpers.FrontendHelpers.GenerateCompanyAddress(IdentityCompany model, String currentLang) in C:\Project\Apps\JobMarket-Agency\Manager\Manager.WebApp\Helpers\Business\FrontendHelpers.cs:line 266
2020-05-05 11:06:04,123 [70] ERROR Manager.WebApp.Helpers.FrontendHelpers - Could not GenerateCompanyAddress: System.IndexOutOfRangeException: Index was outside the bounds of the array.
   at Manager.WebApp.Helpers.FrontendHelpers.GenerateCompanyAddress(IdentityCompany model, String currentLang) in C:\Project\Apps\JobMarket-Agency\Manager\Manager.WebApp\Helpers\Business\FrontendHelpers.cs:line 266
2020-05-05 11:06:10,033 [47] ERROR Manager.WebApp.Helpers.FrontendHelpers - Could not GenerateCompanyAddress: System.IndexOutOfRangeException: Index was outside the bounds of the array.
   at Manager.WebApp.Helpers.FrontendHelpers.GenerateCompanyAddress(IdentityCompany model, String currentLang) in C:\Project\Apps\JobMarket-Agency\Manager\Manager.WebApp\Helpers\Business\FrontendHelpers.cs:line 266
2020-05-05 11:29:29,854 [136] ERROR Manager.WebApp.Helpers.FrontendHelpers - Could not GenerateCompanyAddress: System.IndexOutOfRangeException: Index was outside the bounds of the array.
   at Manager.WebApp.Helpers.FrontendHelpers.GenerateCompanyAddress(IdentityCompany model, String currentLang) in C:\Project\Apps\JobMarket-Agency\Manager\Manager.WebApp\Helpers\Business\FrontendHelpers.cs:line 266
2020-05-05 11:29:29,855 [136] ERROR Manager.WebApp.Helpers.FrontendHelpers - Could not GenerateCompanyAddress: System.IndexOutOfRangeException: Index was outside the bounds of the array.
   at Manager.WebApp.Helpers.FrontendHelpers.GenerateCompanyAddress(IdentityCompany model, String currentLang) in C:\Project\Apps\JobMarket-Agency\Manager\Manager.WebApp\Helpers\Business\FrontendHelpers.cs:line 266
2020-05-05 11:29:29,857 [136] ERROR Manager.WebApp.Helpers.FrontendHelpers - Could not GenerateCompanyAddress: System.IndexOutOfRangeException: Index was outside the bounds of the array.
   at Manager.WebApp.Helpers.FrontendHelpers.GenerateCompanyAddress(IdentityCompany model, String currentLang) in C:\Project\Apps\JobMarket-Agency\Manager\Manager.WebApp\Helpers\Business\FrontendHelpers.cs:line 266
2020-05-05 11:29:36,061 [145] ERROR Manager.WebApp.Helpers.FrontendHelpers - Could not GenerateCompanyAddress: System.IndexOutOfRangeException: Index was outside the bounds of the array.
   at Manager.WebApp.Helpers.FrontendHelpers.GenerateCompanyAddress(IdentityCompany model, String currentLang) in C:\Project\Apps\JobMarket-Agency\Manager\Manager.WebApp\Helpers\Business\FrontendHelpers.cs:line 266
2020-05-05 11:36:08,587 [165] ERROR Manager.WebApp.Helpers.FrontendHelpers - Could not GenerateCompanyAddress: System.IndexOutOfRangeException: Index was outside the bounds of the array.
   at Manager.WebApp.Helpers.FrontendHelpers.GenerateCompanyAddress(IdentityCompany model, String currentLang) in C:\Project\Apps\JobMarket-Agency\Manager\Manager.WebApp\Helpers\Business\FrontendHelpers.cs:line 266
2020-05-05 11:40:28,584 [128] ERROR Manager.WebApp.Helpers.FrontendHelpers - Could not GenerateCompanyAddress: System.IndexOutOfRangeException: Index was outside the bounds of the array.
   at Manager.WebApp.Helpers.FrontendHelpers.GenerateCompanyAddress(IdentityCompany model, String currentLang) in C:\Project\Apps\JobMarket-Agency\Manager\Manager.WebApp\Helpers\Business\FrontendHelpers.cs:line 266
2020-05-05 11:41:28,194 [114] ERROR Manager.WebApp.Helpers.FrontendHelpers - Could not GenerateCompanyAddress: System.IndexOutOfRangeException: Index was outside the bounds of the array.
   at Manager.WebApp.Helpers.FrontendHelpers.GenerateCompanyAddress(IdentityCompany model, String currentLang) in C:\Project\Apps\JobMarket-Agency\Manager\Manager.WebApp\Helpers\Business\FrontendHelpers.cs:line 266
2020-05-05 11:42:01,837 [128] ERROR Manager.WebApp.Helpers.FrontendHelpers - Could not GenerateCompanyAddress: System.IndexOutOfRangeException: Index was outside the bounds of the array.
   at Manager.WebApp.Helpers.FrontendHelpers.GenerateCompanyAddress(IdentityCompany model, String currentLang) in C:\Project\Apps\JobMarket-Agency\Manager\Manager.WebApp\Helpers\Business\FrontendHelpers.cs:line 266
2020-05-05 11:43:21,819 [91] ERROR Manager.WebApp.Helpers.FrontendHelpers - Could not GenerateCompanyAddress: System.IndexOutOfRangeException: Index was outside the bounds of the array.
   at Manager.WebApp.Helpers.FrontendHelpers.GenerateCompanyAddress(IdentityCompany model, String currentLang) in C:\Project\Apps\JobMarket-Agency\Manager\Manager.WebApp\Helpers\Business\FrontendHelpers.cs:line 266
2020-05-05 11:43:52,366 [110] ERROR Manager.WebApp.Helpers.FrontendHelpers - Could not GenerateCompanyAddress: System.IndexOutOfRangeException: Index was outside the bounds of the array.
   at Manager.WebApp.Helpers.FrontendHelpers.GenerateCompanyAddress(IdentityCompany model, String currentLang) in C:\Project\Apps\JobMarket-Agency\Manager\Manager.WebApp\Helpers\Business\FrontendHelpers.cs:line 266
2020-05-05 11:52:04,190 [134] ERROR Manager.WebApp.Helpers.FrontendHelpers - Could not GenerateCompanyAddress: System.IndexOutOfRangeException: Index was outside the bounds of the array.
   at Manager.WebApp.Helpers.FrontendHelpers.GenerateCompanyAddress(IdentityCompany model, String currentLang) in C:\Project\Apps\JobMarket-Agency\Manager\Manager.WebApp\Helpers\Business\FrontendHelpers.cs:line 266
2020-05-05 11:52:46,044 [148] ERROR Manager.WebApp.Helpers.FrontendHelpers - Could not GenerateCompanyAddress: System.IndexOutOfRangeException: Index was outside the bounds of the array.
   at Manager.WebApp.Helpers.FrontendHelpers.GenerateCompanyAddress(IdentityCompany model, String currentLang) in C:\Project\Apps\JobMarket-Agency\Manager\Manager.WebApp\Helpers\Business\FrontendHelpers.cs:line 266
2020-05-05 11:59:13,417 [130] ERROR Manager.WebApp.Helpers.FrontendHelpers - Could not GenerateCompanyAddress: System.IndexOutOfRangeException: Index was outside the bounds of the array.
   at Manager.WebApp.Helpers.FrontendHelpers.GenerateCompanyAddress(IdentityCompany model, String currentLang) in C:\Project\Apps\JobMarket-Agency\Manager\Manager.WebApp\Helpers\Business\FrontendHelpers.cs:line 266
2020-05-05 11:59:13,418 [130] ERROR Manager.WebApp.Helpers.FrontendHelpers - Could not GenerateCompanyAddress: System.IndexOutOfRangeException: Index was outside the bounds of the array.
   at Manager.WebApp.Helpers.FrontendHelpers.GenerateCompanyAddress(IdentityCompany model, String currentLang) in C:\Project\Apps\JobMarket-Agency\Manager\Manager.WebApp\Helpers\Business\FrontendHelpers.cs:line 266
2020-05-05 11:59:13,419 [130] ERROR Manager.WebApp.Helpers.FrontendHelpers - Could not GenerateCompanyAddress: System.IndexOutOfRangeException: Index was outside the bounds of the array.
   at Manager.WebApp.Helpers.FrontendHelpers.GenerateCompanyAddress(IdentityCompany model, String currentLang) in C:\Project\Apps\JobMarket-Agency\Manager\Manager.WebApp\Helpers\Business\FrontendHelpers.cs:line 266
2020-05-05 11:59:24,276 [120] ERROR Manager.WebApp.Helpers.FrontendHelpers - Could not GenerateCompanyAddress: System.IndexOutOfRangeException: Index was outside the bounds of the array.
   at Manager.WebApp.Helpers.FrontendHelpers.GenerateCompanyAddress(IdentityCompany model, String currentLang) in C:\Project\Apps\JobMarket-Agency\Manager\Manager.WebApp\Helpers\Business\FrontendHelpers.cs:line 266
2020-05-05 12:00:08,312 [105] ERROR Manager.WebApp.Helpers.FrontendHelpers - Could not GenerateCompanyAddress: System.IndexOutOfRangeException: Index was outside the bounds of the array.
   at Manager.WebApp.Helpers.FrontendHelpers.GenerateCompanyAddress(IdentityCompany model, String currentLang) in C:\Project\Apps\JobMarket-Agency\Manager\Manager.WebApp\Helpers\Business\FrontendHelpers.cs:line 266
2020-05-05 12:01:06,658 [167] ERROR Manager.WebApp.Helpers.FrontendHelpers - Could not GenerateCompanyAddress: System.IndexOutOfRangeException: Index was outside the bounds of the array.
   at Manager.WebApp.Helpers.FrontendHelpers.GenerateCompanyAddress(IdentityCompany model, String currentLang) in C:\Project\Apps\JobMarket-Agency\Manager\Manager.WebApp\Helpers\Business\FrontendHelpers.cs:line 266
2020-05-05 12:02:45,470 [184] DEBUG Manager.WebApp.Services.A_JobSeekerServices - Begin GetListByPageAsync request
2020-05-05 12:02:57,262 [184] DEBUG Manager.WebApp.Services.A_JobSeekerServices - Begin GetEduHistoryAsync request
2020-05-05 12:02:57,762 [120] DEBUG Manager.WebApp.Services.A_JobSeekerServices - Begin GetCertificateAsync request
2020-05-05 12:02:58,262 [164] DEBUG Manager.WebApp.Services.A_JobSeekerServices - Begin GetWorkHistoryAsync request
2020-05-05 14:22:38,821 [89] ERROR Manager.WebApp.Helpers.FrontendHelpers - Could not GenerateCompanyAddress: System.IndexOutOfRangeException: Index was outside the bounds of the array.
   at Manager.WebApp.Helpers.FrontendHelpers.GenerateCompanyAddress(IdentityCompany model, String currentLang) in C:\Project\Apps\JobMarket-Agency\Manager\Manager.WebApp\Helpers\Business\FrontendHelpers.cs:line 266
2020-05-05 14:38:10,740 [115] ERROR Manager.WebApp.Helpers.FrontendHelpers - Could not GenerateCompanyAddress: System.IndexOutOfRangeException: Index was outside the bounds of the array.
   at Manager.WebApp.Helpers.FrontendHelpers.GenerateCompanyAddress(IdentityCompany model, String currentLang) in C:\Project\Apps\JobMarket-Agency\Manager\Manager.WebApp\Helpers\Business\FrontendHelpers.cs:line 266
2020-05-05 14:38:13,113 [140] DEBUG Manager.WebApp.Services.A_JobSeekerServices - Begin GetWorkHistoryAsync request
2020-05-05 14:38:13,191 [151] DEBUG Manager.WebApp.Services.A_JobSeekerServices - Begin GetCertificateAsync request
2020-05-05 14:38:14,057 [115] DEBUG Manager.WebApp.Services.A_JobSeekerServices - Begin GetEduHistoryAsync request
2020-05-05 14:48:29,863 [104] ERROR Manager.WebApp.Helpers.FrontendHelpers - Could not GenerateCompanyAddress: System.IndexOutOfRangeException: Index was outside the bounds of the array.
   at Manager.WebApp.Helpers.FrontendHelpers.GenerateCompanyAddress(IdentityCompany model, String currentLang) in C:\Project\Apps\JobMarket-Agency\Manager\Manager.WebApp\Helpers\Business\FrontendHelpers.cs:line 266
2020-05-05 14:49:10,486 [104] ERROR Manager.WebApp.Helpers.FrontendHelpers - Could not GenerateCompanyAddress: System.IndexOutOfRangeException: Index was outside the bounds of the array.
   at Manager.WebApp.Helpers.FrontendHelpers.GenerateCompanyAddress(IdentityCompany model, String currentLang) in C:\Project\Apps\JobMarket-Agency\Manager\Manager.WebApp\Helpers\Business\FrontendHelpers.cs:line 266
2020-05-05 14:50:43,541 [156] ERROR Manager.WebApp.Helpers.FrontendHelpers - Could not GenerateCompanyAddress: System.IndexOutOfRangeException: Index was outside the bounds of the array.
   at Manager.WebApp.Helpers.FrontendHelpers.GenerateCompanyAddress(IdentityCompany model, String currentLang) in C:\Project\Apps\JobMarket-Agency\Manager\Manager.WebApp\Helpers\Business\FrontendHelpers.cs:line 266
2020-05-05 14:51:12,549 [158] ERROR Manager.WebApp.Helpers.FrontendHelpers - Could not GenerateCompanyAddress: System.IndexOutOfRangeException: Index was outside the bounds of the array.
   at Manager.WebApp.Helpers.FrontendHelpers.GenerateCompanyAddress(IdentityCompany model, String currentLang) in C:\Project\Apps\JobMarket-Agency\Manager\Manager.WebApp\Helpers\Business\FrontendHelpers.cs:line 266
2020-05-05 14:52:50,816 [104] ERROR Manager.WebApp.Helpers.FrontendHelpers - Could not GenerateCompanyAddress: System.IndexOutOfRangeException: Index was outside the bounds of the array.
   at Manager.WebApp.Helpers.FrontendHelpers.GenerateCompanyAddress(IdentityCompany model, String currentLang) in C:\Project\Apps\JobMarket-Agency\Manager\Manager.WebApp\Helpers\Business\FrontendHelpers.cs:line 266
2020-05-05 14:53:51,434 [154] DEBUG Manager.WebApp.Services.A_JobSeekerServices - Begin GetEduHistoryAsync request
2020-05-05 14:53:51,970 [150] DEBUG Manager.WebApp.Services.A_JobSeekerServices - Begin GetWorkHistoryAsync request
2020-05-05 14:53:52,480 [104] DEBUG Manager.WebApp.Services.A_JobSeekerServices - Begin GetCertificateAsync request
2020-05-05 14:54:15,141 [91] DEBUG Manager.WebApp.Services.A_JobSeekerServices - Begin GetEduHistoryAsync request
2020-05-05 14:54:15,217 [91] DEBUG Manager.WebApp.Services.A_JobSeekerServices - Begin GetCertificateAsync request
2020-05-05 14:54:16,150 [150] DEBUG Manager.WebApp.Services.A_JobSeekerServices - Begin GetWorkHistoryAsync request
2020-05-05 14:54:51,652 [1] INFO  Manager.WebApp.Startup - ======================================================
2020-05-05 14:54:51,662 [1] INFO  Manager.WebApp.Startup - Manager.WebApp is starting up
2020-05-05 14:54:51,663 [1] INFO  Manager.WebApp.Startup - ======================================================
2020-05-05 14:54:51,688 [1] INFO  Manager.WebApp.Startup - ======================================================
2020-05-05 14:54:51,689 [1] INFO  Manager.WebApp.Startup - Manager.WebApp is successfully configured
2020-05-05 14:54:51,689 [1] INFO  Manager.WebApp.Startup - ======================================================
2020-05-05 14:56:08,584 [91] ERROR Manager.WebApp.Helpers.FrontendHelpers - Could not GenerateCompanyAddress: System.IndexOutOfRangeException: Index was outside the bounds of the array.
   at Manager.WebApp.Helpers.FrontendHelpers.GenerateCompanyAddress(IdentityCompany model, String currentLang) in C:\Project\Apps\JobMarket-Agency\Manager\Manager.WebApp\Helpers\Business\FrontendHelpers.cs:line 266
2020-05-05 14:58:45,568 [116] ERROR Manager.WebApp.Helpers.FrontendHelpers - Could not GenerateCompanyAddress: System.IndexOutOfRangeException: Index was outside the bounds of the array.
   at Manager.WebApp.Helpers.FrontendHelpers.GenerateCompanyAddress(IdentityCompany model, String currentLang) in C:\Project\Apps\JobMarket-Agency\Manager\Manager.WebApp\Helpers\Business\FrontendHelpers.cs:line 266
2020-05-05 15:01:20,225 [112] ERROR Manager.WebApp.Helpers.FrontendHelpers - Could not GenerateCompanyAddress: System.IndexOutOfRangeException: Index was outside the bounds of the array.
   at Manager.WebApp.Helpers.FrontendHelpers.GenerateCompanyAddress(IdentityCompany model, String currentLang) in C:\Project\Apps\JobMarket-Agency\Manager\Manager.WebApp\Helpers\Business\FrontendHelpers.cs:line 266
2020-05-05 15:06:32,294 [89] ERROR Manager.WebApp.Helpers.FrontendHelpers - Could not GenerateCompanyAddress: System.IndexOutOfRangeException: Index was outside the bounds of the array.
   at Manager.WebApp.Helpers.FrontendHelpers.GenerateCompanyAddress(IdentityCompany model, String currentLang) in C:\Project\Apps\JobMarket-Agency\Manager\Manager.WebApp\Helpers\Business\FrontendHelpers.cs:line 266
2020-05-05 15:07:29,671 [103] ERROR Manager.WebApp.Helpers.FrontendHelpers - Could not GenerateCompanyAddress: System.IndexOutOfRangeException: Index was outside the bounds of the array.
   at Manager.WebApp.Helpers.FrontendHelpers.GenerateCompanyAddress(IdentityCompany model, String currentLang) in C:\Project\Apps\JobMarket-Agency\Manager\Manager.WebApp\Helpers\Business\FrontendHelpers.cs:line 266
2020-05-05 15:07:50,793 [112] ERROR Manager.WebApp.Helpers.FrontendHelpers - Could not GenerateCompanyAddress: System.IndexOutOfRangeException: Index was outside the bounds of the array.
   at Manager.WebApp.Helpers.FrontendHelpers.GenerateCompanyAddress(IdentityCompany model, String currentLang) in C:\Project\Apps\JobMarket-Agency\Manager\Manager.WebApp\Helpers\Business\FrontendHelpers.cs:line 266
2020-05-05 15:11:55,936 [148] ERROR Manager.WebApp.Helpers.FrontendHelpers - Could not GenerateCompanyAddress: System.IndexOutOfRangeException: Index was outside the bounds of the array.
   at Manager.WebApp.Helpers.FrontendHelpers.GenerateCompanyAddress(IdentityCompany model, String currentLang) in C:\Project\Apps\JobMarket-Agency\Manager\Manager.WebApp\Helpers\Business\FrontendHelpers.cs:line 266
2020-05-05 15:14:32,622 [150] ERROR Manager.WebApp.Helpers.FrontendHelpers - Could not GenerateCompanyAddress: System.IndexOutOfRangeException: Index was outside the bounds of the array.
   at Manager.WebApp.Helpers.FrontendHelpers.GenerateCompanyAddress(IdentityCompany model, String currentLang) in C:\Project\Apps\JobMarket-Agency\Manager\Manager.WebApp\Helpers\Business\FrontendHelpers.cs:line 266
2020-05-05 15:18:50,659 [89] ERROR Manager.WebApp.Helpers.FrontendHelpers - Could not GenerateCompanyAddress: System.IndexOutOfRangeException: Index was outside the bounds of the array.
   at Manager.WebApp.Helpers.FrontendHelpers.GenerateCompanyAddress(IdentityCompany model, String currentLang) in C:\Project\Apps\JobMarket-Agency\Manager\Manager.WebApp\Helpers\Business\FrontendHelpers.cs:line 266
2020-05-05 15:18:57,394 [150] ERROR Manager.WebApp.Helpers.FrontendHelpers - Could not GenerateCompanyAddress: System.IndexOutOfRangeException: Index was outside the bounds of the array.
   at Manager.WebApp.Helpers.FrontendHelpers.GenerateCompanyAddress(IdentityCompany model, String currentLang) in C:\Project\Apps\JobMarket-Agency\Manager\Manager.WebApp\Helpers\Business\FrontendHelpers.cs:line 266
2020-05-05 15:19:12,982 [148] ERROR Manager.WebApp.Helpers.FrontendHelpers - Could not GenerateCompanyAddress: System.IndexOutOfRangeException: Index was outside the bounds of the array.
   at Manager.WebApp.Helpers.FrontendHelpers.GenerateCompanyAddress(IdentityCompany model, String currentLang) in C:\Project\Apps\JobMarket-Agency\Manager\Manager.WebApp\Helpers\Business\FrontendHelpers.cs:line 266
2020-05-05 15:19:52,322 [112] ERROR Manager.WebApp.Helpers.FrontendHelpers - Could not GenerateCompanyAddress: System.IndexOutOfRangeException: Index was outside the bounds of the array.
   at Manager.WebApp.Helpers.FrontendHelpers.GenerateCompanyAddress(IdentityCompany model, String currentLang) in C:\Project\Apps\JobMarket-Agency\Manager\Manager.WebApp\Helpers\Business\FrontendHelpers.cs:line 266
2020-05-05 15:20:54,674 [154] ERROR Manager.WebApp.Helpers.FrontendHelpers - Could not GenerateCompanyAddress: System.IndexOutOfRangeException: Index was outside the bounds of the array.
   at Manager.WebApp.Helpers.FrontendHelpers.GenerateCompanyAddress(IdentityCompany model, String currentLang) in C:\Project\Apps\JobMarket-Agency\Manager\Manager.WebApp\Helpers\Business\FrontendHelpers.cs:line 266
2020-05-05 15:21:50,832 [115] ERROR Manager.WebApp.Helpers.FrontendHelpers - Could not GenerateCompanyAddress: System.IndexOutOfRangeException: Index was outside the bounds of the array.
   at Manager.WebApp.Helpers.FrontendHelpers.GenerateCompanyAddress(IdentityCompany model, String currentLang) in C:\Project\Apps\JobMarket-Agency\Manager\Manager.WebApp\Helpers\Business\FrontendHelpers.cs:line 266
2020-05-05 15:22:08,015 [139] ERROR Manager.WebApp.Helpers.FrontendHelpers - Could not GenerateCompanyAddress: System.IndexOutOfRangeException: Index was outside the bounds of the array.
   at Manager.WebApp.Helpers.FrontendHelpers.GenerateCompanyAddress(IdentityCompany model, String currentLang) in C:\Project\Apps\JobMarket-Agency\Manager\Manager.WebApp\Helpers\Business\FrontendHelpers.cs:line 266
2020-05-05 15:23:06,284 [140] ERROR Manager.WebApp.Helpers.FrontendHelpers - Could not GenerateCompanyAddress: System.IndexOutOfRangeException: Index was outside the bounds of the array.
   at Manager.WebApp.Helpers.FrontendHelpers.GenerateCompanyAddress(IdentityCompany model, String currentLang) in C:\Project\Apps\JobMarket-Agency\Manager\Manager.WebApp\Helpers\Business\FrontendHelpers.cs:line 266
2020-05-05 15:23:25,816 [91] ERROR Manager.WebApp.Helpers.FrontendHelpers - Could not GenerateCompanyAddress: System.IndexOutOfRangeException: Index was outside the bounds of the array.
   at Manager.WebApp.Helpers.FrontendHelpers.GenerateCompanyAddress(IdentityCompany model, String currentLang) in C:\Project\Apps\JobMarket-Agency\Manager\Manager.WebApp\Helpers\Business\FrontendHelpers.cs:line 266
2020-05-05 15:23:56,310 [116] ERROR Manager.WebApp.Helpers.FrontendHelpers - Could not GenerateCompanyAddress: System.IndexOutOfRangeException: Index was outside the bounds of the array.
   at Manager.WebApp.Helpers.FrontendHelpers.GenerateCompanyAddress(IdentityCompany model, String currentLang) in C:\Project\Apps\JobMarket-Agency\Manager\Manager.WebApp\Helpers\Business\FrontendHelpers.cs:line 266
2020-05-05 15:25:39,568 [91] ERROR Manager.WebApp.Helpers.FrontendHelpers - Could not GenerateCompanyAddress: System.IndexOutOfRangeException: Index was outside the bounds of the array.
   at Manager.WebApp.Helpers.FrontendHelpers.GenerateCompanyAddress(IdentityCompany model, String currentLang) in C:\Project\Apps\JobMarket-Agency\Manager\Manager.WebApp\Helpers\Business\FrontendHelpers.cs:line 266
2020-05-05 15:25:51,911 [162] ERROR Manager.WebApp.Helpers.FrontendHelpers - Could not GenerateCompanyAddress: System.IndexOutOfRangeException: Index was outside the bounds of the array.
   at Manager.WebApp.Helpers.FrontendHelpers.GenerateCompanyAddress(IdentityCompany model, String currentLang) in C:\Project\Apps\JobMarket-Agency\Manager\Manager.WebApp\Helpers\Business\FrontendHelpers.cs:line 266
2020-05-05 15:26:17,868 [162] ERROR Manager.WebApp.Helpers.FrontendHelpers - Could not GenerateCompanyAddress: System.IndexOutOfRangeException: Index was outside the bounds of the array.
   at Manager.WebApp.Helpers.FrontendHelpers.GenerateCompanyAddress(IdentityCompany model, String currentLang) in C:\Project\Apps\JobMarket-Agency\Manager\Manager.WebApp\Helpers\Business\FrontendHelpers.cs:line 266
2020-05-05 15:26:35,807 [144] ERROR Manager.WebApp.Helpers.FrontendHelpers - Could not GenerateCompanyAddress: System.IndexOutOfRangeException: Index was outside the bounds of the array.
   at Manager.WebApp.Helpers.FrontendHelpers.GenerateCompanyAddress(IdentityCompany model, String currentLang) in C:\Project\Apps\JobMarket-Agency\Manager\Manager.WebApp\Helpers\Business\FrontendHelpers.cs:line 266
2020-05-05 15:26:48,825 [115] ERROR Manager.WebApp.Helpers.FrontendHelpers - Could not GenerateCompanyAddress: System.IndexOutOfRangeException: Index was outside the bounds of the array.
   at Manager.WebApp.Helpers.FrontendHelpers.GenerateCompanyAddress(IdentityCompany model, String currentLang) in C:\Project\Apps\JobMarket-Agency\Manager\Manager.WebApp\Helpers\Business\FrontendHelpers.cs:line 266
2020-05-05 15:27:41,116 [89] ERROR Manager.WebApp.Helpers.FrontendHelpers - Could not GenerateCompanyAddress: System.IndexOutOfRangeException: Index was outside the bounds of the array.
   at Manager.WebApp.Helpers.FrontendHelpers.GenerateCompanyAddress(IdentityCompany model, String currentLang) in C:\Project\Apps\JobMarket-Agency\Manager\Manager.WebApp\Helpers\Business\FrontendHelpers.cs:line 266
2020-05-05 15:28:04,401 [112] ERROR Manager.WebApp.Helpers.FrontendHelpers - Could not GenerateCompanyAddress: System.IndexOutOfRangeException: Index was outside the bounds of the array.
   at Manager.WebApp.Helpers.FrontendHelpers.GenerateCompanyAddress(IdentityCompany model, String currentLang) in C:\Project\Apps\JobMarket-Agency\Manager\Manager.WebApp\Helpers\Business\FrontendHelpers.cs:line 266
2020-05-05 15:28:35,023 [91] ERROR Manager.WebApp.Helpers.FrontendHelpers - Could not GenerateCompanyAddress: System.IndexOutOfRangeException: Index was outside the bounds of the array.
   at Manager.WebApp.Helpers.FrontendHelpers.GenerateCompanyAddress(IdentityCompany model, String currentLang) in C:\Project\Apps\JobMarket-Agency\Manager\Manager.WebApp\Helpers\Business\FrontendHelpers.cs:line 266
2020-05-05 15:28:46,605 [104] ERROR Manager.WebApp.Helpers.FrontendHelpers - Could not GenerateCompanyAddress: System.IndexOutOfRangeException: Index was outside the bounds of the array.
   at Manager.WebApp.Helpers.FrontendHelpers.GenerateCompanyAddress(IdentityCompany model, String currentLang) in C:\Project\Apps\JobMarket-Agency\Manager\Manager.WebApp\Helpers\Business\FrontendHelpers.cs:line 266
2020-05-05 15:46:35,894 [154] ERROR Manager.WebApp.MvcApplication - Application Error: Encountered end tag "div" with no matching start tag.  Are your start/end tags properly balanced?

System.Web.HttpParseException (0x80004005): Encountered end tag "div" with no matching start tag.  Are your start/end tags properly balanced?

   at System.Web.WebPages.Razor.RazorBuildProvider.EnsureGeneratedCode()
   at System.Web.WebPages.Razor.RazorBuildProvider.get_CodeCompilerType()
   at System.Web.Compilation.BuildProvider.GetCompilerTypeFromBuildProvider(BuildProvider buildProvider)
   at System.Web.Compilation.BuildProvidersCompiler.ProcessBuildProviders()
   at System.Web.Compilation.BuildProvidersCompiler.PerformBuild()
   at System.Web.Compilation.BuildManager.CompileWebFile(VirtualPath virtualPath)
   at System.Web.Compilation.BuildManager.GetVPathBuildResultInternal(VirtualPath virtualPath, Boolean noBuild, Boolean allowCrossApp, Boolean allowBuildInPrecompile, Boolean throwIfNotFound, Boolean ensureIsUpToDate)
   at System.Web.Compilation.BuildManager.GetVPathBuildResultWithNoAssert(HttpContext context, VirtualPath virtualPath, Boolean noBuild, Boolean allowCrossApp, Boolean allowBuildInPrecompile, Boolean throwIfNotFound, Boolean ensureIsUpToDate)
   at System.Web.Compilation.BuildManager.GetVirtualPathObjectFactory(VirtualPath virtualPath, HttpContext context, Boolean allowCrossApp, Boolean throwIfNotFound)
   at System.Web.Compilation.BuildManager.GetCompiledType(VirtualPath virtualPath)
   at System.Web.Mvc.BuildManagerCompiledView.Render(ViewContext viewContext, TextWriter writer)
   at System.Web.Mvc.ViewResultBase.ExecuteResult(ControllerContext context)
   at System.Web.Mvc.ControllerActionInvoker.InvokeActionResultFilterRecursive(IList`1 filters, Int32 filterIndex, ResultExecutingContext preContext, ControllerContext controllerContext, ActionResult actionResult)
   at System.Web.Mvc.ControllerActionInvoker.InvokeActionResultFilterRecursive(IList`1 filters, Int32 filterIndex, ResultExecutingContext preContext, ControllerContext controllerContext, ActionResult actionResult)
   at System.Web.Mvc.ControllerActionInvoker.InvokeActionResultWithFilters(ControllerContext controllerContext, IList`1 filters, ActionResult actionResult)
   at System.Web.Mvc.Async.AsyncControllerActionInvoker.<>c__DisplayClass21.<BeginInvokeAction>b__1e(IAsyncResult asyncResult)
   at System.Web.Mvc.Async.AsyncControllerActionInvoker.EndInvokeAction(IAsyncResult asyncResult)
   at System.Web.Mvc.Controller.<BeginExecuteCore>b__1d(IAsyncResult asyncResult, ExecuteCoreState innerState)
   at System.Web.Mvc.Async.AsyncResultWrapper.WrappedAsyncVoid`1.CallEndDelegate(IAsyncResult asyncResult)
   at System.Web.Mvc.Controller.EndExecuteCore(IAsyncResult asyncResult)
   at System.Web.Mvc.Async.AsyncResultWrapper.WrappedAsyncVoid`1.CallEndDelegate(IAsyncResult asyncResult)
   at System.Web.Mvc.Controller.EndExecute(IAsyncResult asyncResult)
   at System.Web.Mvc.MvcHandler.<BeginProcessRequest>b__5(IAsyncResult asyncResult, ProcessRequestState innerState)
   at System.Web.Mvc.Async.AsyncResultWrapper.WrappedAsyncVoid`1.CallEndDelegate(IAsyncResult asyncResult)
   at System.Web.Mvc.MvcHandler.EndProcessRequest(IAsyncResult asyncResult)
   at System.Web.HttpApplication.CallHandlerExecutionStep.System.Web.HttpApplication.IExecutionStep.Execute()
   at System.Web.HttpApplication.ExecuteStepImpl(IExecutionStep step)
   at System.Web.HttpApplication.ExecuteStep(IExecutionStep step, Boolean& completedSynchronously)
2020-05-05 16:20:46,175 [150] DEBUG Manager.WebApp.Services.A_ReportServices - Begin JobByWeekAsync request
2020-05-05 16:20:46,671 [156] DEBUG Manager.WebApp.Services.A_ReportServices - Begin ApplicationByWeekAsync request
2020-05-05 16:20:47,175 [108] DEBUG Manager.WebApp.Services.AgencyServices - Begin GetSchedulesByStaffAsync request
2020-05-05 16:20:58,323 [103] ERROR Manager.WebApp.Helpers.FrontendHelpers - Could not GenerateCompanyAddress: System.IndexOutOfRangeException: Index was outside the bounds of the array.
   at Manager.WebApp.Helpers.FrontendHelpers.GenerateCompanyAddress(IdentityCompany model, String currentLang) in C:\Project\Apps\JobMarket-Agency\Manager\Manager.WebApp\Helpers\Business\FrontendHelpers.cs:line 266
2020-05-05 16:20:58,327 [103] ERROR Manager.WebApp.Helpers.FrontendHelpers - Could not GenerateCompanyAddress: System.IndexOutOfRangeException: Index was outside the bounds of the array.
   at Manager.WebApp.Helpers.FrontendHelpers.GenerateCompanyAddress(IdentityCompany model, String currentLang) in C:\Project\Apps\JobMarket-Agency\Manager\Manager.WebApp\Helpers\Business\FrontendHelpers.cs:line 266
2020-05-05 16:20:58,329 [103] ERROR Manager.WebApp.Helpers.FrontendHelpers - Could not GenerateCompanyAddress: System.IndexOutOfRangeException: Index was outside the bounds of the array.
   at Manager.WebApp.Helpers.FrontendHelpers.GenerateCompanyAddress(IdentityCompany model, String currentLang) in C:\Project\Apps\JobMarket-Agency\Manager\Manager.WebApp\Helpers\Business\FrontendHelpers.cs:line 266
2020-05-05 16:21:03,858 [116] ERROR Manager.WebApp.Helpers.FrontendHelpers - Could not GenerateCompanyAddress: System.IndexOutOfRangeException: Index was outside the bounds of the array.
   at Manager.WebApp.Helpers.FrontendHelpers.GenerateCompanyAddress(IdentityCompany model, String currentLang) in C:\Project\Apps\JobMarket-Agency\Manager\Manager.WebApp\Helpers\Business\FrontendHelpers.cs:line 266
2020-05-05 16:46:56,717 [102] INFO  Manager.WebApp.Startup - ======================================================
2020-05-05 16:46:56,728 [102] INFO  Manager.WebApp.Startup - Manager.WebApp is starting up
2020-05-05 16:46:56,728 [102] INFO  Manager.WebApp.Startup - ======================================================
2020-05-05 16:46:56,750 [102] INFO  Manager.WebApp.Startup - ======================================================
2020-05-05 16:46:56,751 [102] INFO  Manager.WebApp.Startup - Manager.WebApp is successfully configured
2020-05-05 16:46:56,752 [102] INFO  Manager.WebApp.Startup - ======================================================
2020-05-05 17:35:56,492 [169] INFO  Manager.WebApp.Startup - ======================================================
2020-05-05 17:35:56,493 [169] INFO  Manager.WebApp.Startup - Manager.WebApp is starting up
2020-05-05 17:35:56,494 [169] INFO  Manager.WebApp.Startup - ======================================================
2020-05-05 17:35:56,514 [169] INFO  Manager.WebApp.Startup - ======================================================
2020-05-05 17:35:56,515 [169] INFO  Manager.WebApp.Startup - Manager.WebApp is successfully configured
2020-05-05 17:35:56,515 [169] INFO  Manager.WebApp.Startup - ======================================================
2020-05-05 18:01:10,672 [139] ERROR Manager.WebApp.MvcApplication - Application Error: c:\Project\Apps\JobMarket-Agency\Manager\Manager.WebApp\Views\Job\Detail.cshtml(627): error CS1061: 'Manager.WebApp.Models.JobEditModel' does not contain a definition for 'translate_id' and no extension method 'translate_id' accepting a first argument of type 'Manager.WebApp.Models.JobEditModel' could be found (are you missing a using directive or an assembly reference?)
System.Web.HttpCompileException (0x80004005): c:\Project\Apps\JobMarket-Agency\Manager\Manager.WebApp\Views\Job\Detail.cshtml(627): error CS1061: 'Manager.WebApp.Models.JobEditModel' does not contain a definition for 'translate_id' and no extension method 'translate_id' accepting a first argument of type 'Manager.WebApp.Models.JobEditModel' could be found (are you missing a using directive or an assembly reference?)
   at System.Web.Compilation.AssemblyBuilder.Compile()
   at System.Web.Compilation.BuildProvidersCompiler.PerformBuild()
   at System.Web.Compilation.BuildManager.CompileWebFile(VirtualPath virtualPath)
   at System.Web.Compilation.BuildManager.GetVPathBuildResultInternal(VirtualPath virtualPath, Boolean noBuild, Boolean allowCrossApp, Boolean allowBuildInPrecompile, Boolean throwIfNotFound, Boolean ensureIsUpToDate)
   at System.Web.Compilation.BuildManager.GetVPathBuildResultWithNoAssert(HttpContext context, VirtualPath virtualPath, Boolean noBuild, Boolean allowCrossApp, Boolean allowBuildInPrecompile, Boolean throwIfNotFound, Boolean ensureIsUpToDate)
   at System.Web.Compilation.BuildManager.GetVirtualPathObjectFactory(VirtualPath virtualPath, HttpContext context, Boolean allowCrossApp, Boolean throwIfNotFound)
   at System.Web.Compilation.BuildManager.GetCompiledType(VirtualPath virtualPath)
   at System.Web.Mvc.BuildManagerCompiledView.Render(ViewContext viewContext, TextWriter writer)
   at System.Web.Mvc.ViewResultBase.ExecuteResult(ControllerContext context)
   at System.Web.Mvc.ControllerActionInvoker.InvokeActionResultFilterRecursive(IList`1 filters, Int32 filterIndex, ResultExecutingContext preContext, ControllerContext controllerContext, ActionResult actionResult)
   at System.Web.Mvc.ControllerActionInvoker.InvokeActionResultFilterRecursive(IList`1 filters, Int32 filterIndex, ResultExecutingContext preContext, ControllerContext controllerContext, ActionResult actionResult)
   at System.Web.Mvc.ControllerActionInvoker.InvokeActionResultWithFilters(ControllerContext controllerContext, IList`1 filters, ActionResult actionResult)
   at System.Web.Mvc.Async.AsyncControllerActionInvoker.<>c__DisplayClass21.<BeginInvokeAction>b__1e(IAsyncResult asyncResult)
   at System.Web.Mvc.Async.AsyncControllerActionInvoker.EndInvokeAction(IAsyncResult asyncResult)
   at System.Web.Mvc.Controller.<BeginExecuteCore>b__1d(IAsyncResult asyncResult, ExecuteCoreState innerState)
   at System.Web.Mvc.Async.AsyncResultWrapper.WrappedAsyncVoid`1.CallEndDelegate(IAsyncResult asyncResult)
   at System.Web.Mvc.Controller.EndExecuteCore(IAsyncResult asyncResult)
   at System.Web.Mvc.Async.AsyncResultWrapper.WrappedAsyncVoid`1.CallEndDelegate(IAsyncResult asyncResult)
   at System.Web.Mvc.Controller.EndExecute(IAsyncResult asyncResult)
   at System.Web.Mvc.MvcHandler.<BeginProcessRequest>b__5(IAsyncResult asyncResult, ProcessRequestState innerState)
   at System.Web.Mvc.Async.AsyncResultWrapper.WrappedAsyncVoid`1.CallEndDelegate(IAsyncResult asyncResult)
   at System.Web.Mvc.MvcHandler.EndProcessRequest(IAsyncResult asyncResult)
   at System.Web.HttpApplication.CallHandlerExecutionStep.System.Web.HttpApplication.IExecutionStep.Execute()
   at System.Web.HttpApplication.ExecuteStepImpl(IExecutionStep step)
   at System.Web.HttpApplication.ExecuteStep(IExecutionStep step, Boolean& completedSynchronously)
2020-05-05 18:01:23,909 [102] INFO  Manager.WebApp.Startup - ======================================================
2020-05-05 18:01:23,923 [102] INFO  Manager.WebApp.Startup - Manager.WebApp is starting up
2020-05-05 18:01:23,923 [102] INFO  Manager.WebApp.Startup - ======================================================
2020-05-05 18:01:23,959 [102] INFO  Manager.WebApp.Startup - ======================================================
2020-05-05 18:01:23,960 [102] INFO  Manager.WebApp.Startup - Manager.WebApp is successfully configured
2020-05-05 18:01:23,961 [102] INFO  Manager.WebApp.Startup - ======================================================
2020-05-05 18:01:24,344 [175] ERROR Manager.WebApp.MvcApplication - Application Error: A public action method 'RobotDetected' was not found on controller 'Manager.WebApp.Controllers.ErrorController'.
System.Web.HttpException (0x80004005): A public action method 'RobotDetected' was not found on controller 'Manager.WebApp.Controllers.ErrorController'.
   at System.Web.Mvc.Controller.HandleUnknownAction(String actionName)
   at System.Web.Mvc.Controller.<BeginExecuteCore>b__1d(IAsyncResult asyncResult, ExecuteCoreState innerState)
   at System.Web.Mvc.Async.AsyncResultWrapper.WrappedAsyncVoid`1.CallEndDelegate(IAsyncResult asyncResult)
   at System.Web.Mvc.Controller.EndExecuteCore(IAsyncResult asyncResult)
   at System.Web.Mvc.Async.AsyncResultWrapper.WrappedAsyncVoid`1.CallEndDelegate(IAsyncResult asyncResult)
   at System.Web.Mvc.Controller.EndExecute(IAsyncResult asyncResult)
   at System.Web.Mvc.MvcHandler.<BeginProcessRequest>b__5(IAsyncResult asyncResult, ProcessRequestState innerState)
   at System.Web.Mvc.Async.AsyncResultWrapper.WrappedAsyncVoid`1.CallEndDelegate(IAsyncResult asyncResult)
   at System.Web.Mvc.MvcHandler.EndProcessRequest(IAsyncResult asyncResult)
   at System.Web.HttpApplication.CallHandlerExecutionStep.System.Web.HttpApplication.IExecutionStep.Execute()
   at System.Web.HttpApplication.ExecuteStepImpl(IExecutionStep step)
   at System.Web.HttpApplication.ExecuteStep(IExecutionStep step, Boolean& completedSynchronously)
2020-05-05 18:05:58,394 [27] ERROR Manager.WebApp.Helpers.FrontendHelpers - Could not GenerateCompanyAddress: System.IndexOutOfRangeException: Index was outside the bounds of the array.
   at Manager.WebApp.Helpers.FrontendHelpers.GenerateCompanyAddress(IdentityCompany model, String currentLang) in C:\Project\Apps\JobMarket-Agency\Manager\Manager.WebApp\Helpers\Business\FrontendHelpers.cs:line 266
2020-05-05 18:05:58,400 [27] ERROR Manager.WebApp.Helpers.FrontendHelpers - Could not GenerateCompanyAddress: System.IndexOutOfRangeException: Index was outside the bounds of the array.
   at Manager.WebApp.Helpers.FrontendHelpers.GenerateCompanyAddress(IdentityCompany model, String currentLang) in C:\Project\Apps\JobMarket-Agency\Manager\Manager.WebApp\Helpers\Business\FrontendHelpers.cs:line 266
2020-05-05 18:05:58,402 [27] ERROR Manager.WebApp.Helpers.FrontendHelpers - Could not GenerateCompanyAddress: System.IndexOutOfRangeException: Index was outside the bounds of the array.
   at Manager.WebApp.Helpers.FrontendHelpers.GenerateCompanyAddress(IdentityCompany model, String currentLang) in C:\Project\Apps\JobMarket-Agency\Manager\Manager.WebApp\Helpers\Business\FrontendHelpers.cs:line 266
2020-05-05 18:06:06,031 [113] ERROR Manager.WebApp.Helpers.FrontendHelpers - Could not GenerateCompanyAddress: System.IndexOutOfRangeException: Index was outside the bounds of the array.
   at Manager.WebApp.Helpers.FrontendHelpers.GenerateCompanyAddress(IdentityCompany model, String currentLang) in C:\Project\Apps\JobMarket-Agency\Manager\Manager.WebApp\Helpers\Business\FrontendHelpers.cs:line 266
2020-05-05 18:07:46,064 [91] ERROR Manager.WebApp.Helpers.FrontendHelpers - Could not GenerateCompanyAddress: System.IndexOutOfRangeException: Index was outside the bounds of the array.
   at Manager.WebApp.Helpers.FrontendHelpers.GenerateCompanyAddress(IdentityCompany model, String currentLang) in C:\Project\Apps\JobMarket-Agency\Manager\Manager.WebApp\Helpers\Business\FrontendHelpers.cs:line 266
2020-05-05 18:08:12,100 [28] ERROR Manager.WebApp.MvcApplication - Application Error: A public action method 'RobotDetected' was not found on controller 'Manager.WebApp.Controllers.ErrorController'.
System.Web.HttpException (0x80004005): A public action method 'RobotDetected' was not found on controller 'Manager.WebApp.Controllers.ErrorController'.
   at System.Web.Mvc.Controller.HandleUnknownAction(String actionName)
   at System.Web.Mvc.Controller.<BeginExecuteCore>b__1d(IAsyncResult asyncResult, ExecuteCoreState innerState)
   at System.Web.Mvc.Async.AsyncResultWrapper.WrappedAsyncVoid`1.CallEndDelegate(IAsyncResult asyncResult)
   at System.Web.Mvc.Controller.EndExecuteCore(IAsyncResult asyncResult)
   at System.Web.Mvc.Async.AsyncResultWrapper.WrappedAsyncVoid`1.CallEndDelegate(IAsyncResult asyncResult)
   at System.Web.Mvc.Controller.EndExecute(IAsyncResult asyncResult)
   at System.Web.Mvc.MvcHandler.<BeginProcessRequest>b__5(IAsyncResult asyncResult, ProcessRequestState innerState)
   at System.Web.Mvc.Async.AsyncResultWrapper.WrappedAsyncVoid`1.CallEndDelegate(IAsyncResult asyncResult)
   at System.Web.Mvc.MvcHandler.EndProcessRequest(IAsyncResult asyncResult)
   at System.Web.HttpApplication.CallHandlerExecutionStep.System.Web.HttpApplication.IExecutionStep.Execute()
   at System.Web.HttpApplication.ExecuteStepImpl(IExecutionStep step)
   at System.Web.HttpApplication.ExecuteStep(IExecutionStep step, Boolean& completedSynchronously)
2020-05-05 18:19:48,744 [175] ERROR Manager.WebApp.Helpers.FrontendHelpers - Could not GenerateCompanyAddress: System.IndexOutOfRangeException: Index was outside the bounds of the array.
   at Manager.WebApp.Helpers.FrontendHelpers.GenerateCompanyAddress(IdentityCompany model, String currentLang) in C:\Project\Apps\JobMarket-Agency\Manager\Manager.WebApp\Helpers\Business\FrontendHelpers.cs:line 266
2020-05-05 18:19:48,746 [175] ERROR Manager.WebApp.Helpers.FrontendHelpers - Could not GenerateCompanyAddress: System.IndexOutOfRangeException: Index was outside the bounds of the array.
   at Manager.WebApp.Helpers.FrontendHelpers.GenerateCompanyAddress(IdentityCompany model, String currentLang) in C:\Project\Apps\JobMarket-Agency\Manager\Manager.WebApp\Helpers\Business\FrontendHelpers.cs:line 266
2020-05-05 18:19:48,747 [175] ERROR Manager.WebApp.Helpers.FrontendHelpers - Could not GenerateCompanyAddress: System.IndexOutOfRangeException: Index was outside the bounds of the array.
   at Manager.WebApp.Helpers.FrontendHelpers.GenerateCompanyAddress(IdentityCompany model, String currentLang) in C:\Project\Apps\JobMarket-Agency\Manager\Manager.WebApp\Helpers\Business\FrontendHelpers.cs:line 266
2020-05-05 18:19:54,562 [115] ERROR Manager.WebApp.Helpers.FrontendHelpers - Could not GenerateCompanyAddress: System.IndexOutOfRangeException: Index was outside the bounds of the array.
   at Manager.WebApp.Helpers.FrontendHelpers.GenerateCompanyAddress(IdentityCompany model, String currentLang) in C:\Project\Apps\JobMarket-Agency\Manager\Manager.WebApp\Helpers\Business\FrontendHelpers.cs:line 266
2020-05-05 19:03:48,496 [28] ERROR Manager.WebApp.Controllers.MyEmailController - Could not GetMailBoxCounterFromMailServer because: Unable to read data from the transport connection: A connection attempt failed because the connected party did not properly respond after a period of time, or established connection failed because connected host has failed to respond.
2020-05-05 22:36:09,070 [155] ERROR Manager.WebApp.Controllers.MyEmailController - Could not GetMailBoxCounterFromMailServer because: Unable to read data from the transport connection: A connection attempt failed because the connected party did not properly respond after a period of time, or established connection failed because connected host has failed to respond.
