2020-04-27 10:26:46,024 [1] INFO  MySite.Startup - ======================================================
2020-04-27 10:26:46,025 [1] INFO  MySite.Startup - MySite is starting up
2020-04-27 10:26:46,026 [1] INFO  MySite.Startup - ======================================================
2020-04-27 10:26:46,127 [1] INFO  MySite.Startup - ======================================================
2020-04-27 10:26:46,129 [1] INFO  MySite.Startup - MySite is successfully configured
2020-04-27 10:26:46,130 [1] INFO  MySite.Startup - ======================================================
2020-04-27 10:26:48,470 [9] DEBUG MySite.Services.FooterServices - Begin GET GetFooterAsync request
2020-04-27 10:26:48,549 [9] DEBUG MySite.Services.FooterServices - End GetFooterAsync request
2020-04-27 10:26:54,338 [9] DEBUG MySite.Controllers.WebAuthController - Begin QUICK-LOGIN-WEB request
2020-04-27 10:26:54,348 [9] DEBUG MySite.Controllers.WebAuthController - QUICK-LOGIN-WEB Returned Model encrypted = {"Code":0,"Msg":null,"TokenKey":null,"ReturnUrl":null,"Data":{"Id":0,"UserName":null,"Email":null,"FullName":null,"DisplayName":null,"Avatar":null,"PhoneNumber":null,"CreatedDateUtc":null,"TokenKey":null,"TokenCreatedDate":null,"TokenExpiredDate":null,"LoginDurations":0,"OTPType":null}}
2020-04-27 10:26:58,134 [9] DEBUG MySite.Controllers.WebAuthController - Ended QUICK-LOGIN-WEB request
2020-04-27 10:26:59,196 [20] DEBUG MySite.Services.FooterServices - Begin GET GetFooterAsync request
2020-04-27 10:26:59,207 [20] DEBUG MySite.Services.FooterServices - End GetFooterAsync request
2020-04-27 10:27:14,698 [5] DEBUG MySite.Services.FooterServices - Begin GET GetFooterAsync request
2020-04-27 10:27:14,704 [5] DEBUG MySite.Services.FooterServices - End GetFooterAsync request
2020-04-27 10:43:32,569 [37] DEBUG MySite.Services.FooterServices - Begin GET GetFooterAsync request
2020-04-27 10:43:32,642 [37] DEBUG MySite.Services.FooterServices - End GetFooterAsync request
2020-04-27 10:43:46,367 [39] DEBUG MySite.Services.FooterServices - Begin GET GetFooterAsync request
2020-04-27 10:43:46,374 [39] DEBUG MySite.Services.FooterServices - End GetFooterAsync request
2020-04-27 10:44:18,506 [33] DEBUG MySite.Services.FooterServices - Begin GET GetFooterAsync request
2020-04-27 10:44:18,512 [33] DEBUG MySite.Services.FooterServices - End GetFooterAsync request
2020-04-27 10:44:23,226 [55] INFO  MySite.Startup - ======================================================
2020-04-27 10:44:23,247 [55] INFO  MySite.Startup - MySite is starting up
2020-04-27 10:44:23,249 [55] INFO  MySite.Startup - ======================================================
2020-04-27 10:44:23,380 [55] INFO  MySite.Startup - ======================================================
2020-04-27 10:44:23,381 [55] INFO  MySite.Startup - MySite is successfully configured
2020-04-27 10:44:23,382 [55] INFO  MySite.Startup - ======================================================
2020-04-27 10:44:33,904 [18] DEBUG MySite.Services.FooterServices - Begin GET GetFooterAsync request
2020-04-27 10:44:33,915 [18] DEBUG MySite.Services.FooterServices - End GetFooterAsync request
2020-04-27 14:12:43,634 [35] DEBUG MySite.Services.FooterServices - Begin GET GetFooterAsync request
2020-04-27 14:12:43,719 [35] DEBUG MySite.Services.FooterServices - End GetFooterAsync request
2020-04-27 15:03:35,398 [1] INFO  MySite.Startup - ======================================================
2020-04-27 15:03:35,411 [1] INFO  MySite.Startup - MySite is starting up
2020-04-27 15:03:35,411 [1] INFO  MySite.Startup - ======================================================
2020-04-27 15:03:35,562 [1] INFO  MySite.Startup - ======================================================
2020-04-27 15:03:35,563 [1] INFO  MySite.Startup - MySite is successfully configured
2020-04-27 15:03:35,563 [1] INFO  MySite.Startup - ======================================================
2020-04-27 15:03:52,135 [8] DEBUG MySite.Services.FooterServices - Begin GET GetFooterAsync request
2020-04-27 15:03:52,219 [8] DEBUG MySite.Services.FooterServices - End GetFooterAsync request
2020-04-27 15:04:05,468 [12] DEBUG MySite.Services.FooterServices - Begin GET GetFooterAsync request
2020-04-27 15:04:05,476 [12] DEBUG MySite.Services.FooterServices - End GetFooterAsync request
2020-04-27 15:05:06,472 [12] DEBUG MySite.Services.FooterServices - Begin GET GetFooterAsync request
2020-04-27 15:05:06,480 [12] DEBUG MySite.Services.FooterServices - End GetFooterAsync request
2020-04-27 15:06:31,073 [45] INFO  MySite.Startup - ======================================================
2020-04-27 15:06:31,075 [45] INFO  MySite.Startup - MySite is starting up
2020-04-27 15:06:31,077 [45] INFO  MySite.Startup - ======================================================
2020-04-27 15:06:31,201 [45] INFO  MySite.Startup - ======================================================
2020-04-27 15:06:31,202 [45] INFO  MySite.Startup - MySite is successfully configured
2020-04-27 15:06:31,203 [45] INFO  MySite.Startup - ======================================================
2020-04-27 15:06:33,113 [9] DEBUG MySite.Services.FooterServices - Begin GET GetFooterAsync request
2020-04-27 15:06:33,164 [9] DEBUG MySite.Services.FooterServices - End GetFooterAsync request
2020-04-27 15:06:52,959 [13] DEBUG MySite.Services.FooterServices - Begin GET GetFooterAsync request
2020-04-27 15:06:52,965 [13] DEBUG MySite.Services.FooterServices - End GetFooterAsync request
2020-04-27 15:06:59,260 [27] DEBUG MySite.Controllers.WebAuthController - Begin QUICK-LOGIN-WEB request
2020-04-27 15:06:59,266 [27] DEBUG MySite.Controllers.WebAuthController - QUICK-LOGIN-WEB Returned Model encrypted = {"Code":0,"Msg":null,"TokenKey":null,"ReturnUrl":null,"Data":{"Id":0,"UserName":null,"Email":null,"FullName":null,"DisplayName":null,"Avatar":null,"PhoneNumber":null,"CreatedDateUtc":null,"TokenKey":null,"TokenCreatedDate":null,"TokenExpiredDate":null,"LoginDurations":0,"OTPType":null}}
2020-04-27 15:07:03,653 [27] DEBUG MySite.Controllers.WebAuthController - Ended QUICK-LOGIN-WEB request
2020-04-27 15:07:04,758 [12] DEBUG MySite.Services.FooterServices - Begin GET GetFooterAsync request
2020-04-27 15:07:04,764 [12] DEBUG MySite.Services.FooterServices - End GetFooterAsync request
2020-04-27 15:07:17,898 [13] DEBUG MySite.Services.FooterServices - Begin GET GetFooterAsync request
2020-04-27 15:07:17,904 [13] DEBUG MySite.Services.FooterServices - End GetFooterAsync request
2020-04-27 15:07:26,807 [13] DEBUG MySite.Services.FooterServices - Begin GET GetFooterAsync request
2020-04-27 15:07:26,813 [13] DEBUG MySite.Services.FooterServices - End GetFooterAsync request
2020-04-27 15:07:57,232 [13] DEBUG MySite.Services.FooterServices - Begin GET GetFooterAsync request
2020-04-27 15:07:57,304 [13] DEBUG MySite.Services.FooterServices - End GetFooterAsync request
2020-04-27 15:08:01,443 [27] DEBUG MySite.Controllers.WebAuthController - Begin QUICK-LOGIN-WEB request
2020-04-27 15:08:01,444 [27] DEBUG MySite.Controllers.WebAuthController - QUICK-LOGIN-WEB Returned Model encrypted = {"Code":0,"Msg":null,"TokenKey":null,"ReturnUrl":null,"Data":{"Id":0,"UserName":null,"Email":null,"FullName":null,"DisplayName":null,"Avatar":null,"PhoneNumber":null,"CreatedDateUtc":null,"TokenKey":null,"TokenCreatedDate":null,"TokenExpiredDate":null,"LoginDurations":0,"OTPType":null}}
2020-04-27 15:08:01,664 [27] DEBUG MySite.Controllers.WebAuthController - Ended QUICK-LOGIN-WEB request
2020-04-27 15:08:02,735 [12] DEBUG MySite.Services.FooterServices - Begin GET GetFooterAsync request
2020-04-27 15:08:02,741 [12] DEBUG MySite.Services.FooterServices - End GetFooterAsync request
2020-04-27 15:08:19,319 [13] DEBUG MySite.Services.FooterServices - Begin GET GetFooterAsync request
2020-04-27 15:08:19,325 [13] DEBUG MySite.Services.FooterServices - End GetFooterAsync request
2020-04-27 15:09:32,083 [8] DEBUG MySite.Services.FooterServices - Begin GET GetFooterAsync request
2020-04-27 15:09:32,093 [8] DEBUG MySite.Services.FooterServices - End GetFooterAsync request
2020-04-27 15:10:01,783 [32] DEBUG MySite.Services.FooterServices - Begin GET GetFooterAsync request
2020-04-27 15:10:01,793 [32] DEBUG MySite.Services.FooterServices - End GetFooterAsync request
2020-04-27 15:11:39,249 [27] DEBUG MySite.Services.FooterServices - Begin GET GetFooterAsync request
2020-04-27 15:11:39,257 [27] DEBUG MySite.Services.FooterServices - End GetFooterAsync request
2020-04-27 15:13:42,262 [27] DEBUG MySite.Services.FooterServices - Begin GET GetFooterAsync request
2020-04-27 15:13:42,271 [27] DEBUG MySite.Services.FooterServices - End GetFooterAsync request
2020-04-27 15:18:36,560 [87] INFO  MySite.Startup - ======================================================
2020-04-27 15:18:36,574 [87] INFO  MySite.Startup - MySite is starting up
2020-04-27 15:18:36,575 [87] INFO  MySite.Startup - ======================================================
2020-04-27 15:18:36,717 [87] INFO  MySite.Startup - ======================================================
2020-04-27 15:18:36,718 [87] INFO  MySite.Startup - MySite is successfully configured
2020-04-27 15:18:36,719 [87] INFO  MySite.Startup - ======================================================
2020-04-27 15:18:53,982 [84] DEBUG MySite.Services.FooterServices - Begin GET GetFooterAsync request
2020-04-27 15:18:54,055 [84] DEBUG MySite.Services.FooterServices - End GetFooterAsync request
2020-04-27 15:21:54,665 [85] DEBUG MySite.Services.FooterServices - Begin GET GetFooterAsync request
2020-04-27 15:21:54,679 [85] DEBUG MySite.Services.FooterServices - End GetFooterAsync request
2020-04-27 15:27:59,498 [80] DEBUG MySite.Services.FooterServices - Begin GET GetFooterAsync request
2020-04-27 15:27:59,507 [80] DEBUG MySite.Services.FooterServices - End GetFooterAsync request
2020-04-27 15:28:16,731 [81] DEBUG MySite.Services.FooterServices - Begin GET GetFooterAsync request
2020-04-27 15:28:16,738 [81] DEBUG MySite.Services.FooterServices - End GetFooterAsync request
2020-04-27 15:28:53,344 [33] DEBUG MySite.Services.FooterServices - Begin GET GetFooterAsync request
2020-04-27 15:28:53,351 [33] DEBUG MySite.Services.FooterServices - End GetFooterAsync request
2020-04-27 15:34:02,310 [13] DEBUG MySite.Services.FooterServices - Begin GET GetFooterAsync request
2020-04-27 15:34:02,382 [13] DEBUG MySite.Services.FooterServices - End GetFooterAsync request
2020-04-27 15:34:16,699 [37] DEBUG MySite.Services.FooterServices - Begin GET GetFooterAsync request
2020-04-27 15:34:16,706 [37] DEBUG MySite.Services.FooterServices - End GetFooterAsync request
2020-04-27 15:34:44,102 [27] DEBUG MySite.Services.FooterServices - Begin GET GetFooterAsync request
2020-04-27 15:34:44,109 [27] DEBUG MySite.Services.FooterServices - End GetFooterAsync request
2020-04-27 15:36:28,534 [13] DEBUG MySite.Services.FooterServices - Begin GET GetFooterAsync request
2020-04-27 15:36:28,544 [13] DEBUG MySite.Services.FooterServices - End GetFooterAsync request
2020-04-27 15:45:20,468 [87] INFO  MySite.Startup - ======================================================
2020-04-27 15:45:20,480 [87] INFO  MySite.Startup - MySite is starting up
2020-04-27 15:45:20,480 [87] INFO  MySite.Startup - ======================================================
2020-04-27 15:45:20,634 [87] INFO  MySite.Startup - ======================================================
2020-04-27 15:45:20,635 [87] INFO  MySite.Startup - MySite is successfully configured
2020-04-27 15:45:20,636 [87] INFO  MySite.Startup - ======================================================
2020-04-27 15:45:25,628 [61] DEBUG MySite.Services.FooterServices - Begin GET GetFooterAsync request
2020-04-27 15:45:25,762 [61] DEBUG MySite.Services.FooterServices - End GetFooterAsync request
2020-04-27 15:46:46,648 [53] DEBUG MySite.Services.FooterServices - Begin GET GetFooterAsync request
2020-04-27 15:46:46,658 [53] DEBUG MySite.Services.FooterServices - End GetFooterAsync request
2020-04-27 15:47:01,202 [80] DEBUG MySite.Services.FooterServices - Begin GET GetFooterAsync request
2020-04-27 15:47:01,273 [80] DEBUG MySite.Services.FooterServices - End GetFooterAsync request
2020-04-27 15:47:09,871 [80] DEBUG MySite.Services.FooterServices - Begin GET GetFooterAsync request
2020-04-27 15:47:09,876 [80] DEBUG MySite.Services.FooterServices - End GetFooterAsync request
2020-04-27 15:52:02,785 [56] DEBUG MySite.Services.FooterServices - Begin GET GetFooterAsync request
2020-04-27 15:52:02,858 [56] DEBUG MySite.Services.FooterServices - End GetFooterAsync request
