2020-03-17 15:29:13,982 [1] INFO  MySite.Startup - ======================================================
2020-03-17 15:29:13,993 [1] INFO  MySite.Startup - MySite is starting up
2020-03-17 15:29:13,994 [1] INFO  MySite.Startup - ======================================================
2020-03-17 15:29:14,101 [1] INFO  MySite.Startup - ======================================================
2020-03-17 15:29:14,102 [1] INFO  MySite.Startup - MySite is successfully configured
2020-03-17 15:29:14,102 [1] INFO  MySite.Startup - ======================================================
2020-03-17 15:29:20,137 [9] DEBUG MySite.Services.FooterServices - Begin GET GetFooterAsync request
2020-03-17 15:29:20,212 [9] DEBUG MySite.Services.FooterServices - End GetFooterAsync request
2020-03-17 15:29:29,861 [20] DEBUG MySite.Controllers.WebAuthController - Begin QUICK-LOGIN-WEB request
2020-03-17 15:29:29,867 [20] DEBUG MySite.Controllers.WebAuthController - QUICK-LOGIN-WEB Returned Model encrypted = {"Code":0,"Msg":null,"TokenKey":null,"ReturnUrl":null,"Data":{"Id":0,"UserName":null,"Email":null,"FullName":null,"DisplayName":null,"Avatar":null,"PhoneNumber":null,"CreatedDateUtc":null,"TokenKey":null,"TokenCreatedDate":null,"TokenExpiredDate":null,"LoginDurations":0,"OTPType":null}}
2020-03-17 15:29:33,917 [20] DEBUG MySite.Controllers.WebAuthController - Ended QUICK-LOGIN-WEB request
2020-03-17 15:29:34,969 [27] DEBUG MySite.Services.FooterServices - Begin GET GetFooterAsync request
2020-03-17 15:29:34,976 [27] DEBUG MySite.Services.FooterServices - End GetFooterAsync request
2020-03-17 15:32:08,846 [23] INFO  MySite.Startup - ======================================================
2020-03-17 15:32:08,857 [23] INFO  MySite.Startup - MySite is starting up
2020-03-17 15:32:08,858 [23] INFO  MySite.Startup - ======================================================
2020-03-17 15:32:08,991 [23] INFO  MySite.Startup - ======================================================
2020-03-17 15:32:08,992 [23] INFO  MySite.Startup - MySite is successfully configured
2020-03-17 15:32:08,992 [23] INFO  MySite.Startup - ======================================================
2020-03-17 15:32:10,561 [31] DEBUG MySite.Services.FooterServices - Begin GET GetFooterAsync request
2020-03-17 15:32:10,602 [31] DEBUG MySite.Services.FooterServices - End GetFooterAsync request
2020-03-17 15:32:20,752 [19] DEBUG MySite.Controllers.WebAuthController - Begin QUICK-LOGIN-WEB request
2020-03-17 15:32:20,758 [19] DEBUG MySite.Controllers.WebAuthController - QUICK-LOGIN-WEB Returned Model encrypted = {"Code":0,"Msg":null,"TokenKey":null,"ReturnUrl":null,"Data":{"Id":0,"UserName":null,"Email":null,"FullName":null,"DisplayName":null,"Avatar":null,"PhoneNumber":null,"CreatedDateUtc":null,"TokenKey":null,"TokenCreatedDate":null,"TokenExpiredDate":null,"LoginDurations":0,"OTPType":null}}
2020-03-17 15:32:23,808 [19] DEBUG MySite.Controllers.WebAuthController - Ended QUICK-LOGIN-WEB request
2020-03-17 15:32:24,847 [26] DEBUG MySite.Services.FooterServices - Begin GET GetFooterAsync request
2020-03-17 15:32:24,853 [26] DEBUG MySite.Services.FooterServices - End GetFooterAsync request
2020-03-17 22:22:11,125 [1] INFO  MySite.Startup - ======================================================
2020-03-17 22:22:11,138 [1] INFO  MySite.Startup - MySite is starting up
2020-03-17 22:22:11,139 [1] INFO  MySite.Startup - ======================================================
2020-03-17 22:22:11,251 [1] INFO  MySite.Startup - ======================================================
2020-03-17 22:22:11,252 [1] INFO  MySite.Startup - MySite is successfully configured
2020-03-17 22:22:11,253 [1] INFO  MySite.Startup - ======================================================
2020-03-17 22:22:17,167 [9] DEBUG MySite.Services.FooterServices - Begin GET GetFooterAsync request
2020-03-17 22:22:17,246 [9] DEBUG MySite.Services.FooterServices - End GetFooterAsync request
2020-03-17 22:23:03,218 [19] DEBUG MySite.Services.FooterServices - Begin GET GetFooterAsync request
2020-03-17 22:23:03,226 [19] DEBUG MySite.Services.FooterServices - End GetFooterAsync request
2020-03-17 22:23:13,176 [9] DEBUG MySite.Controllers.WebAuthController - Begin QUICK-LOGIN-WEB request
2020-03-17 22:23:13,184 [9] DEBUG MySite.Controllers.WebAuthController - QUICK-LOGIN-WEB Returned Model encrypted = {"Code":0,"Msg":null,"TokenKey":null,"ReturnUrl":null,"Data":{"Id":0,"UserName":null,"Email":null,"FullName":null,"DisplayName":null,"Avatar":null,"PhoneNumber":null,"CreatedDateUtc":null,"TokenKey":null,"TokenCreatedDate":null,"TokenExpiredDate":null,"LoginDurations":0,"OTPType":null}}
2020-03-17 22:23:15,789 [9] DEBUG MySite.Controllers.WebAuthController - Ended QUICK-LOGIN-WEB request
2020-03-17 22:23:16,813 [8] DEBUG MySite.Services.FooterServices - Begin GET GetFooterAsync request
2020-03-17 22:23:16,818 [8] DEBUG MySite.Services.FooterServices - End GetFooterAsync request
2020-03-17 22:23:31,697 [20] DEBUG MySite.Services.FooterServices - Begin GET GetFooterAsync request
2020-03-17 22:23:31,702 [20] DEBUG MySite.Services.FooterServices - End GetFooterAsync request
2020-03-17 22:23:49,529 [30] DEBUG MySite.Services.FooterServices - Begin GET GetFooterAsync request
2020-03-17 22:23:49,535 [30] DEBUG MySite.Services.FooterServices - End GetFooterAsync request
2020-03-17 22:31:57,972 [64] DEBUG MySite.Services.FooterServices - Begin GET GetFooterAsync request
2020-03-17 22:31:57,980 [64] DEBUG MySite.Services.FooterServices - End GetFooterAsync request
2020-03-17 22:37:34,337 [77] DEBUG MySite.Services.FooterServices - Begin GET GetFooterAsync request
2020-03-17 22:37:34,408 [77] DEBUG MySite.Services.FooterServices - End GetFooterAsync request
2020-03-17 22:37:45,565 [75] DEBUG MySite.Services.FooterServices - Begin GET GetFooterAsync request
2020-03-17 22:37:45,570 [75] DEBUG MySite.Services.FooterServices - End GetFooterAsync request
2020-03-17 22:40:12,415 [106] DEBUG MySite.Services.FooterServices - Begin GET GetFooterAsync request
2020-03-17 22:40:12,420 [106] DEBUG MySite.Services.FooterServices - End GetFooterAsync request
2020-03-17 22:40:44,266 [110] DEBUG MySite.Services.FooterServices - Begin GET GetFooterAsync request
2020-03-17 22:40:44,271 [110] DEBUG MySite.Services.FooterServices - End GetFooterAsync request
2020-03-17 22:41:15,538 [115] DEBUG MySite.Services.FooterServices - Begin GET GetFooterAsync request
2020-03-17 22:41:15,543 [115] DEBUG MySite.Services.FooterServices - End GetFooterAsync request
2020-03-17 22:42:20,489 [1] INFO  MySite.Startup - ======================================================
2020-03-17 22:42:20,501 [1] INFO  MySite.Startup - MySite is starting up
2020-03-17 22:42:20,502 [1] INFO  MySite.Startup - ======================================================
2020-03-17 22:42:20,620 [1] INFO  MySite.Startup - ======================================================
2020-03-17 22:42:20,621 [1] INFO  MySite.Startup - MySite is successfully configured
2020-03-17 22:42:20,622 [1] INFO  MySite.Startup - ======================================================
2020-03-17 22:42:27,374 [107] DEBUG MySite.Services.FooterServices - Begin GET GetFooterAsync request
2020-03-17 22:42:27,380 [107] DEBUG MySite.Services.FooterServices - End GetFooterAsync request
2020-03-17 22:45:36,544 [119] DEBUG MySite.Services.ApplicationServices - Begin PUT SendCvAsync request
2020-03-17 22:45:41,928 [119] DEBUG MySite.Services.ApplicationServices - End SendCvAsync request
2020-03-17 22:45:45,341 [128] DEBUG MySite.Services.FooterServices - Begin GET GetFooterAsync request
2020-03-17 22:45:45,352 [128] DEBUG MySite.Services.FooterServices - End GetFooterAsync request
