2019-12-21 11:04:33,401 [1] INFO  MySite.Startup - ======================================================
2019-12-21 11:04:33,414 [1] INFO  MySite.Startup - MySite is starting up
2019-12-21 11:04:33,415 [1] INFO  MySite.Startup - ======================================================
2019-12-21 11:04:33,529 [1] INFO  MySite.Startup - ======================================================
2019-12-21 11:04:33,530 [1] INFO  MySite.Startup - MySite is successfully configured
2019-12-21 11:04:33,531 [1] INFO  MySite.Startup - ======================================================
2019-12-21 11:04:40,125 [8] DEBUG MySite.Services.FooterServices - Begin GET GetFooterAsync request
2019-12-21 11:04:40,126 [9] DEBUG MySite.Services.FooterServices - Begin GET GetFooterAsync request
2019-12-21 11:04:40,202 [9] DEBUG MySite.Services.FooterServices - End GetFooterAsync request
2019-12-21 11:04:40,203 [8] DEBUG MySite.Services.FooterServices - End GetFooterAsync request
2019-12-21 11:04:49,988 [19] DEBUG MySite.Services.FooterServices - Begin GET GetFooterAsync request
2019-12-21 11:04:49,994 [19] DEBUG MySite.Services.FooterServices - End GetFooterAsync request
2019-12-21 11:05:25,387 [8] DEBUG MySite.Services.FooterServices - Begin GET GetFooterAsync request
2019-12-21 11:05:25,393 [8] DEBUG MySite.Services.FooterServices - End GetFooterAsync request
2019-12-21 11:07:39,066 [31] DEBUG MySite.Services.FooterServices - Begin GET GetFooterAsync request
2019-12-21 11:07:39,072 [31] DEBUG MySite.Services.FooterServices - End GetFooterAsync request
2019-12-21 11:08:39,273 [43] DEBUG MySite.Services.FooterServices - Begin GET GetFooterAsync request
2019-12-21 11:08:39,278 [43] DEBUG MySite.Services.FooterServices - End GetFooterAsync request
2019-12-21 11:09:18,094 [44] DEBUG MySite.Services.FooterServices - Begin GET GetFooterAsync request
2019-12-21 11:09:18,098 [44] DEBUG MySite.Services.FooterServices - End GetFooterAsync request
2019-12-21 11:10:26,413 [43] DEBUG MySite.Services.FooterServices - Begin GET GetFooterAsync request
2019-12-21 11:10:26,418 [43] DEBUG MySite.Services.FooterServices - End GetFooterAsync request
2019-12-21 11:10:40,292 [42] DEBUG MySite.Services.FooterServices - Begin GET GetFooterAsync request
2019-12-21 11:10:40,296 [42] DEBUG MySite.Services.FooterServices - End GetFooterAsync request
2019-12-21 11:12:16,054 [31] DEBUG MySite.Services.FooterServices - Begin GET GetFooterAsync request
2019-12-21 11:12:16,059 [31] DEBUG MySite.Services.FooterServices - End GetFooterAsync request
2019-12-21 11:13:19,244 [9] DEBUG MySite.Services.FooterServices - Begin GET GetFooterAsync request
2019-12-21 11:13:19,250 [9] DEBUG MySite.Services.FooterServices - End GetFooterAsync request
2019-12-21 11:13:33,177 [36] DEBUG MySite.Services.FooterServices - Begin GET GetFooterAsync request
2019-12-21 11:13:33,181 [36] DEBUG MySite.Services.FooterServices - End GetFooterAsync request
