2020-04-14 18:07:20,939 [1] INFO  MySite.Startup - ======================================================
2020-04-14 18:07:20,951 [1] INFO  MySite.Startup - MySite is starting up
2020-04-14 18:07:20,952 [1] INFO  MySite.Startup - ======================================================
2020-04-14 18:07:21,099 [1] INFO  MySite.Startup - ======================================================
2020-04-14 18:07:21,100 [1] INFO  MySite.Startup - MySite is successfully configured
2020-04-14 18:07:21,103 [1] INFO  MySite.Startup - ======================================================
2020-04-14 18:07:28,763 [7] DEBUG MySite.Services.FooterServices - Begin GET GetFooterAsync request
2020-04-14 18:07:28,844 [7] DEBUG MySite.Services.FooterServices - End GetFooterAsync request
2020-04-14 18:07:34,536 [12] DEBUG MySite.Controllers.WebAuthController - Begin QUICK-LOGIN-WEB request
2020-04-14 18:07:34,544 [12] DEBUG MySite.Controllers.WebAuthController - QUICK-LOGIN-WEB Returned Model encrypted = {"Code":0,"Msg":null,"TokenKey":null,"ReturnUrl":null,"Data":{"Id":0,"UserName":null,"Email":null,"FullName":null,"DisplayName":null,"Avatar":null,"PhoneNumber":null,"CreatedDateUtc":null,"TokenKey":null,"TokenCreatedDate":null,"TokenExpiredDate":null,"LoginDurations":0,"OTPType":null}}
2020-04-14 18:07:38,423 [11] DEBUG MySite.Controllers.WebAuthController - Begin QUICK-LOGIN-WEB request
2020-04-14 18:07:38,424 [11] DEBUG MySite.Controllers.WebAuthController - QUICK-LOGIN-WEB Returned Model encrypted = {"Code":0,"Msg":null,"TokenKey":null,"ReturnUrl":null,"Data":{"Id":0,"UserName":null,"Email":null,"FullName":null,"DisplayName":null,"Avatar":null,"PhoneNumber":null,"CreatedDateUtc":null,"TokenKey":null,"TokenCreatedDate":null,"TokenExpiredDate":null,"LoginDurations":0,"OTPType":null}}
2020-04-14 18:07:42,447 [12] DEBUG MySite.Controllers.WebAuthController - Ended QUICK-LOGIN-WEB request
2020-04-14 18:07:43,485 [14] DEBUG MySite.Services.FooterServices - Begin GET GetFooterAsync request
2020-04-14 18:07:43,514 [11] DEBUG MySite.Controllers.WebAuthController - Ended QUICK-LOGIN-WEB request
2020-04-14 18:07:43,531 [14] DEBUG MySite.Services.FooterServices - End GetFooterAsync request
2020-04-14 18:07:53,841 [11] DEBUG MySite.Services.FooterServices - Begin GET GetFooterAsync request
2020-04-14 18:07:53,847 [11] DEBUG MySite.Services.FooterServices - End GetFooterAsync request
2020-04-14 18:08:12,135 [11] DEBUG MySite.Services.FooterServices - Begin GET GetFooterAsync request
2020-04-14 18:08:12,141 [11] DEBUG MySite.Services.FooterServices - End GetFooterAsync request
2020-04-14 18:09:00,842 [30] DEBUG MySite.Services.ApplicationServices - Begin PUT SendCvAsync request
2020-04-14 18:09:06,869 [30] DEBUG MySite.Services.ApplicationServices - End SendCvAsync request
2020-04-14 18:09:08,719 [23] DEBUG MySite.Services.FooterServices - Begin GET GetFooterAsync request
2020-04-14 18:09:08,729 [23] DEBUG MySite.Services.FooterServices - End GetFooterAsync request
2020-04-14 20:12:09,118 [1] INFO  MySite.Startup - ======================================================
2020-04-14 20:12:09,131 [1] INFO  MySite.Startup - MySite is starting up
2020-04-14 20:12:09,131 [1] INFO  MySite.Startup - ======================================================
2020-04-14 20:12:09,246 [1] INFO  MySite.Startup - ======================================================
2020-04-14 20:12:09,247 [1] INFO  MySite.Startup - MySite is successfully configured
2020-04-14 20:12:09,247 [1] INFO  MySite.Startup - ======================================================
2020-04-14 20:12:21,802 [9] DEBUG MySite.Services.FooterServices - Begin GET GetFooterAsync request
2020-04-14 20:12:21,876 [9] DEBUG MySite.Services.FooterServices - End GetFooterAsync request
2020-04-14 20:20:15,252 [36] DEBUG MySite.Services.FooterServices - Begin GET GetFooterAsync request
2020-04-14 20:20:15,260 [36] DEBUG MySite.Services.FooterServices - End GetFooterAsync request
2020-04-14 21:43:50,169 [1] INFO  MySite.Startup - ======================================================
2020-04-14 21:43:50,180 [1] INFO  MySite.Startup - MySite is starting up
2020-04-14 21:43:50,181 [1] INFO  MySite.Startup - ======================================================
2020-04-14 21:43:50,323 [1] INFO  MySite.Startup - ======================================================
2020-04-14 21:43:50,324 [1] INFO  MySite.Startup - MySite is successfully configured
2020-04-14 21:43:50,325 [1] INFO  MySite.Startup - ======================================================
2020-04-14 21:43:53,064 [8] DEBUG MySite.Services.FooterServices - Begin GET GetFooterAsync request
2020-04-14 21:43:53,138 [8] DEBUG MySite.Services.FooterServices - End GetFooterAsync request
2020-04-14 21:44:06,147 [11] DEBUG MySite.Controllers.WebAuthController - Begin QUICK-LOGIN-WEB request
2020-04-14 21:44:06,153 [11] DEBUG MySite.Controllers.WebAuthController - QUICK-LOGIN-WEB Returned Model encrypted = {"Code":0,"Msg":null,"TokenKey":null,"ReturnUrl":null,"Data":{"Id":0,"UserName":null,"Email":null,"FullName":null,"DisplayName":null,"Avatar":null,"PhoneNumber":null,"CreatedDateUtc":null,"TokenKey":null,"TokenCreatedDate":null,"TokenExpiredDate":null,"LoginDurations":0,"OTPType":null}}
2020-04-14 21:44:08,481 [11] DEBUG MySite.Controllers.WebAuthController - Ended QUICK-LOGIN-WEB request
2020-04-14 21:44:09,514 [29] DEBUG MySite.Services.FooterServices - Begin GET GetFooterAsync request
2020-04-14 21:44:09,520 [29] DEBUG MySite.Services.FooterServices - End GetFooterAsync request
2020-04-14 21:44:21,967 [31] DEBUG MySite.Services.FooterServices - Begin GET GetFooterAsync request
2020-04-14 21:44:21,972 [31] DEBUG MySite.Services.FooterServices - End GetFooterAsync request
2020-04-14 21:45:22,001 [29] DEBUG MySite.Services.FooterServices - Begin GET GetFooterAsync request
2020-04-14 21:45:22,007 [29] DEBUG MySite.Services.FooterServices - End GetFooterAsync request
2020-04-14 21:45:32,565 [27] DEBUG MySite.Services.ApplicationServices - Begin PUT SendCvAsync request
2020-04-14 21:45:33,743 [27] DEBUG MySite.Services.ApplicationServices - End SendCvAsync request
2020-04-14 21:45:36,504 [28] DEBUG MySite.Services.FooterServices - Begin GET GetFooterAsync request
2020-04-14 21:45:36,509 [28] DEBUG MySite.Services.FooterServices - End GetFooterAsync request
2020-04-14 22:08:51,479 [1] INFO  MySite.Startup - ======================================================
2020-04-14 22:08:51,480 [1] INFO  MySite.Startup - MySite is starting up
2020-04-14 22:08:51,481 [1] INFO  MySite.Startup - ======================================================
2020-04-14 22:08:51,585 [1] INFO  MySite.Startup - ======================================================
2020-04-14 22:08:51,586 [1] INFO  MySite.Startup - MySite is successfully configured
2020-04-14 22:08:51,587 [1] INFO  MySite.Startup - ======================================================
2020-04-14 22:08:53,181 [9] DEBUG MySite.Services.FooterServices - Begin GET GetFooterAsync request
2020-04-14 22:08:53,257 [9] DEBUG MySite.Services.FooterServices - End GetFooterAsync request
