2019-08-16 13:46:23,803 [1] INFO  SingleSignOn.Startup - ======================================================
2019-08-16 13:46:23,819 [1] INFO  SingleSignOn.Startup - SingleSignOn is starting up
2019-08-16 13:46:23,820 [1] INFO  SingleSignOn.Startup - ======================================================
2019-08-16 13:46:23,973 [1] INFO  SingleSignOn.Startup - ======================================================
2019-08-16 13:46:23,974 [1] INFO  SingleSignOn.Startup - SingleSignOn is successfully configured
2019-08-16 13:46:23,975 [1] INFO  SingleSignOn.Startup - ======================================================
2019-08-16 13:47:54,824 [15] INFO  SingleSignOn.Startup - ======================================================
2019-08-16 13:47:54,836 [15] INFO  SingleSignOn.Startup - SingleSignOn is starting up
2019-08-16 13:47:54,836 [15] INFO  SingleSignOn.Startup - ======================================================
2019-08-16 13:47:55,006 [15] INFO  SingleSignOn.Startup - ======================================================
2019-08-16 13:47:55,007 [15] INFO  SingleSignOn.Startup - SingleSignOn is successfully configured
2019-08-16 13:47:55,008 [15] INFO  SingleSignOn.Startup - ======================================================
2019-08-16 13:48:59,249 [32] INFO  SingleSignOn.Startup - ======================================================
2019-08-16 13:48:59,262 [32] INFO  SingleSignOn.Startup - SingleSignOn is starting up
2019-08-16 13:48:59,263 [32] INFO  SingleSignOn.Startup - ======================================================
2019-08-16 13:48:59,442 [32] INFO  SingleSignOn.Startup - ======================================================
2019-08-16 13:48:59,443 [32] INFO  SingleSignOn.Startup - SingleSignOn is successfully configured
2019-08-16 13:48:59,445 [32] INFO  SingleSignOn.Startup - ======================================================
2019-08-16 13:51:22,102 [20] DEBUG SingleSignOn.Controllers.ApiAuthController - Begin GetListUserInfo request
2019-08-16 13:52:12,840 [20] DEBUG SingleSignOn.Controllers.ApiAuthController - Method GetListUserInfo Returned Model encrypted = {"Code":0,"Msg":"Success","TokenKey":null,"Data":[{"Id":1,"Email":null,"PhoneNumber":null,"EmailConfirmed":false,"PhoneNumberConfirmed":false,"LockoutEnabled":true,"LockoutEndDate":null,"UserName":"1753398551373076","CreatedDateUtc":null,"FullName":null,"DisplayName":"Vu Luong B?ng","Avatar":"http://192.168.2.48:7070/Content/ShowImage?url=Avatars/1_1539328575.jpg","OTPType":null,"Birthday":null,"Sex":0,"Address":null,"IDCard":null,"Note":null,"SocialProvider":null,"TokenKey":null,"TokenCreatedDate":null,"TokenExpiredDate":null,"Roles":[],"MetaData":{"UserId":0,"FollowingCount":0,"MessageCount":0,"LikePostCount":0,"FollowerCount":0,"PostCount":0,"PhotoCount":0}}]}
2019-08-16 13:52:12,853 [20] DEBUG SingleSignOn.Controllers.ApiAuthController - Ended Method GetListUserInfo request
2019-08-16 13:53:04,598 [10] DEBUG SingleSignOn.Controllers.ApiAuthController - Begin GetListUserInfo request
2019-08-16 13:53:06,779 [10] DEBUG SingleSignOn.Controllers.ApiAuthController - Method GetListUserInfo Returned Model encrypted = {"Code":0,"Msg":null,"TokenKey":null,"Data":[{"Id":1,"Email":null,"PhoneNumber":null,"EmailConfirmed":false,"PhoneNumberConfirmed":false,"LockoutEnabled":true,"LockoutEndDate":null,"UserName":"1753398551373076","CreatedDateUtc":null,"FullName":null,"DisplayName":"Vu Luong B?ng","Avatar":"http://192.168.2.48:7070/Content/ShowImage?url=Avatars/1_1539328575.jpg","OTPType":null,"Birthday":null,"Sex":0,"Address":null,"IDCard":null,"Note":null,"SocialProvider":null,"TokenKey":null,"TokenCreatedDate":null,"TokenExpiredDate":null,"Roles":[],"MetaData":{"UserId":0,"FollowingCount":0,"MessageCount":0,"LikePostCount":0,"FollowerCount":0,"PostCount":0,"PhotoCount":0}}]}
2019-08-16 13:53:06,780 [10] DEBUG SingleSignOn.Controllers.ApiAuthController - Ended Method GetListUserInfo request
2019-08-16 13:53:16,853 [39] DEBUG SingleSignOn.Controllers.ApiAuthController - Begin GetListUserInfo request
2019-08-16 13:53:16,855 [39] DEBUG SingleSignOn.Controllers.ApiAuthController - Method GetListUserInfo Returned Model encrypted = {"Code":0,"Msg":null,"TokenKey":null,"Data":[{"Id":1,"Email":null,"PhoneNumber":null,"EmailConfirmed":false,"PhoneNumberConfirmed":false,"LockoutEnabled":true,"LockoutEndDate":null,"UserName":"1753398551373076","CreatedDateUtc":null,"FullName":null,"DisplayName":"Vu Luong B?ng","Avatar":"http://192.168.2.48:7070/Content/ShowImage?url=Avatars/1_1539328575.jpg","OTPType":null,"Birthday":null,"Sex":0,"Address":null,"IDCard":null,"Note":null,"SocialProvider":null,"TokenKey":null,"TokenCreatedDate":null,"TokenExpiredDate":null,"Roles":[],"MetaData":{"UserId":0,"FollowingCount":0,"MessageCount":0,"LikePostCount":0,"FollowerCount":0,"PostCount":0,"PhotoCount":0}}]}
2019-08-16 13:53:16,855 [39] DEBUG SingleSignOn.Controllers.ApiAuthController - Ended Method GetListUserInfo request
2019-08-16 13:54:15,968 [44] DEBUG SingleSignOn.Controllers.ApiAuthController - Begin GetListUserInfo request
2019-08-16 13:54:15,969 [44] DEBUG SingleSignOn.Controllers.ApiAuthController - Method GetListUserInfo Returned Model encrypted = {"Code":0,"Msg":null,"TokenKey":null,"Data":[{"Id":1,"Email":null,"PhoneNumber":null,"EmailConfirmed":false,"PhoneNumberConfirmed":false,"LockoutEnabled":true,"LockoutEndDate":null,"UserName":"1753398551373076","CreatedDateUtc":null,"FullName":null,"DisplayName":"Vu Luong B?ng","Avatar":"http://192.168.2.48:7070/Content/ShowImage?url=Avatars/1_1539328575.jpg","OTPType":null,"Birthday":null,"Sex":0,"Address":null,"IDCard":null,"Note":null,"SocialProvider":null,"TokenKey":null,"TokenCreatedDate":null,"TokenExpiredDate":null,"Roles":[],"MetaData":{"UserId":0,"FollowingCount":0,"MessageCount":0,"LikePostCount":0,"FollowerCount":0,"PostCount":0,"PhotoCount":0}}]}
2019-08-16 13:54:15,970 [44] DEBUG SingleSignOn.Controllers.ApiAuthController - Ended Method GetListUserInfo request
2019-08-16 13:59:58,060 [54] DEBUG SingleSignOn.Controllers.ApiAuthController - Begin GetListUserInfo request
2019-08-16 13:59:58,061 [54] DEBUG SingleSignOn.Controllers.ApiAuthController - Method GetListUserInfo Returned Model encrypted = {"Code":0,"Msg":null,"TokenKey":null,"Data":[{"Id":1,"Email":null,"PhoneNumber":null,"EmailConfirmed":false,"PhoneNumberConfirmed":false,"LockoutEnabled":true,"LockoutEndDate":null,"UserName":"1753398551373076","CreatedDateUtc":null,"FullName":null,"DisplayName":"Vu Luong B?ng","Avatar":"http://192.168.2.48:7070/Content/ShowImage?url=Avatars/1_1539328575.jpg","OTPType":null,"Birthday":null,"Sex":0,"Address":null,"IDCard":null,"Note":null,"SocialProvider":null,"TokenKey":null,"TokenCreatedDate":null,"TokenExpiredDate":null,"Roles":[],"MetaData":{"UserId":0,"FollowingCount":0,"MessageCount":0,"LikePostCount":0,"FollowerCount":0,"PostCount":0,"PhotoCount":0}}]}
2019-08-16 13:59:58,062 [54] DEBUG SingleSignOn.Controllers.ApiAuthController - Ended Method GetListUserInfo request
2019-08-16 14:01:33,659 [1] INFO  SingleSignOn.Startup - ======================================================
2019-08-16 14:01:33,661 [1] INFO  SingleSignOn.Startup - SingleSignOn is starting up
2019-08-16 14:01:33,662 [1] INFO  SingleSignOn.Startup - ======================================================
2019-08-16 14:01:33,803 [1] INFO  SingleSignOn.Startup - ======================================================
2019-08-16 14:01:33,804 [1] INFO  SingleSignOn.Startup - SingleSignOn is successfully configured
2019-08-16 14:01:33,805 [1] INFO  SingleSignOn.Startup - ======================================================
2019-08-16 14:01:35,590 [54] DEBUG SingleSignOn.Controllers.ApiAuthController - Begin GetListUserInfo request
2019-08-16 14:01:35,672 [54] DEBUG SingleSignOn.Controllers.ApiAuthController - Method GetListUserInfo Returned Model encrypted = {"Code":0,"Msg":null,"TokenKey":null,"Data":[{"Id":1,"Email":null,"PhoneNumber":null,"EmailConfirmed":false,"PhoneNumberConfirmed":false,"LockoutEnabled":true,"LockoutEndDate":null,"UserName":"1753398551373076","CreatedDateUtc":null,"FullName":null,"DisplayName":"Vu Luong B?ng","Avatar":"http://192.168.2.48:7070/Content/ShowImage?url=Avatars/1_1539328575.jpg","OTPType":null,"Birthday":null,"Sex":0,"Address":null,"IDCard":null,"Note":null,"SocialProvider":null,"TokenKey":null,"TokenCreatedDate":null,"TokenExpiredDate":null,"Roles":[],"MetaData":{"UserId":0,"FollowingCount":0,"MessageCount":0,"LikePostCount":0,"FollowerCount":0,"PostCount":0,"PhotoCount":0}}]}
2019-08-16 14:01:35,673 [54] DEBUG SingleSignOn.Controllers.ApiAuthController - Ended Method GetListUserInfo request
2019-08-16 14:01:42,728 [70] DEBUG SingleSignOn.Controllers.ApiAuthController - Begin GetListUserInfo request
2019-08-16 14:01:42,899 [70] DEBUG SingleSignOn.Controllers.ApiAuthController - Method GetListUserInfo Returned Model encrypted = {"Code":0,"Msg":"Success","TokenKey":null,"Data":[{"Id":1,"Email":null,"PhoneNumber":null,"EmailConfirmed":false,"PhoneNumberConfirmed":false,"LockoutEnabled":true,"LockoutEndDate":null,"UserName":"1753398551373076","CreatedDateUtc":null,"FullName":null,"DisplayName":"Vu Luong B?ng","Avatar":"http://localhost:3434/Content/ShowImage?url=Avatars/1_1539328575.jpg","OTPType":null,"Birthday":null,"Sex":0,"Address":null,"IDCard":null,"Note":null,"SocialProvider":null,"TokenKey":null,"TokenCreatedDate":null,"TokenExpiredDate":null,"Roles":[],"MetaData":{"UserId":0,"FollowingCount":0,"MessageCount":0,"LikePostCount":0,"FollowerCount":0,"PostCount":0,"PhotoCount":0}}]}
2019-08-16 14:01:42,900 [70] DEBUG SingleSignOn.Controllers.ApiAuthController - Ended Method GetListUserInfo request
2019-08-16 14:01:45,961 [74] DEBUG SingleSignOn.Controllers.ApiAuthController - Begin GetListUserInfo request
2019-08-16 14:01:45,963 [74] DEBUG SingleSignOn.Controllers.ApiAuthController - Method GetListUserInfo Returned Model encrypted = {"Code":0,"Msg":null,"TokenKey":null,"Data":[{"Id":1,"Email":null,"PhoneNumber":null,"EmailConfirmed":false,"PhoneNumberConfirmed":false,"LockoutEnabled":true,"LockoutEndDate":null,"UserName":"1753398551373076","CreatedDateUtc":null,"FullName":null,"DisplayName":"Vu Luong B?ng","Avatar":"http://localhost:3434/Content/ShowImage?url=Avatars/1_1539328575.jpg","OTPType":null,"Birthday":null,"Sex":0,"Address":null,"IDCard":null,"Note":null,"SocialProvider":null,"TokenKey":null,"TokenCreatedDate":null,"TokenExpiredDate":null,"Roles":[],"MetaData":{"UserId":0,"FollowingCount":0,"MessageCount":0,"LikePostCount":0,"FollowerCount":0,"PostCount":0,"PhotoCount":0}}]}
2019-08-16 14:01:45,964 [74] DEBUG SingleSignOn.Controllers.ApiAuthController - Ended Method GetListUserInfo request
2019-08-16 14:01:46,787 [71] DEBUG SingleSignOn.Controllers.ApiAuthController - Begin GetListUserInfo request
2019-08-16 14:01:46,789 [71] DEBUG SingleSignOn.Controllers.ApiAuthController - Method GetListUserInfo Returned Model encrypted = {"Code":0,"Msg":null,"TokenKey":null,"Data":[{"Id":1,"Email":null,"PhoneNumber":null,"EmailConfirmed":false,"PhoneNumberConfirmed":false,"LockoutEnabled":true,"LockoutEndDate":null,"UserName":"1753398551373076","CreatedDateUtc":null,"FullName":null,"DisplayName":"Vu Luong B?ng","Avatar":"http://localhost:3434/Content/ShowImage?url=Avatars/1_1539328575.jpg","OTPType":null,"Birthday":null,"Sex":0,"Address":null,"IDCard":null,"Note":null,"SocialProvider":null,"TokenKey":null,"TokenCreatedDate":null,"TokenExpiredDate":null,"Roles":[],"MetaData":{"UserId":0,"FollowingCount":0,"MessageCount":0,"LikePostCount":0,"FollowerCount":0,"PostCount":0,"PhotoCount":0}}]}
2019-08-16 14:01:46,790 [71] DEBUG SingleSignOn.Controllers.ApiAuthController - Ended Method GetListUserInfo request
2019-08-16 14:09:18,890 [97] DEBUG SingleSignOn.Controllers.ApiAuthController - Begin GetListUserInfo request
2019-08-16 14:09:18,921 [97] DEBUG SingleSignOn.Controllers.ApiAuthController - Method GetListUserInfo Returned Model encrypted = {"Code":0,"Msg":"Success","TokenKey":null,"Data":[{"Id":1,"Email":null,"PhoneNumber":null,"EmailConfirmed":false,"PhoneNumberConfirmed":false,"LockoutEnabled":true,"LockoutEndDate":null,"UserName":"1753398551373076","CreatedDateUtc":null,"FullName":null,"DisplayName":"Vu Luong B?ng","Avatar":"http://localhost:3434/Content/ShowImage?url=Avatars/1/1539328575.jpg","OTPType":null,"Birthday":null,"Sex":0,"Address":null,"IDCard":null,"Note":null,"SocialProvider":null,"TokenKey":null,"TokenCreatedDate":null,"TokenExpiredDate":null,"Roles":[],"MetaData":{"UserId":0,"FollowingCount":0,"MessageCount":0,"LikePostCount":0,"FollowerCount":0,"PostCount":0,"PhotoCount":0}}]}
2019-08-16 14:09:18,922 [97] DEBUG SingleSignOn.Controllers.ApiAuthController - Ended Method GetListUserInfo request
2019-08-16 14:10:32,865 [97] DEBUG SingleSignOn.Controllers.ApiAuthController - Begin GetListUserInfo request
2019-08-16 14:10:32,867 [97] DEBUG SingleSignOn.Controllers.ApiAuthController - Method GetListUserInfo Returned Model encrypted = {"Code":0,"Msg":null,"TokenKey":null,"Data":[{"Id":1,"Email":null,"PhoneNumber":null,"EmailConfirmed":false,"PhoneNumberConfirmed":false,"LockoutEnabled":true,"LockoutEndDate":null,"UserName":"1753398551373076","CreatedDateUtc":null,"FullName":null,"DisplayName":"Vu Luong B?ng","Avatar":"http://localhost:3434/Content/ShowImage?url=Avatars/1/1539328575.jpg","OTPType":null,"Birthday":null,"Sex":0,"Address":null,"IDCard":null,"Note":null,"SocialProvider":null,"TokenKey":null,"TokenCreatedDate":null,"TokenExpiredDate":null,"Roles":[],"MetaData":{"UserId":0,"FollowingCount":0,"MessageCount":0,"LikePostCount":0,"FollowerCount":0,"PostCount":0,"PhotoCount":0}}]}
2019-08-16 14:10:32,871 [97] DEBUG SingleSignOn.Controllers.ApiAuthController - Ended Method GetListUserInfo request
2019-08-16 14:10:33,620 [106] DEBUG SingleSignOn.Controllers.ApiAuthController - Begin GetListUserInfo request
2019-08-16 14:10:33,622 [106] DEBUG SingleSignOn.Controllers.ApiAuthController - Method GetListUserInfo Returned Model encrypted = {"Code":0,"Msg":null,"TokenKey":null,"Data":[{"Id":1,"Email":null,"PhoneNumber":null,"EmailConfirmed":false,"PhoneNumberConfirmed":false,"LockoutEnabled":true,"LockoutEndDate":null,"UserName":"1753398551373076","CreatedDateUtc":null,"FullName":null,"DisplayName":"Vu Luong B?ng","Avatar":"http://localhost:3434/Content/ShowImage?url=Avatars/1/1539328575.jpg","OTPType":null,"Birthday":null,"Sex":0,"Address":null,"IDCard":null,"Note":null,"SocialProvider":null,"TokenKey":null,"TokenCreatedDate":null,"TokenExpiredDate":null,"Roles":[],"MetaData":{"UserId":0,"FollowingCount":0,"MessageCount":0,"LikePostCount":0,"FollowerCount":0,"PostCount":0,"PhotoCount":0}}]}
2019-08-16 14:10:33,623 [106] DEBUG SingleSignOn.Controllers.ApiAuthController - Ended Method GetListUserInfo request
2019-08-16 14:10:34,261 [105] DEBUG SingleSignOn.Controllers.ApiAuthController - Begin GetListUserInfo request
2019-08-16 14:10:34,263 [105] DEBUG SingleSignOn.Controllers.ApiAuthController - Method GetListUserInfo Returned Model encrypted = {"Code":0,"Msg":null,"TokenKey":null,"Data":[{"Id":1,"Email":null,"PhoneNumber":null,"EmailConfirmed":false,"PhoneNumberConfirmed":false,"LockoutEnabled":true,"LockoutEndDate":null,"UserName":"1753398551373076","CreatedDateUtc":null,"FullName":null,"DisplayName":"Vu Luong B?ng","Avatar":"http://localhost:3434/Content/ShowImage?url=Avatars/1/1539328575.jpg","OTPType":null,"Birthday":null,"Sex":0,"Address":null,"IDCard":null,"Note":null,"SocialProvider":null,"TokenKey":null,"TokenCreatedDate":null,"TokenExpiredDate":null,"Roles":[],"MetaData":{"UserId":0,"FollowingCount":0,"MessageCount":0,"LikePostCount":0,"FollowerCount":0,"PostCount":0,"PhotoCount":0}}]}
2019-08-16 14:10:34,264 [105] DEBUG SingleSignOn.Controllers.ApiAuthController - Ended Method GetListUserInfo request
2019-08-16 14:10:35,132 [105] DEBUG SingleSignOn.Controllers.ApiAuthController - Begin GetListUserInfo request
2019-08-16 14:10:35,134 [105] DEBUG SingleSignOn.Controllers.ApiAuthController - Method GetListUserInfo Returned Model encrypted = {"Code":0,"Msg":null,"TokenKey":null,"Data":[{"Id":1,"Email":null,"PhoneNumber":null,"EmailConfirmed":false,"PhoneNumberConfirmed":false,"LockoutEnabled":true,"LockoutEndDate":null,"UserName":"1753398551373076","CreatedDateUtc":null,"FullName":null,"DisplayName":"Vu Luong B?ng","Avatar":"http://localhost:3434/Content/ShowImage?url=Avatars/1/1539328575.jpg","OTPType":null,"Birthday":null,"Sex":0,"Address":null,"IDCard":null,"Note":null,"SocialProvider":null,"TokenKey":null,"TokenCreatedDate":null,"TokenExpiredDate":null,"Roles":[],"MetaData":{"UserId":0,"FollowingCount":0,"MessageCount":0,"LikePostCount":0,"FollowerCount":0,"PostCount":0,"PhotoCount":0}}]}
2019-08-16 14:10:35,134 [105] DEBUG SingleSignOn.Controllers.ApiAuthController - Ended Method GetListUserInfo request
2019-08-16 14:11:55,309 [106] DEBUG SingleSignOn.Controllers.ApiAuthController - Begin GetListUserInfo request
2019-08-16 14:11:55,310 [106] DEBUG SingleSignOn.Controllers.ApiAuthController - Method GetListUserInfo Returned Model encrypted = {"Code":0,"Msg":null,"TokenKey":null,"Data":[{"Id":1,"Email":null,"PhoneNumber":null,"EmailConfirmed":false,"PhoneNumberConfirmed":false,"LockoutEnabled":true,"LockoutEndDate":null,"UserName":"1753398551373076","CreatedDateUtc":null,"FullName":null,"DisplayName":"Vu Luong B?ng","Avatar":"http://localhost:3434/Content/ShowImage?url=Avatars/1/1539328575.jpg","OTPType":null,"Birthday":null,"Sex":0,"Address":null,"IDCard":null,"Note":null,"SocialProvider":null,"TokenKey":null,"TokenCreatedDate":null,"TokenExpiredDate":null,"Roles":[],"MetaData":{"UserId":0,"FollowingCount":0,"MessageCount":0,"LikePostCount":0,"FollowerCount":0,"PostCount":0,"PhotoCount":0}}]}
2019-08-16 14:11:55,310 [106] DEBUG SingleSignOn.Controllers.ApiAuthController - Ended Method GetListUserInfo request
2019-08-16 14:11:57,957 [106] DEBUG SingleSignOn.Controllers.ApiAuthController - Begin GetListUserInfo request
2019-08-16 14:11:57,961 [106] DEBUG SingleSignOn.Controllers.ApiAuthController - Method GetListUserInfo Returned Model encrypted = {"Code":0,"Msg":null,"TokenKey":null,"Data":[{"Id":1,"Email":null,"PhoneNumber":null,"EmailConfirmed":false,"PhoneNumberConfirmed":false,"LockoutEnabled":true,"LockoutEndDate":null,"UserName":"1753398551373076","CreatedDateUtc":null,"FullName":null,"DisplayName":"Vu Luong B?ng","Avatar":"http://localhost:3434/Content/ShowImage?url=Avatars/1/1539328575.jpg","OTPType":null,"Birthday":null,"Sex":0,"Address":null,"IDCard":null,"Note":null,"SocialProvider":null,"TokenKey":null,"TokenCreatedDate":null,"TokenExpiredDate":null,"Roles":[],"MetaData":{"UserId":0,"FollowingCount":0,"MessageCount":0,"LikePostCount":0,"FollowerCount":0,"PostCount":0,"PhotoCount":0}}]}
2019-08-16 14:11:57,966 [106] DEBUG SingleSignOn.Controllers.ApiAuthController - Ended Method GetListUserInfo request
2019-08-16 14:39:32,888 [1] INFO  SingleSignOn.Startup - ======================================================
2019-08-16 14:39:32,916 [1] INFO  SingleSignOn.Startup - SingleSignOn is starting up
2019-08-16 14:39:32,918 [1] INFO  SingleSignOn.Startup - ======================================================
2019-08-16 14:39:33,097 [1] INFO  SingleSignOn.Startup - ======================================================
2019-08-16 14:39:33,098 [1] INFO  SingleSignOn.Startup - SingleSignOn is successfully configured
2019-08-16 14:39:33,099 [1] INFO  SingleSignOn.Startup - ======================================================
2019-08-16 14:39:34,225 [9] DEBUG SingleSignOn.Controllers.ApiAuthController - Begin GetListUserInfo request
2019-08-16 14:39:34,383 [9] DEBUG SingleSignOn.Controllers.ApiAuthController - Method GetListUserInfo Returned Model encrypted = {"Code":0,"Msg":"Success","TokenKey":null,"Data":[{"Id":1,"Email":null,"PhoneNumber":null,"EmailConfirmed":false,"PhoneNumberConfirmed":false,"LockoutEnabled":true,"LockoutEndDate":null,"UserName":"1753398551373076","CreatedDateUtc":null,"FullName":null,"DisplayName":"Vu Luong B?ng","Avatar":"http://localhost:3434/Content/ShowImage?url=Avatars/1/1539328575.jpg","OTPType":null,"Birthday":null,"Sex":0,"Address":null,"IDCard":null,"Note":null,"SocialProvider":null,"TokenKey":null,"TokenCreatedDate":null,"TokenExpiredDate":null,"Roles":[],"MetaData":{"UserId":0,"FollowingCount":0,"MessageCount":0,"LikePostCount":0,"FollowerCount":0,"PostCount":0,"PhotoCount":0}}]}
2019-08-16 14:39:34,408 [9] DEBUG SingleSignOn.Controllers.ApiAuthController - Ended Method GetListUserInfo request
