2019-08-22 08:29:02,539 [1] INFO  SingleSignOn.Startup - ======================================================
2019-08-22 08:29:02,551 [1] INFO  SingleSignOn.Startup - SingleSignOn is starting up
2019-08-22 08:29:02,551 [1] INFO  SingleSignOn.Startup - ======================================================
2019-08-22 08:29:02,711 [1] INFO  SingleSignOn.Startup - ======================================================
2019-08-22 08:29:02,713 [1] INFO  SingleSignOn.Startup - SingleSignOn is successfully configured
2019-08-22 08:29:02,714 [1] INFO  SingleSignOn.Startup - ======================================================
2019-08-22 11:24:03,009 [1] INFO  SingleSignOn.Startup - ======================================================
2019-08-22 11:24:03,021 [1] INFO  SingleSignOn.Startup - SingleSignOn is starting up
2019-08-22 11:24:03,022 [1] INFO  SingleSignOn.Startup - ======================================================
2019-08-22 11:24:03,155 [1] INFO  SingleSignOn.Startup - ======================================================
2019-08-22 11:24:03,156 [1] INFO  SingleSignOn.Startup - SingleSignOn is successfully configured
2019-08-22 11:24:03,157 [1] INFO  SingleSignOn.Startup - ======================================================
2019-08-22 11:24:04,647 [9] DEBUG SingleSignOn.Controllers.ApiAuthController - Begin GetListUserInfo request
2019-08-22 11:24:04,832 [9] DEBUG SingleSignOn.Controllers.ApiAuthController - Method GetListUserInfo Returned Model encrypted = {"Code":0,"Msg":"Success","TokenKey":null,"Data":[{"Id":1,"Email":null,"PhoneNumber":null,"EmailConfirmed":false,"PhoneNumberConfirmed":false,"LockoutEnabled":true,"LockoutEndDate":null,"UserName":"1753398551373076","CreatedDateUtc":null,"FullName":"Vu Luong B?ng","DisplayName":"B?ng","Avatar":"http://localhost:3434/Content/ShowImage?url=Avatars/1/1539328575.jpg","OTPType":null,"Birthday":"1991-08-12T00:00:00","Sex":0,"Address":null,"IDCard":null,"Note":null,"SocialProvider":null,"TokenKey":null,"TokenCreatedDate":null,"TokenExpiredDate":null,"Roles":[],"MetaData":{"UserId":0,"FollowingCount":0,"MessageCount":0,"LikePostCount":0,"FollowerCount":0,"PostCount":0,"PhotoCount":0}}]}
2019-08-22 11:24:04,833 [9] DEBUG SingleSignOn.Controllers.ApiAuthController - Ended Method GetListUserInfo request
2019-08-22 11:25:37,001 [5] DEBUG SingleSignOn.Controllers.ApiAuthController - Begin GetListUserInfo request
2019-08-22 11:25:37,035 [5] DEBUG SingleSignOn.Controllers.ApiAuthController - Method GetListUserInfo Returned Model encrypted = {"Code":0,"Msg":null,"TokenKey":null,"Data":[{"Id":1,"Email":null,"PhoneNumber":null,"EmailConfirmed":false,"PhoneNumberConfirmed":false,"LockoutEnabled":true,"LockoutEndDate":null,"UserName":"1753398551373076","CreatedDateUtc":null,"FullName":"Vu Luong B?ng","DisplayName":"B?ng","Avatar":"http://localhost:3434/Content/ShowImage?url=Avatars/1/1539328575.jpg","OTPType":null,"Birthday":"1991-08-12T00:00:00","Sex":0,"Address":null,"IDCard":null,"Note":null,"SocialProvider":null,"TokenKey":null,"TokenCreatedDate":null,"TokenExpiredDate":null,"Roles":[],"MetaData":{"UserId":0,"FollowingCount":0,"MessageCount":0,"LikePostCount":0,"FollowerCount":0,"PostCount":0,"PhotoCount":0}}]}
2019-08-22 11:25:37,036 [5] DEBUG SingleSignOn.Controllers.ApiAuthController - Ended Method GetListUserInfo request
2019-08-22 11:27:57,525 [20] DEBUG SingleSignOn.Controllers.ApiAuthController - Begin GetListUserInfo request
2019-08-22 11:27:57,527 [20] DEBUG SingleSignOn.Controllers.ApiAuthController - Method GetListUserInfo Returned Model encrypted = {"Code":0,"Msg":null,"TokenKey":null,"Data":[{"Id":1,"Email":null,"PhoneNumber":null,"EmailConfirmed":false,"PhoneNumberConfirmed":false,"LockoutEnabled":true,"LockoutEndDate":null,"UserName":"1753398551373076","CreatedDateUtc":null,"FullName":"Vu Luong B?ng","DisplayName":"B?ng","Avatar":"http://localhost:3434/Content/ShowImage?url=Avatars/1/1539328575.jpg","OTPType":null,"Birthday":"1991-08-12T00:00:00","Sex":0,"Address":null,"IDCard":null,"Note":null,"SocialProvider":null,"TokenKey":null,"TokenCreatedDate":null,"TokenExpiredDate":null,"Roles":[],"MetaData":{"UserId":0,"FollowingCount":0,"MessageCount":0,"LikePostCount":0,"FollowerCount":0,"PostCount":0,"PhotoCount":0}}]}
2019-08-22 11:27:57,528 [20] DEBUG SingleSignOn.Controllers.ApiAuthController - Ended Method GetListUserInfo request
2019-08-22 11:28:00,549 [8] DEBUG SingleSignOn.Controllers.ApiAuthController - Begin GetListUserInfo request
2019-08-22 11:28:00,550 [8] DEBUG SingleSignOn.Controllers.ApiAuthController - Method GetListUserInfo Returned Model encrypted = {"Code":0,"Msg":null,"TokenKey":null,"Data":[{"Id":1,"Email":null,"PhoneNumber":null,"EmailConfirmed":false,"PhoneNumberConfirmed":false,"LockoutEnabled":true,"LockoutEndDate":null,"UserName":"1753398551373076","CreatedDateUtc":null,"FullName":"Vu Luong B?ng","DisplayName":"B?ng","Avatar":"http://localhost:3434/Content/ShowImage?url=Avatars/1/1539328575.jpg","OTPType":null,"Birthday":"1991-08-12T00:00:00","Sex":0,"Address":null,"IDCard":null,"Note":null,"SocialProvider":null,"TokenKey":null,"TokenCreatedDate":null,"TokenExpiredDate":null,"Roles":[],"MetaData":{"UserId":0,"FollowingCount":0,"MessageCount":0,"LikePostCount":0,"FollowerCount":0,"PostCount":0,"PhotoCount":0}}]}
2019-08-22 11:28:00,551 [8] DEBUG SingleSignOn.Controllers.ApiAuthController - Ended Method GetListUserInfo request
2019-08-22 11:28:04,818 [12] DEBUG SingleSignOn.Controllers.ApiAuthController - Begin GetListUserInfo request
2019-08-22 11:28:04,819 [12] DEBUG SingleSignOn.Controllers.ApiAuthController - Method GetListUserInfo Returned Model encrypted = {"Code":0,"Msg":null,"TokenKey":null,"Data":[{"Id":1,"Email":null,"PhoneNumber":null,"EmailConfirmed":false,"PhoneNumberConfirmed":false,"LockoutEnabled":true,"LockoutEndDate":null,"UserName":"1753398551373076","CreatedDateUtc":null,"FullName":"Vu Luong B?ng","DisplayName":"B?ng","Avatar":"http://localhost:3434/Content/ShowImage?url=Avatars/1/1539328575.jpg","OTPType":null,"Birthday":"1991-08-12T00:00:00","Sex":0,"Address":null,"IDCard":null,"Note":null,"SocialProvider":null,"TokenKey":null,"TokenCreatedDate":null,"TokenExpiredDate":null,"Roles":[],"MetaData":{"UserId":0,"FollowingCount":0,"MessageCount":0,"LikePostCount":0,"FollowerCount":0,"PostCount":0,"PhotoCount":0}}]}
2019-08-22 11:28:04,820 [12] DEBUG SingleSignOn.Controllers.ApiAuthController - Ended Method GetListUserInfo request
2019-08-22 11:37:26,380 [30] DEBUG SingleSignOn.Controllers.ApiAuthController - Begin GetListUserInfo request
2019-08-22 11:37:26,381 [30] DEBUG SingleSignOn.Controllers.ApiAuthController - Method GetListUserInfo Returned Model encrypted = {"Code":0,"Msg":null,"TokenKey":null,"Data":[{"Id":1,"Email":null,"PhoneNumber":null,"EmailConfirmed":false,"PhoneNumberConfirmed":false,"LockoutEnabled":true,"LockoutEndDate":null,"UserName":"1753398551373076","CreatedDateUtc":null,"FullName":"Vu Luong B?ng","DisplayName":"B?ng","Avatar":"http://localhost:3434/Content/ShowImage?url=Avatars/1/1539328575.jpg","OTPType":null,"Birthday":"1991-08-12T00:00:00","Sex":0,"Address":null,"IDCard":null,"Note":null,"SocialProvider":null,"TokenKey":null,"TokenCreatedDate":null,"TokenExpiredDate":null,"Roles":[],"MetaData":{"UserId":0,"FollowingCount":0,"MessageCount":0,"LikePostCount":0,"FollowerCount":0,"PostCount":0,"PhotoCount":0}}]}
2019-08-22 11:37:26,382 [30] DEBUG SingleSignOn.Controllers.ApiAuthController - Ended Method GetListUserInfo request
2019-08-22 11:37:29,156 [31] DEBUG SingleSignOn.Controllers.ApiAuthController - Begin GetListUserInfo request
2019-08-22 11:37:29,157 [31] DEBUG SingleSignOn.Controllers.ApiAuthController - Method GetListUserInfo Returned Model encrypted = {"Code":0,"Msg":null,"TokenKey":null,"Data":[{"Id":1,"Email":null,"PhoneNumber":null,"EmailConfirmed":false,"PhoneNumberConfirmed":false,"LockoutEnabled":true,"LockoutEndDate":null,"UserName":"1753398551373076","CreatedDateUtc":null,"FullName":"Vu Luong B?ng","DisplayName":"B?ng","Avatar":"http://localhost:3434/Content/ShowImage?url=Avatars/1/1539328575.jpg","OTPType":null,"Birthday":"1991-08-12T00:00:00","Sex":0,"Address":null,"IDCard":null,"Note":null,"SocialProvider":null,"TokenKey":null,"TokenCreatedDate":null,"TokenExpiredDate":null,"Roles":[],"MetaData":{"UserId":0,"FollowingCount":0,"MessageCount":0,"LikePostCount":0,"FollowerCount":0,"PostCount":0,"PhotoCount":0}}]}
2019-08-22 11:37:29,157 [31] DEBUG SingleSignOn.Controllers.ApiAuthController - Ended Method GetListUserInfo request
2019-08-22 16:37:41,619 [1] INFO  SingleSignOn.Startup - ======================================================
2019-08-22 16:37:41,620 [1] INFO  SingleSignOn.Startup - SingleSignOn is starting up
2019-08-22 16:37:41,621 [1] INFO  SingleSignOn.Startup - ======================================================
2019-08-22 16:37:41,698 [1] INFO  SingleSignOn.Startup - ======================================================
2019-08-22 16:37:41,699 [1] INFO  SingleSignOn.Startup - SingleSignOn is successfully configured
2019-08-22 16:37:41,700 [1] INFO  SingleSignOn.Startup - ======================================================
2019-08-22 16:37:51,157 [8] DEBUG SingleSignOn.Controllers.WebAuthController - Begin LOGIN-WEB request
2019-08-22 16:37:51,991 [15] DEBUG SingleSignOn.Controllers.WebAuthController - LOGIN-WEB Returned Model encrypted = {"Code":201,"Msg":"Your Username or Password are incorrect","TokenKey":null,"URLReturn":null,"Data":{"Id":0,"UserName":null,"Email":null,"FullName":null,"DisplayName":null,"Avatar":null,"PhoneNumber":null,"CreatedDateUtc":null,"TokenKey":null,"TokenCreatedDate":null,"TokenExpiredDate":null,"LoginDurations":0,"OTPType":null}}
2019-08-22 16:37:51,992 [15] DEBUG SingleSignOn.Controllers.WebAuthController - Ended LOGIN-WEB request
2019-08-22 16:37:53,275 [14] DEBUG SingleSignOn.Controllers.WebAuthController - Begin LOGIN-WEB request
2019-08-22 16:37:53,278 [9] DEBUG SingleSignOn.Controllers.WebAuthController - LOGIN-WEB Returned Model encrypted = {"Code":201,"Msg":"Your Username or Password are incorrect","TokenKey":null,"URLReturn":null,"Data":{"Id":0,"UserName":null,"Email":null,"FullName":null,"DisplayName":null,"Avatar":null,"PhoneNumber":null,"CreatedDateUtc":null,"TokenKey":null,"TokenCreatedDate":null,"TokenExpiredDate":null,"LoginDurations":0,"OTPType":null}}
2019-08-22 16:37:53,279 [9] DEBUG SingleSignOn.Controllers.WebAuthController - Ended LOGIN-WEB request
2019-08-22 16:37:53,747 [14] DEBUG SingleSignOn.Controllers.WebAuthController - Begin LOGIN-WEB request
2019-08-22 16:37:53,749 [15] DEBUG SingleSignOn.Controllers.WebAuthController - LOGIN-WEB Returned Model encrypted = {"Code":201,"Msg":"Your Username or Password are incorrect","TokenKey":null,"URLReturn":null,"Data":{"Id":0,"UserName":null,"Email":null,"FullName":null,"DisplayName":null,"Avatar":null,"PhoneNumber":null,"CreatedDateUtc":null,"TokenKey":null,"TokenCreatedDate":null,"TokenExpiredDate":null,"LoginDurations":0,"OTPType":null}}
2019-08-22 16:37:53,749 [15] DEBUG SingleSignOn.Controllers.WebAuthController - Ended LOGIN-WEB request
2019-08-22 16:38:41,032 [11] DEBUG SingleSignOn.Controllers.WebAuthController - Begin LOGIN-WEB request
2019-08-22 16:38:41,040 [8] DEBUG SingleSignOn.Controllers.WebAuthController - LOGIN-WEB Returned Model encrypted = {"Code":201,"Msg":"Your Username or Password are incorrect","TokenKey":null,"URLReturn":null,"Data":{"Id":0,"UserName":null,"Email":null,"FullName":null,"DisplayName":null,"Avatar":null,"PhoneNumber":null,"CreatedDateUtc":null,"TokenKey":null,"TokenCreatedDate":null,"TokenExpiredDate":null,"LoginDurations":0,"OTPType":null}}
2019-08-22 16:38:41,041 [8] DEBUG SingleSignOn.Controllers.WebAuthController - Ended LOGIN-WEB request
2019-08-22 16:38:44,597 [15] DEBUG SingleSignOn.Controllers.WebAuthController - Begin LOGIN-WEB request
2019-08-22 16:38:44,601 [10] DEBUG SingleSignOn.Controllers.WebAuthController - LOGIN-WEB Returned Model encrypted = {"Code":201,"Msg":"Your Username or Password are incorrect","TokenKey":null,"URLReturn":null,"Data":{"Id":0,"UserName":null,"Email":null,"FullName":null,"DisplayName":null,"Avatar":null,"PhoneNumber":null,"CreatedDateUtc":null,"TokenKey":null,"TokenCreatedDate":null,"TokenExpiredDate":null,"LoginDurations":0,"OTPType":null}}
2019-08-22 16:38:44,602 [10] DEBUG SingleSignOn.Controllers.WebAuthController - Ended LOGIN-WEB request
2019-08-22 16:38:48,923 [15] DEBUG SingleSignOn.Controllers.WebAuthController - Begin LOGIN-WEB request
2019-08-22 16:38:48,926 [11] DEBUG SingleSignOn.Controllers.WebAuthController - LOGIN-WEB Returned Model encrypted = {"Code":201,"Msg":"Your Username or Password are incorrect","TokenKey":null,"URLReturn":null,"Data":{"Id":0,"UserName":null,"Email":null,"FullName":null,"DisplayName":null,"Avatar":null,"PhoneNumber":null,"CreatedDateUtc":null,"TokenKey":null,"TokenCreatedDate":null,"TokenExpiredDate":null,"LoginDurations":0,"OTPType":null}}
2019-08-22 16:38:48,927 [11] DEBUG SingleSignOn.Controllers.WebAuthController - Ended LOGIN-WEB request
2019-08-22 16:38:52,580 [9] DEBUG SingleSignOn.Controllers.WebAuthController - Begin LOGIN-WEB request
2019-08-22 16:38:52,582 [15] DEBUG SingleSignOn.Controllers.WebAuthController - LOGIN-WEB Returned Model encrypted = {"Code":201,"Msg":"Your Username or Password are incorrect","TokenKey":null,"URLReturn":null,"Data":{"Id":0,"UserName":null,"Email":null,"FullName":null,"DisplayName":null,"Avatar":null,"PhoneNumber":null,"CreatedDateUtc":null,"TokenKey":null,"TokenCreatedDate":null,"TokenExpiredDate":null,"LoginDurations":0,"OTPType":null}}
2019-08-22 16:38:52,584 [15] DEBUG SingleSignOn.Controllers.WebAuthController - Ended LOGIN-WEB request
2019-08-22 16:38:56,183 [9] DEBUG SingleSignOn.Controllers.WebAuthController - Begin LOGIN-WEB request
2019-08-22 16:38:56,186 [13] DEBUG SingleSignOn.Controllers.WebAuthController - LOGIN-WEB Returned Model encrypted = {"Code":201,"Msg":"Your Username or Password are incorrect","TokenKey":null,"URLReturn":null,"Data":{"Id":0,"UserName":null,"Email":null,"FullName":null,"DisplayName":null,"Avatar":null,"PhoneNumber":null,"CreatedDateUtc":null,"TokenKey":null,"TokenCreatedDate":null,"TokenExpiredDate":null,"LoginDurations":0,"OTPType":null}}
2019-08-22 16:38:56,188 [13] DEBUG SingleSignOn.Controllers.WebAuthController - Ended LOGIN-WEB request
2019-08-22 16:38:59,876 [11] DEBUG SingleSignOn.Controllers.WebAuthController - Begin LOGIN-WEB request
2019-08-22 16:38:59,879 [10] DEBUG SingleSignOn.Controllers.WebAuthController - LOGIN-WEB Returned Model encrypted = {"Code":201,"Msg":"Your Username or Password are incorrect","TokenKey":null,"URLReturn":null,"Data":{"Id":0,"UserName":null,"Email":null,"FullName":null,"DisplayName":null,"Avatar":null,"PhoneNumber":null,"CreatedDateUtc":null,"TokenKey":null,"TokenCreatedDate":null,"TokenExpiredDate":null,"LoginDurations":0,"OTPType":null}}
2019-08-22 16:38:59,881 [10] DEBUG SingleSignOn.Controllers.WebAuthController - Ended LOGIN-WEB request
2019-08-22 16:39:04,093 [13] DEBUG SingleSignOn.Controllers.WebAuthController - Begin LOGIN-WEB request
2019-08-22 16:39:04,097 [11] DEBUG SingleSignOn.Controllers.WebAuthController - LOGIN-WEB Returned Model encrypted = {"Code":201,"Msg":"Your Username or Password are incorrect","TokenKey":null,"URLReturn":null,"Data":{"Id":0,"UserName":null,"Email":null,"FullName":null,"DisplayName":null,"Avatar":null,"PhoneNumber":null,"CreatedDateUtc":null,"TokenKey":null,"TokenCreatedDate":null,"TokenExpiredDate":null,"LoginDurations":0,"OTPType":null}}
2019-08-22 16:39:04,097 [11] DEBUG SingleSignOn.Controllers.WebAuthController - Ended LOGIN-WEB request
2019-08-22 16:39:08,213 [8] DEBUG SingleSignOn.Controllers.WebAuthController - Begin LOGIN-WEB request
2019-08-22 16:39:08,215 [15] DEBUG SingleSignOn.Controllers.WebAuthController - LOGIN-WEB Returned Model encrypted = {"Code":201,"Msg":"Your Username or Password are incorrect","TokenKey":null,"URLReturn":null,"Data":{"Id":0,"UserName":null,"Email":null,"FullName":null,"DisplayName":null,"Avatar":null,"PhoneNumber":null,"CreatedDateUtc":null,"TokenKey":null,"TokenCreatedDate":null,"TokenExpiredDate":null,"LoginDurations":0,"OTPType":null}}
2019-08-22 16:39:08,217 [15] DEBUG SingleSignOn.Controllers.WebAuthController - Ended LOGIN-WEB request
2019-08-22 16:39:12,395 [21] DEBUG SingleSignOn.Controllers.WebAuthController - Begin LOGIN-WEB request
2019-08-22 16:39:12,398 [11] DEBUG SingleSignOn.Controllers.WebAuthController - LOGIN-WEB Returned Model encrypted = {"Code":201,"Msg":"Your Username or Password are incorrect","TokenKey":null,"URLReturn":null,"Data":{"Id":0,"UserName":null,"Email":null,"FullName":null,"DisplayName":null,"Avatar":null,"PhoneNumber":null,"CreatedDateUtc":null,"TokenKey":null,"TokenCreatedDate":null,"TokenExpiredDate":null,"LoginDurations":0,"OTPType":null}}
2019-08-22 16:39:12,399 [11] DEBUG SingleSignOn.Controllers.WebAuthController - Ended LOGIN-WEB request
2019-08-22 16:39:20,994 [13] DEBUG SingleSignOn.Controllers.WebAuthController - Begin LOGIN-WEB request
2019-08-22 16:39:20,997 [21] DEBUG SingleSignOn.Controllers.WebAuthController - LOGIN-WEB Returned Model encrypted = {"Code":201,"Msg":"Your Username or Password are incorrect","TokenKey":null,"URLReturn":null,"Data":{"Id":0,"UserName":null,"Email":null,"FullName":null,"DisplayName":null,"Avatar":null,"PhoneNumber":null,"CreatedDateUtc":null,"TokenKey":null,"TokenCreatedDate":null,"TokenExpiredDate":null,"LoginDurations":0,"OTPType":null}}
2019-08-22 16:39:20,998 [21] DEBUG SingleSignOn.Controllers.WebAuthController - Ended LOGIN-WEB request
2019-08-22 16:39:25,556 [9] DEBUG SingleSignOn.Controllers.WebAuthController - Begin LOGIN-WEB request
2019-08-22 16:39:25,560 [10] DEBUG SingleSignOn.Controllers.WebAuthController - LOGIN-WEB Returned Model encrypted = {"Code":201,"Msg":"Your Username or Password are incorrect","TokenKey":null,"URLReturn":null,"Data":{"Id":0,"UserName":null,"Email":null,"FullName":null,"DisplayName":null,"Avatar":null,"PhoneNumber":null,"CreatedDateUtc":null,"TokenKey":null,"TokenCreatedDate":null,"TokenExpiredDate":null,"LoginDurations":0,"OTPType":null}}
2019-08-22 16:39:25,561 [10] DEBUG SingleSignOn.Controllers.WebAuthController - Ended LOGIN-WEB request
2019-08-22 16:39:37,082 [11] DEBUG SingleSignOn.Controllers.WebAuthController - Begin LOGIN-WEB request
2019-08-22 16:39:37,084 [13] DEBUG SingleSignOn.Controllers.WebAuthController - LOGIN-WEB Returned Model encrypted = {"Code":201,"Msg":"Your Username or Password are incorrect","TokenKey":null,"URLReturn":null,"Data":{"Id":0,"UserName":null,"Email":null,"FullName":null,"DisplayName":null,"Avatar":null,"PhoneNumber":null,"CreatedDateUtc":null,"TokenKey":null,"TokenCreatedDate":null,"TokenExpiredDate":null,"LoginDurations":0,"OTPType":null}}
2019-08-22 16:39:37,084 [13] DEBUG SingleSignOn.Controllers.WebAuthController - Ended LOGIN-WEB request
